[2021-11-06 20:56:02]: http://zszq.999886.cc/index/index/order [<html>
<head><title>301 Moved Permanently</title></head>
<body>
<center><h1>301 Moved Permanently</h1></center>
<hr><center>nginx</center>
</body>
</html>
]
[2021-11-06 20:56:02]: http://zszq.999886.cc/index/index/product [<html>
<head><title>301 Moved Permanently</title></head>
<body>
<center><h1>301 Moved Permanently</h1></center>
<hr><center>nginx</center>
</body>
</html>
]
[2021-11-06 20:56:02]: http://zszq.999886.cc/index/index/order [<html>
<head><title>301 Moved Permanently</title></head>
<body>
<center><h1>301 Moved Permanently</h1></center>
<hr><center>nginx</center>
</body>
</html>
]
[2021-11-06 20:56:02]: http://zszq.999886.cc/index/index/product [<html>
<head><title>301 Moved Permanently</title></head>
<body>
<center><h1>301 Moved Permanently</h1></center>
<hr><center>nginx</center>
</body>
</html>
]
[2021-11-06 20:56:03]: http://zszq.999886.cc/index/index/order [<html>
<head><title>301 Moved Permanently</title></head>
<body>
<center><h1>301 Moved Permanently</h1></center>
<hr><center>nginx</center>
</body>
</html>
]
[2021-11-06 20:56:03]: http://zszq.999886.cc/index/index/product [<html>
<head><title>301 Moved Permanently</title></head>
<body>
<center><h1>301 Moved Permanently</h1></center>
<hr><center>nginx</center>
</body>
</html>
]
[2021-11-06 20:56:03]: http://zszq.999886.cc/index/index/order [<html>
<head><title>301 Moved Permanently</title></head>
<body>
<center><h1>301 Moved Permanently</h1></center>
<hr><center>nginx</center>
</body>
</html>
]
[2021-11-06 20:56:03]: http://zszq.999886.cc/index/index/product [<html>
<head><title>301 Moved Permanently</title></head>
<body>
<center><h1>301 Moved Permanently</h1></center>
<hr><center>nginx</center>
</body>
</html>
]
[2021-11-06 20:56:04]: http://zszq.999886.cc/index/index/order [<html>
<head><title>301 Moved Permanently</title></head>
<body>
<center><h1>301 Moved Permanently</h1></center>
<hr><center>nginx</center>
</body>
</html>
]
[2021-11-06 20:56:04]: http://zszq.999886.cc/index/index/product [<html>
<head><title>301 Moved Permanently</title></head>
<body>
<center><h1>301 Moved Permanently</h1></center>
<hr><center>nginx</center>
</body>
</html>
]
[2021-11-06 20:56:04]: http://zszq.999886.cc/index/index/order [<html>
<head><title>301 Moved Permanently</title></head>
<body>
<center><h1>301 Moved Permanently</h1></center>
<hr><center>nginx</center>
</body>
</html>
]
[2021-11-06 20:56:04]: http://zszq.999886.cc/index/index/product [<html>
<head><title>301 Moved Permanently</title></head>
<body>
<center><h1>301 Moved Permanently</h1></center>
<hr><center>nginx</center>
</body>
</html>
]
[2021-11-06 20:56:05]: http://zszq.999886.cc/index/index/order [<html>
<head><title>301 Moved Permanently</title></head>
<body>
<center><h1>301 Moved Permanently</h1></center>
<hr><center>nginx</center>
</body>
</html>
]
[2021-11-06 20:56:05]: http://zszq.999886.cc/index/index/product [<html>
<head><title>301 Moved Permanently</title></head>
<body>
<center><h1>301 Moved Permanently</h1></center>
<hr><center>nginx</center>
</body>
</html>
]
[2021-11-06 20:56:05]: http://zszq.999886.cc/index/index/order [<html>
<head><title>301 Moved Permanently</title></head>
<body>
<center><h1>301 Moved Permanently</h1></center>
<hr><center>nginx</center>
</body>
</html>
]
[2021-11-06 20:56:05]: http://zszq.999886.cc/index/index/product [<html>
<head><title>301 Moved Permanently</title></head>
<body>
<center><h1>301 Moved Permanently</h1></center>
<hr><center>nginx</center>
</body>
</html>
]
[2021-11-06 20:56:06]: http://zszq.999886.cc/index/index/order [<html>
<head><title>301 Moved Permanently</title></head>
<body>
<center><h1>301 Moved Permanently</h1></center>
<hr><center>nginx</center>
</body>
</html>
]
[2021-11-06 20:56:06]: http://zszq.999886.cc/index/index/product [<html>
<head><title>301 Moved Permanently</title></head>
<body>
<center><h1>301 Moved Permanently</h1></center>
<hr><center>nginx</center>
</body>
</html>
]
[2021-11-06 20:56:06]: http://zszq.999886.cc/index/index/order [<html>
<head><title>301 Moved Permanently</title></head>
<body>
<center><h1>301 Moved Permanently</h1></center>
<hr><center>nginx</center>
</body>
</html>
]
[2021-11-06 20:56:06]: http://zszq.999886.cc/index/index/product [<html>
<head><title>301 Moved Permanently</title></head>
<body>
<center><h1>301 Moved Permanently</h1></center>
<hr><center>nginx</center>
</body>
</html>
]
[2021-11-06 20:56:06]: http://zszq.999886.cc/index/index/order [<html>
<head><title>301 Moved Permanently</title></head>
<body>
<center><h1>301 Moved Permanently</h1></center>
<hr><center>nginx</center>
</body>
</html>
]
[2021-11-06 20:56:07]: http://zszq.999886.cc/index/index/product [<html>
<head><title>301 Moved Permanently</title></head>
<body>
<center><h1>301 Moved Permanently</h1></center>
<hr><center>nginx</center>
</body>
</html>
]
[2021-11-06 20:56:07]: http://zszq.999886.cc/index/index/order [<html>
<head><title>301 Moved Permanently</title></head>
<body>
<center><h1>301 Moved Permanently</h1></center>
<hr><center>nginx</center>
</body>
</html>
]
[2021-11-06 20:56:07]: http://zszq.999886.cc/index/index/product [<html>
<head><title>301 Moved Permanently</title></head>
<body>
<center><h1>301 Moved Permanently</h1></center>
<hr><center>nginx</center>
</body>
</html>
]
[2021-11-06 20:56:07]: http://zszq.999886.cc/index/index/order [<html>
<head><title>301 Moved Permanently</title></head>
<body>
<center><h1>301 Moved Permanently</h1></center>
<hr><center>nginx</center>
</body>
</html>
]
[2021-11-06 20:56:08]: http://zszq.999886.cc/index/index/product [<html>
<head><title>301 Moved Permanently</title></head>
<body>
<center><h1>301 Moved Permanently</h1></center>
<hr><center>nginx</center>
</body>
</html>
]
[2021-11-06 20:56:08]: http://zszq.999886.cc/index/index/order [<html>
<head><title>301 Moved Permanently</title></head>
<body>
<center><h1>301 Moved Permanently</h1></center>
<hr><center>nginx</center>
</body>
</html>
]
[2021-11-06 20:56:08]: http://zszq.999886.cc/index/index/product [<html>
<head><title>301 Moved Permanently</title></head>
<body>
<center><h1>301 Moved Permanently</h1></center>
<hr><center>nginx</center>
</body>
</html>
]
[2021-11-06 20:56:08]: http://zszq.999886.cc/index/index/order [<html>
<head><title>301 Moved Permanently</title></head>
<body>
<center><h1>301 Moved Permanently</h1></center>
<hr><center>nginx</center>
</body>
</html>
]
[2021-11-06 20:56:09]: http://zszq.999886.cc/index/index/product [<html>
<head><title>301 Moved Permanently</title></head>
<body>
<center><h1>301 Moved Permanently</h1></center>
<hr><center>nginx</center>
</body>
</html>
]
[2021-11-06 20:56:09]: http://zszq.999886.cc/index/index/order [<html>
<head><title>301 Moved Permanently</title></head>
<body>
<center><h1>301 Moved Permanently</h1></center>
<hr><center>nginx</center>
</body>
</html>
]
[2021-11-06 20:56:09]: http://zszq.999886.cc/index/index/product [<html>
<head><title>301 Moved Permanently</title></head>
<body>
<center><h1>301 Moved Permanently</h1></center>
<hr><center>nginx</center>
</body>
</html>
]
[2021-11-06 20:56:09]: http://zszq.999886.cc/index/index/order [<html>
<head><title>301 Moved Permanently</title></head>
<body>
<center><h1>301 Moved Permanently</h1></center>
<hr><center>nginx</center>
</body>
</html>
]
[2021-11-06 20:56:09]: http://zszq.999886.cc/index/index/product [<html>
<head><title>301 Moved Permanently</title></head>
<body>
<center><h1>301 Moved Permanently</h1></center>
<hr><center>nginx</center>
</body>
</html>
]
[2021-11-06 20:56:10]: http://zszq.999886.cc/index/index/order [<html>
<head><title>301 Moved Permanently</title></head>
<body>
<center><h1>301 Moved Permanently</h1></center>
<hr><center>nginx</center>
</body>
</html>
]
[2021-11-06 20:56:10]: http://zszq.999886.cc/index/index/product [<html>
<head><title>301 Moved Permanently</title></head>
<body>
<center><h1>301 Moved Permanently</h1></center>
<hr><center>nginx</center>
</body>
</html>
]
[2021-11-06 20:56:10]: http://zszq.999886.cc/index/index/order [<html>
<head><title>301 Moved Permanently</title></head>
<body>
<center><h1>301 Moved Permanently</h1></center>
<hr><center>nginx</center>
</body>
</html>
]
[2021-11-06 20:56:10]: http://zszq.999886.cc/index/index/product [<html>
<head><title>301 Moved Permanently</title></head>
<body>
<center><h1>301 Moved Permanently</h1></center>
<hr><center>nginx</center>
</body>
</html>
]
[2021-11-06 20:56:11]: http://zszq.999886.cc/index/index/order [<html>
<head><title>301 Moved Permanently</title></head>
<body>
<center><h1>301 Moved Permanently</h1></center>
<hr><center>nginx</center>
</body>
</html>
]
[2021-11-06 20:56:11]: http://zszq.999886.cc/index/index/product [<html>
<head><title>301 Moved Permanently</title></head>
<body>
<center><h1>301 Moved Permanently</h1></center>
<hr><center>nginx</center>
</body>
</html>
]
[2021-11-06 20:56:11]: http://zszq.999886.cc/index/index/order [<html>
<head><title>301 Moved Permanently</title></head>
<body>
<center><h1>301 Moved Permanently</h1></center>
<hr><center>nginx</center>
</body>
</html>
]
[2021-11-06 20:56:11]: http://zszq.999886.cc/index/index/product [<html>
<head><title>301 Moved Permanently</title></head>
<body>
<center><h1>301 Moved Permanently</h1></center>
<hr><center>nginx</center>
</body>
</html>
]
[2021-11-06 20:56:12]: http://zszq.999886.cc/index/index/order [<html>
<head><title>301 Moved Permanently</title></head>
<body>
<center><h1>301 Moved Permanently</h1></center>
<hr><center>nginx</center>
</body>
</html>
]
[2021-11-06 20:56:12]: http://zszq.999886.cc/index/index/product [<html>
<head><title>301 Moved Permanently</title></head>
<body>
<center><h1>301 Moved Permanently</h1></center>
<hr><center>nginx</center>
</body>
</html>
]
[2021-11-06 20:56:12]: http://zszq.999886.cc/index/index/order [<html>
<head><title>301 Moved Permanently</title></head>
<body>
<center><h1>301 Moved Permanently</h1></center>
<hr><center>nginx</center>
</body>
</html>
]
[2021-11-06 20:56:12]: http://zszq.999886.cc/index/index/product [<html>
<head><title>301 Moved Permanently</title></head>
<body>
<center><h1>301 Moved Permanently</h1></center>
<hr><center>nginx</center>
</body>
</html>
]
[2021-11-06 20:56:13]: http://zszq.999886.cc/index/index/order [<html>
<head><title>301 Moved Permanently</title></head>
<body>
<center><h1>301 Moved Permanently</h1></center>
<hr><center>nginx</center>
</body>
</html>
]
[2021-11-06 20:56:13]: http://zszq.999886.cc/index/index/product [<html>
<head><title>301 Moved Permanently</title></head>
<body>
<center><h1>301 Moved Permanently</h1></center>
<hr><center>nginx</center>
</body>
</html>
]
[2021-11-06 20:56:13]: http://zszq.999886.cc/index/index/order [<html>
<head><title>301 Moved Permanently</title></head>
<body>
<center><h1>301 Moved Permanently</h1></center>
<hr><center>nginx</center>
</body>
</html>
]
[2021-11-06 20:56:13]: http://zszq.999886.cc/index/index/product [<html>
<head><title>301 Moved Permanently</title></head>
<body>
<center><h1>301 Moved Permanently</h1></center>
<hr><center>nginx</center>
</body>
</html>
]
[2021-11-06 20:56:14]: http://zszq.999886.cc/index/index/order [<html>
<head><title>301 Moved Permanently</title></head>
<body>
<center><h1>301 Moved Permanently</h1></center>
<hr><center>nginx</center>
</body>
</html>
]
[2021-11-06 20:56:14]: http://zszq.999886.cc/index/index/product [<html>
<head><title>301 Moved Permanently</title></head>
<body>
<center><h1>301 Moved Permanently</h1></center>
<hr><center>nginx</center>
</body>
</html>
]
[2021-11-06 20:56:14]: http://zszq.999886.cc/index/index/order [<html>
<head><title>301 Moved Permanently</title></head>
<body>
<center><h1>301 Moved Permanently</h1></center>
<hr><center>nginx</center>
</body>
</html>
]
[2021-11-06 20:56:14]: http://zszq.999886.cc/index/index/product [<html>
<head><title>301 Moved Permanently</title></head>
<body>
<center><h1>301 Moved Permanently</h1></center>
<hr><center>nginx</center>
</body>
</html>
]
[2021-11-06 20:56:14]: http://zszq.999886.cc/index/index/order [<html>
<head><title>301 Moved Permanently</title></head>
<body>
<center><h1>301 Moved Permanently</h1></center>
<hr><center>nginx</center>
</body>
</html>
]
[2021-11-06 20:56:15]: http://zszq.999886.cc/index/index/product [<html>
<head><title>301 Moved Permanently</title></head>
<body>
<center><h1>301 Moved Permanently</h1></center>
<hr><center>nginx</center>
</body>
</html>
]
[2021-11-06 20:56:15]: http://zszq.999886.cc/index/index/order [<html>
<head><title>301 Moved Permanently</title></head>
<body>
<center><h1>301 Moved Permanently</h1></center>
<hr><center>nginx</center>
</body>
</html>
]
[2021-11-06 20:56:15]: http://zszq.999886.cc/index/index/product [<html>
<head><title>301 Moved Permanently</title></head>
<body>
<center><h1>301 Moved Permanently</h1></center>
<hr><center>nginx</center>
</body>
</html>
]
[2021-11-06 20:56:15]: http://zszq.999886.cc/index/index/order [<html>
<head><title>301 Moved Permanently</title></head>
<body>
<center><h1>301 Moved Permanently</h1></center>
<hr><center>nginx</center>
</body>
</html>
]
[2021-11-06 20:56:16]: http://zszq.999886.cc/index/index/product [<html>
<head><title>301 Moved Permanently</title></head>
<body>
<center><h1>301 Moved Permanently</h1></center>
<hr><center>nginx</center>
</body>
</html>
]
[2021-11-06 20:56:16]: http://zszq.999886.cc/index/index/order [<html>
<head><title>301 Moved Permanently</title></head>
<body>
<center><h1>301 Moved Permanently</h1></center>
<hr><center>nginx</center>
</body>
</html>
]
[2021-11-06 20:56:16]: http://zszq.999886.cc/index/index/product [<html>
<head><title>301 Moved Permanently</title></head>
<body>
<center><h1>301 Moved Permanently</h1></center>
<hr><center>nginx</center>
</body>
</html>
]
[2021-11-06 20:56:16]: http://zszq.999886.cc/index/index/order [<html>
<head><title>301 Moved Permanently</title></head>
<body>
<center><h1>301 Moved Permanently</h1></center>
<hr><center>nginx</center>
</body>
</html>
]
[2021-11-06 20:56:17]: http://zszq.999886.cc/index/index/product [<html>
<head><title>301 Moved Permanently</title></head>
<body>
<center><h1>301 Moved Permanently</h1></center>
<hr><center>nginx</center>
</body>
</html>
]
[2021-11-06 20:56:17]: http://zszq.999886.cc/index/index/order [<html>
<head><title>301 Moved Permanently</title></head>
<body>
<center><h1>301 Moved Permanently</h1></center>
<hr><center>nginx</center>
</body>
</html>
]
[2021-11-06 20:56:17]: http://zszq.999886.cc/index/index/product [<html>
<head><title>301 Moved Permanently</title></head>
<body>
<center><h1>301 Moved Permanently</h1></center>
<hr><center>nginx</center>
</body>
</html>
]
[2021-11-06 20:56:17]: http://zszq.999886.cc/index/index/order [<html>
<head><title>301 Moved Permanently</title></head>
<body>
<center><h1>301 Moved Permanently</h1></center>
<hr><center>nginx</center>
</body>
</html>
]
[2021-11-06 20:56:17]: http://zszq.999886.cc/index/index/product [<html>
<head><title>301 Moved Permanently</title></head>
<body>
<center><h1>301 Moved Permanently</h1></center>
<hr><center>nginx</center>
</body>
</html>
]
[2021-11-06 20:56:18]: http://zszq.999886.cc/index/index/order [<html>
<head><title>301 Moved Permanently</title></head>
<body>
<center><h1>301 Moved Permanently</h1></center>
<hr><center>nginx</center>
</body>
</html>
]
[2021-11-06 20:56:18]: http://zszq.999886.cc/index/index/product [<html>
<head><title>301 Moved Permanently</title></head>
<body>
<center><h1>301 Moved Permanently</h1></center>
<hr><center>nginx</center>
</body>
</html>
]
[2021-11-06 20:56:18]: http://zszq.999886.cc/index/index/order [<html>
<head><title>301 Moved Permanently</title></head>
<body>
<center><h1>301 Moved Permanently</h1></center>
<hr><center>nginx</center>
</body>
</html>
]
[2021-11-06 20:56:18]: http://zszq.999886.cc/index/index/product [<html>
<head><title>301 Moved Permanently</title></head>
<body>
<center><h1>301 Moved Permanently</h1></center>
<hr><center>nginx</center>
</body>
</html>
]
[2021-11-06 20:56:19]: http://zszq.999886.cc/index/index/order [<html>
<head><title>301 Moved Permanently</title></head>
<body>
<center><h1>301 Moved Permanently</h1></center>
<hr><center>nginx</center>
</body>
</html>
]
[2021-11-06 20:56:19]: http://zszq.999886.cc/index/index/product [<html>
<head><title>301 Moved Permanently</title></head>
<body>
<center><h1>301 Moved Permanently</h1></center>
<hr><center>nginx</center>
</body>
</html>
]
[2021-11-06 20:56:19]: http://zszq.999886.cc/index/index/order [<html>
<head><title>301 Moved Permanently</title></head>
<body>
<center><h1>301 Moved Permanently</h1></center>
<hr><center>nginx</center>
</body>
</html>
]
[2021-11-06 20:56:19]: http://zszq.999886.cc/index/index/product [<html>
<head><title>301 Moved Permanently</title></head>
<body>
<center><h1>301 Moved Permanently</h1></center>
<hr><center>nginx</center>
</body>
</html>
]
[2021-11-06 20:56:20]: http://zszq.999886.cc/index/index/order [<html>
<head><title>301 Moved Permanently</title></head>
<body>
<center><h1>301 Moved Permanently</h1></center>
<hr><center>nginx</center>
</body>
</html>
]
[2021-11-06 20:56:20]: http://zszq.999886.cc/index/index/product [<html>
<head><title>301 Moved Permanently</title></head>
<body>
<center><h1>301 Moved Permanently</h1></center>
<hr><center>nginx</center>
</body>
</html>
]
[2021-11-06 20:56:20]: http://zszq.999886.cc/index/index/order [<html>
<head><title>301 Moved Permanently</title></head>
<body>
<center><h1>301 Moved Permanently</h1></center>
<hr><center>nginx</center>
</body>
</html>
]
[2021-11-06 20:56:20]: http://zszq.999886.cc/index/index/product [<html>
<head><title>301 Moved Permanently</title></head>
<body>
<center><h1>301 Moved Permanently</h1></center>
<hr><center>nginx</center>
</body>
</html>
]
[2021-11-06 20:56:21]: http://zszq.999886.cc/index/index/order []
[2021-11-06 20:56:21]: http://zszq.999886.cc/index/index/product []
[2021-11-06 20:56:21]: http://zszq.999886.cc/index/index/order []
[2021-11-06 20:56:21]: http://zszq.999886.cc/index/index/product []
[2021-11-06 20:56:21]: http://zszq.999886.cc/index/index/order []
[2021-11-06 20:56:22]: http://zszq.999886.cc/index/index/product []
[2021-11-06 20:56:22]: http://zszq.999886.cc/index/index/order []
[2021-11-06 20:56:22]: http://zszq.999886.cc/index/index/product []
[2021-11-06 20:56:22]: http://zszq.999886.cc/index/index/order []
[2021-11-06 20:56:23]: http://zszq.999886.cc/index/index/product []
[2021-11-06 20:56:23]: http://zszq.999886.cc/index/index/order []
[2021-11-06 20:56:23]: http://zszq.999886.cc/index/index/product []
[2021-11-06 20:56:23]: http://zszq.999886.cc/index/index/order []
[2021-11-06 20:56:24]: http://zszq.999886.cc/index/index/product []
[2021-11-06 20:56:24]: http://zszq.999886.cc/index/index/order []
[2021-11-06 20:56:24]: http://zszq.999886.cc/index/index/product []
[2021-11-06 20:56:24]: http://zszq.999886.cc/index/index/order []
[2021-11-06 20:56:25]: http://zszq.999886.cc/index/index/product []
[2021-11-06 20:56:25]: http://zszq.999886.cc/index/index/order []
[2021-11-06 20:56:25]: http://zszq.999886.cc/index/index/product []
