[2021-11-20 23:35:01]: http://zszq1.me/index/index/order [<html>
<head><title>301 Moved Permanently</title></head>
<body>
<center><h1>301 Moved Permanently</h1></center>
<hr><center>nginx</center>
</body>
</html>
]
[2021-11-20 23:35:02]: http://zszq1.me/index/index/product [<html>
<head><title>301 Moved Permanently</title></head>
<body>
<center><h1>301 Moved Permanently</h1></center>
<hr><center>nginx</center>
</body>
</html>
]
[2021-11-20 23:35:02]: http://zszq1.me/index/index/order [<html>
<head><title>301 Moved Permanently</title></head>
<body>
<center><h1>301 Moved Permanently</h1></center>
<hr><center>nginx</center>
</body>
</html>
]
[2021-11-20 23:35:02]: http://zszq1.me/index/index/product [<html>
<head><title>301 Moved Permanently</title></head>
<body>
<center><h1>301 Moved Permanently</h1></center>
<hr><center>nginx</center>
</body>
</html>
]
[2021-11-20 23:35:02]: http://zszq1.me/index/index/order [<html>
<head><title>301 Moved Permanently</title></head>
<body>
<center><h1>301 Moved Permanently</h1></center>
<hr><center>nginx</center>
</body>
</html>
]
[2021-11-20 23:35:02]: http://zszq1.me/index/index/product [<html>
<head><title>301 Moved Permanently</title></head>
<body>
<center><h1>301 Moved Permanently</h1></center>
<hr><center>nginx</center>
</body>
</html>
]
[2021-11-20 23:35:03]: http://zszq1.me/index/index/order [<html>
<head><title>301 Moved Permanently</title></head>
<body>
<center><h1>301 Moved Permanently</h1></center>
<hr><center>nginx</center>
</body>
</html>
]
[2021-11-20 23:35:03]: http://zszq1.me/index/index/product [<html>
<head><title>301 Moved Permanently</title></head>
<body>
<center><h1>301 Moved Permanently</h1></center>
<hr><center>nginx</center>
</body>
</html>
]
[2021-11-20 23:35:03]: http://zszq1.me/index/index/order [<html>
<head><title>301 Moved Permanently</title></head>
<body>
<center><h1>301 Moved Permanently</h1></center>
<hr><center>nginx</center>
</body>
</html>
]
[2021-11-20 23:35:03]: http://zszq1.me/index/index/product [<html>
<head><title>301 Moved Permanently</title></head>
<body>
<center><h1>301 Moved Permanently</h1></center>
<hr><center>nginx</center>
</body>
</html>
]
[2021-11-20 23:35:04]: http://zszq1.me/index/index/order [<html>
<head><title>301 Moved Permanently</title></head>
<body>
<center><h1>301 Moved Permanently</h1></center>
<hr><center>nginx</center>
</body>
</html>
]
[2021-11-20 23:35:04]: http://zszq1.me/index/index/product [<html>
<head><title>301 Moved Permanently</title></head>
<body>
<center><h1>301 Moved Permanently</h1></center>
<hr><center>nginx</center>
</body>
</html>
]
[2021-11-20 23:35:04]: http://zszq1.me/index/index/order [<html>
<head><title>301 Moved Permanently</title></head>
<body>
<center><h1>301 Moved Permanently</h1></center>
<hr><center>nginx</center>
</body>
</html>
]
[2021-11-20 23:35:04]: http://zszq1.me/index/index/product [<html>
<head><title>301 Moved Permanently</title></head>
<body>
<center><h1>301 Moved Permanently</h1></center>
<hr><center>nginx</center>
</body>
</html>
]
[2021-11-20 23:35:05]: http://zszq1.me/index/index/order [<html>
<head><title>301 Moved Permanently</title></head>
<body>
<center><h1>301 Moved Permanently</h1></center>
<hr><center>nginx</center>
</body>
</html>
]
[2021-11-20 23:35:05]: http://zszq1.me/index/index/product [<html>
<head><title>301 Moved Permanently</title></head>
<body>
<center><h1>301 Moved Permanently</h1></center>
<hr><center>nginx</center>
</body>
</html>
]
[2021-11-20 23:35:05]: http://zszq1.me/index/index/order [<html>
<head><title>301 Moved Permanently</title></head>
<body>
<center><h1>301 Moved Permanently</h1></center>
<hr><center>nginx</center>
</body>
</html>
]
[2021-11-20 23:35:05]: http://zszq1.me/index/index/product [<html>
<head><title>301 Moved Permanently</title></head>
<body>
<center><h1>301 Moved Permanently</h1></center>
<hr><center>nginx</center>
</body>
</html>
]
[2021-11-20 23:35:05]: http://zszq1.me/index/index/order [<html>
<head><title>301 Moved Permanently</title></head>
<body>
<center><h1>301 Moved Permanently</h1></center>
<hr><center>nginx</center>
</body>
</html>
]
[2021-11-20 23:35:06]: http://zszq1.me/index/index/product [<html>
<head><title>301 Moved Permanently</title></head>
<body>
<center><h1>301 Moved Permanently</h1></center>
<hr><center>nginx</center>
</body>
</html>
]
[2021-11-20 23:35:06]: http://zszq1.me/index/index/order [<html>
<head><title>301 Moved Permanently</title></head>
<body>
<center><h1>301 Moved Permanently</h1></center>
<hr><center>nginx</center>
</body>
</html>
]
[2021-11-20 23:35:06]: http://zszq1.me/index/index/product [<html>
<head><title>301 Moved Permanently</title></head>
<body>
<center><h1>301 Moved Permanently</h1></center>
<hr><center>nginx</center>
</body>
</html>
]
[2021-11-20 23:35:06]: http://zszq1.me/index/index/order [<html>
<head><title>301 Moved Permanently</title></head>
<body>
<center><h1>301 Moved Permanently</h1></center>
<hr><center>nginx</center>
</body>
</html>
]
[2021-11-20 23:35:07]: http://zszq1.me/index/index/product [<html>
<head><title>301 Moved Permanently</title></head>
<body>
<center><h1>301 Moved Permanently</h1></center>
<hr><center>nginx</center>
</body>
</html>
]
[2021-11-20 23:35:07]: http://zszq1.me/index/index/order [<html>
<head><title>301 Moved Permanently</title></head>
<body>
<center><h1>301 Moved Permanently</h1></center>
<hr><center>nginx</center>
</body>
</html>
]
[2021-11-20 23:35:07]: http://zszq1.me/index/index/product [<html>
<head><title>301 Moved Permanently</title></head>
<body>
<center><h1>301 Moved Permanently</h1></center>
<hr><center>nginx</center>
</body>
</html>
]
[2021-11-20 23:35:07]: http://zszq1.me/index/index/order [<html>
<head><title>301 Moved Permanently</title></head>
<body>
<center><h1>301 Moved Permanently</h1></center>
<hr><center>nginx</center>
</body>
</html>
]
[2021-11-20 23:35:08]: http://zszq1.me/index/index/product [<html>
<head><title>301 Moved Permanently</title></head>
<body>
<center><h1>301 Moved Permanently</h1></center>
<hr><center>nginx</center>
</body>
</html>
]
[2021-11-20 23:35:08]: http://zszq1.me/index/index/order [<html>
<head><title>301 Moved Permanently</title></head>
<body>
<center><h1>301 Moved Permanently</h1></center>
<hr><center>nginx</center>
</body>
</html>
]
[2021-11-20 23:35:08]: http://zszq1.me/index/index/product [<html>
<head><title>301 Moved Permanently</title></head>
<body>
<center><h1>301 Moved Permanently</h1></center>
<hr><center>nginx</center>
</body>
</html>
]
[2021-11-20 23:35:08]: http://zszq1.me/index/index/order [<html>
<head><title>301 Moved Permanently</title></head>
<body>
<center><h1>301 Moved Permanently</h1></center>
<hr><center>nginx</center>
</body>
</html>
]
[2021-11-20 23:35:09]: http://zszq1.me/index/index/product [<html>
<head><title>301 Moved Permanently</title></head>
<body>
<center><h1>301 Moved Permanently</h1></center>
<hr><center>nginx</center>
</body>
</html>
]
[2021-11-20 23:35:09]: http://zszq1.me/index/index/order [<html>
<head><title>301 Moved Permanently</title></head>
<body>
<center><h1>301 Moved Permanently</h1></center>
<hr><center>nginx</center>
</body>
</html>
]
[2021-11-20 23:35:09]: http://zszq1.me/index/index/product [<html>
<head><title>301 Moved Permanently</title></head>
<body>
<center><h1>301 Moved Permanently</h1></center>
<hr><center>nginx</center>
</body>
</html>
]
[2021-11-20 23:35:09]: http://zszq1.me/index/index/order [<html>
<head><title>301 Moved Permanently</title></head>
<body>
<center><h1>301 Moved Permanently</h1></center>
<hr><center>nginx</center>
</body>
</html>
]
[2021-11-20 23:35:09]: http://zszq1.me/index/index/product [<html>
<head><title>301 Moved Permanently</title></head>
<body>
<center><h1>301 Moved Permanently</h1></center>
<hr><center>nginx</center>
</body>
</html>
]
[2021-11-20 23:35:10]: http://zszq1.me/index/index/order [<html>
<head><title>301 Moved Permanently</title></head>
<body>
<center><h1>301 Moved Permanently</h1></center>
<hr><center>nginx</center>
</body>
</html>
]
[2021-11-20 23:35:10]: http://zszq1.me/index/index/product [<html>
<head><title>301 Moved Permanently</title></head>
<body>
<center><h1>301 Moved Permanently</h1></center>
<hr><center>nginx</center>
</body>
</html>
]
[2021-11-20 23:35:10]: http://zszq1.me/index/index/order [<html>
<head><title>301 Moved Permanently</title></head>
<body>
<center><h1>301 Moved Permanently</h1></center>
<hr><center>nginx</center>
</body>
</html>
]
[2021-11-20 23:35:10]: http://zszq1.me/index/index/product [<html>
<head><title>301 Moved Permanently</title></head>
<body>
<center><h1>301 Moved Permanently</h1></center>
<hr><center>nginx</center>
</body>
</html>
]
[2021-11-20 23:35:11]: http://zszq1.me/index/index/order [<html>
<head><title>301 Moved Permanently</title></head>
<body>
<center><h1>301 Moved Permanently</h1></center>
<hr><center>nginx</center>
</body>
</html>
]
[2021-11-20 23:35:11]: http://zszq1.me/index/index/product [<html>
<head><title>301 Moved Permanently</title></head>
<body>
<center><h1>301 Moved Permanently</h1></center>
<hr><center>nginx</center>
</body>
</html>
]
[2021-11-20 23:35:11]: http://zszq1.me/index/index/order [<html>
<head><title>301 Moved Permanently</title></head>
<body>
<center><h1>301 Moved Permanently</h1></center>
<hr><center>nginx</center>
</body>
</html>
]
[2021-11-20 23:35:11]: http://zszq1.me/index/index/product [<html>
<head><title>301 Moved Permanently</title></head>
<body>
<center><h1>301 Moved Permanently</h1></center>
<hr><center>nginx</center>
</body>
</html>
]
[2021-11-20 23:35:12]: http://zszq1.me/index/index/order [<html>
<head><title>301 Moved Permanently</title></head>
<body>
<center><h1>301 Moved Permanently</h1></center>
<hr><center>nginx</center>
</body>
</html>
]
[2021-11-20 23:35:12]: http://zszq1.me/index/index/product [<html>
<head><title>301 Moved Permanently</title></head>
<body>
<center><h1>301 Moved Permanently</h1></center>
<hr><center>nginx</center>
</body>
</html>
]
[2021-11-20 23:35:12]: http://zszq1.me/index/index/order [<html>
<head><title>301 Moved Permanently</title></head>
<body>
<center><h1>301 Moved Permanently</h1></center>
<hr><center>nginx</center>
</body>
</html>
]
[2021-11-20 23:35:12]: http://zszq1.me/index/index/product [<html>
<head><title>301 Moved Permanently</title></head>
<body>
<center><h1>301 Moved Permanently</h1></center>
<hr><center>nginx</center>
</body>
</html>
]
[2021-11-20 23:35:13]: http://zszq1.me/index/index/order [<html>
<head><title>301 Moved Permanently</title></head>
<body>
<center><h1>301 Moved Permanently</h1></center>
<hr><center>nginx</center>
</body>
</html>
]
[2021-11-20 23:35:13]: http://zszq1.me/index/index/product [<html>
<head><title>301 Moved Permanently</title></head>
<body>
<center><h1>301 Moved Permanently</h1></center>
<hr><center>nginx</center>
</body>
</html>
]
[2021-11-20 23:35:13]: http://zszq1.me/index/index/order [<html>
<head><title>301 Moved Permanently</title></head>
<body>
<center><h1>301 Moved Permanently</h1></center>
<hr><center>nginx</center>
</body>
</html>
]
[2021-11-20 23:35:13]: http://zszq1.me/index/index/product [<html>
<head><title>301 Moved Permanently</title></head>
<body>
<center><h1>301 Moved Permanently</h1></center>
<hr><center>nginx</center>
</body>
</html>
]
[2021-11-20 23:35:13]: http://zszq1.me/index/index/order [<html>
<head><title>301 Moved Permanently</title></head>
<body>
<center><h1>301 Moved Permanently</h1></center>
<hr><center>nginx</center>
</body>
</html>
]
[2021-11-20 23:35:14]: http://zszq1.me/index/index/product [<html>
<head><title>301 Moved Permanently</title></head>
<body>
<center><h1>301 Moved Permanently</h1></center>
<hr><center>nginx</center>
</body>
</html>
]
[2021-11-20 23:35:14]: http://zszq1.me/index/index/order [<html>
<head><title>301 Moved Permanently</title></head>
<body>
<center><h1>301 Moved Permanently</h1></center>
<hr><center>nginx</center>
</body>
</html>
]
[2021-11-20 23:35:14]: http://zszq1.me/index/index/product [<html>
<head><title>301 Moved Permanently</title></head>
<body>
<center><h1>301 Moved Permanently</h1></center>
<hr><center>nginx</center>
</body>
</html>
]
[2021-11-20 23:35:14]: http://zszq1.me/index/index/order [<html>
<head><title>301 Moved Permanently</title></head>
<body>
<center><h1>301 Moved Permanently</h1></center>
<hr><center>nginx</center>
</body>
</html>
]
[2021-11-20 23:35:15]: http://zszq1.me/index/index/product [<html>
<head><title>301 Moved Permanently</title></head>
<body>
<center><h1>301 Moved Permanently</h1></center>
<hr><center>nginx</center>
</body>
</html>
]
[2021-11-20 23:35:15]: http://zszq1.me/index/index/order [<html>
<head><title>301 Moved Permanently</title></head>
<body>
<center><h1>301 Moved Permanently</h1></center>
<hr><center>nginx</center>
</body>
</html>
]
[2021-11-20 23:35:15]: http://zszq1.me/index/index/product [<html>
<head><title>301 Moved Permanently</title></head>
<body>
<center><h1>301 Moved Permanently</h1></center>
<hr><center>nginx</center>
</body>
</html>
]
[2021-11-20 23:35:15]: http://zszq1.me/index/index/order [<html>
<head><title>301 Moved Permanently</title></head>
<body>
<center><h1>301 Moved Permanently</h1></center>
<hr><center>nginx</center>
</body>
</html>
]
[2021-11-20 23:35:16]: http://zszq1.me/index/index/product [<html>
<head><title>301 Moved Permanently</title></head>
<body>
<center><h1>301 Moved Permanently</h1></center>
<hr><center>nginx</center>
</body>
</html>
]
[2021-11-20 23:35:16]: http://zszq1.me/index/index/order [<html>
<head><title>301 Moved Permanently</title></head>
<body>
<center><h1>301 Moved Permanently</h1></center>
<hr><center>nginx</center>
</body>
</html>
]
[2021-11-20 23:35:16]: http://zszq1.me/index/index/product [<html>
<head><title>301 Moved Permanently</title></head>
<body>
<center><h1>301 Moved Permanently</h1></center>
<hr><center>nginx</center>
</body>
</html>
]
[2021-11-20 23:35:16]: http://zszq1.me/index/index/order [<html>
<head><title>301 Moved Permanently</title></head>
<body>
<center><h1>301 Moved Permanently</h1></center>
<hr><center>nginx</center>
</body>
</html>
]
[2021-11-20 23:35:16]: http://zszq1.me/index/index/product [<html>
<head><title>301 Moved Permanently</title></head>
<body>
<center><h1>301 Moved Permanently</h1></center>
<hr><center>nginx</center>
</body>
</html>
]
[2021-11-20 23:35:17]: http://zszq1.me/index/index/order [<html>
<head><title>301 Moved Permanently</title></head>
<body>
<center><h1>301 Moved Permanently</h1></center>
<hr><center>nginx</center>
</body>
</html>
]
[2021-11-20 23:35:17]: http://zszq1.me/index/index/product [<html>
<head><title>301 Moved Permanently</title></head>
<body>
<center><h1>301 Moved Permanently</h1></center>
<hr><center>nginx</center>
</body>
</html>
]
[2021-11-20 23:35:17]: http://zszq1.me/index/index/order [<html>
<head><title>301 Moved Permanently</title></head>
<body>
<center><h1>301 Moved Permanently</h1></center>
<hr><center>nginx</center>
</body>
</html>
]
[2021-11-20 23:35:17]: http://zszq1.me/index/index/product [<html>
<head><title>301 Moved Permanently</title></head>
<body>
<center><h1>301 Moved Permanently</h1></center>
<hr><center>nginx</center>
</body>
</html>
]
[2021-11-20 23:35:18]: http://zszq1.me/index/index/order [<html>
<head><title>301 Moved Permanently</title></head>
<body>
<center><h1>301 Moved Permanently</h1></center>
<hr><center>nginx</center>
</body>
</html>
]
[2021-11-20 23:35:18]: http://zszq1.me/index/index/product [<html>
<head><title>301 Moved Permanently</title></head>
<body>
<center><h1>301 Moved Permanently</h1></center>
<hr><center>nginx</center>
</body>
</html>
]
[2021-11-20 23:35:18]: http://zszq1.me/index/index/order [<html>
<head><title>301 Moved Permanently</title></head>
<body>
<center><h1>301 Moved Permanently</h1></center>
<hr><center>nginx</center>
</body>
</html>
]
[2021-11-20 23:35:18]: http://zszq1.me/index/index/product [<html>
<head><title>301 Moved Permanently</title></head>
<body>
<center><h1>301 Moved Permanently</h1></center>
<hr><center>nginx</center>
</body>
</html>
]
[2021-11-20 23:35:19]: http://zszq1.me/index/index/order [<html>
<head><title>301 Moved Permanently</title></head>
<body>
<center><h1>301 Moved Permanently</h1></center>
<hr><center>nginx</center>
</body>
</html>
]
[2021-11-20 23:35:19]: http://zszq1.me/index/index/product [<html>
<head><title>301 Moved Permanently</title></head>
<body>
<center><h1>301 Moved Permanently</h1></center>
<hr><center>nginx</center>
</body>
</html>
]
[2021-11-20 23:35:19]: http://zszq1.me/index/index/order [<html>
<head><title>301 Moved Permanently</title></head>
<body>
<center><h1>301 Moved Permanently</h1></center>
<hr><center>nginx</center>
</body>
</html>
]
[2021-11-20 23:35:19]: http://zszq1.me/index/index/product [<html>
<head><title>301 Moved Permanently</title></head>
<body>
<center><h1>301 Moved Permanently</h1></center>
<hr><center>nginx</center>
</body>
</html>
]
[2021-11-20 23:35:20]: http://zszq1.me/index/index/order [<html>
<head><title>301 Moved Permanently</title></head>
<body>
<center><h1>301 Moved Permanently</h1></center>
<hr><center>nginx</center>
</body>
</html>
]
[2021-11-20 23:35:20]: http://zszq1.me/index/index/product [<html>
<head><title>301 Moved Permanently</title></head>
<body>
<center><h1>301 Moved Permanently</h1></center>
<hr><center>nginx</center>
</body>
</html>
]
[2021-11-20 23:35:20]: http://zszq1.me/index/index/order [<html>
<head><title>301 Moved Permanently</title></head>
<body>
<center><h1>301 Moved Permanently</h1></center>
<hr><center>nginx</center>
</body>
</html>
]
[2021-11-20 23:35:20]: http://zszq1.me/index/index/product [<html>
<head><title>301 Moved Permanently</title></head>
<body>
<center><h1>301 Moved Permanently</h1></center>
<hr><center>nginx</center>
</body>
</html>
]
[2021-11-20 23:35:20]: http://zszq1.me/index/index/order [<html>
<head><title>301 Moved Permanently</title></head>
<body>
<center><h1>301 Moved Permanently</h1></center>
<hr><center>nginx</center>
</body>
</html>
]
[2021-11-20 23:35:21]: http://zszq1.me/index/index/product [<html>
<head><title>301 Moved Permanently</title></head>
<body>
<center><h1>301 Moved Permanently</h1></center>
<hr><center>nginx</center>
</body>
</html>
]
[2021-11-20 23:35:21]: http://zszq1.me/index/index/order [<html>
<head><title>301 Moved Permanently</title></head>
<body>
<center><h1>301 Moved Permanently</h1></center>
<hr><center>nginx</center>
</body>
</html>
]
[2021-11-20 23:35:21]: http://zszq1.me/index/index/product [<html>
<head><title>301 Moved Permanently</title></head>
<body>
<center><h1>301 Moved Permanently</h1></center>
<hr><center>nginx</center>
</body>
</html>
]
[2021-11-20 23:35:21]: http://zszq1.me/index/index/order [<html>
<head><title>301 Moved Permanently</title></head>
<body>
<center><h1>301 Moved Permanently</h1></center>
<hr><center>nginx</center>
</body>
</html>
]
[2021-11-20 23:35:22]: http://zszq1.me/index/index/product [<html>
<head><title>301 Moved Permanently</title></head>
<body>
<center><h1>301 Moved Permanently</h1></center>
<hr><center>nginx</center>
</body>
</html>
]
[2021-11-20 23:35:22]: http://zszq1.me/index/index/order [<html>
<head><title>301 Moved Permanently</title></head>
<body>
<center><h1>301 Moved Permanently</h1></center>
<hr><center>nginx</center>
</body>
</html>
]
[2021-11-20 23:35:22]: http://zszq1.me/index/index/product [<html>
<head><title>301 Moved Permanently</title></head>
<body>
<center><h1>301 Moved Permanently</h1></center>
<hr><center>nginx</center>
</body>
</html>
]
[2021-11-20 23:35:22]: http://zszq1.me/index/index/order [<html>
<head><title>301 Moved Permanently</title></head>
<body>
<center><h1>301 Moved Permanently</h1></center>
<hr><center>nginx</center>
</body>
</html>
]
[2021-11-20 23:35:23]: http://zszq1.me/index/index/product [<html>
<head><title>301 Moved Permanently</title></head>
<body>
<center><h1>301 Moved Permanently</h1></center>
<hr><center>nginx</center>
</body>
</html>
]
[2021-11-20 23:35:23]: http://zszq1.me/index/index/order [<html>
<head><title>301 Moved Permanently</title></head>
<body>
<center><h1>301 Moved Permanently</h1></center>
<hr><center>nginx</center>
</body>
</html>
]
[2021-11-20 23:35:23]: http://zszq1.me/index/index/product [<html>
<head><title>301 Moved Permanently</title></head>
<body>
<center><h1>301 Moved Permanently</h1></center>
<hr><center>nginx</center>
</body>
</html>
]
[2021-11-20 23:35:23]: http://zszq1.me/index/index/order [<html>
<head><title>301 Moved Permanently</title></head>
<body>
<center><h1>301 Moved Permanently</h1></center>
<hr><center>nginx</center>
</body>
</html>
]
[2021-11-20 23:35:23]: http://zszq1.me/index/index/product [<html>
<head><title>301 Moved Permanently</title></head>
<body>
<center><h1>301 Moved Permanently</h1></center>
<hr><center>nginx</center>
</body>
</html>
]
[2021-11-20 23:35:24]: http://zszq1.me/index/index/order [<html>
<head><title>301 Moved Permanently</title></head>
<body>
<center><h1>301 Moved Permanently</h1></center>
<hr><center>nginx</center>
</body>
</html>
]
[2021-11-20 23:35:24]: http://zszq1.me/index/index/product [<html>
<head><title>301 Moved Permanently</title></head>
<body>
<center><h1>301 Moved Permanently</h1></center>
<hr><center>nginx</center>
</body>
</html>
]
[2021-11-20 23:35:24]: http://zszq1.me/index/index/order [<html>
<head><title>301 Moved Permanently</title></head>
<body>
<center><h1>301 Moved Permanently</h1></center>
<hr><center>nginx</center>
</body>
</html>
]
[2021-11-20 23:35:24]: http://zszq1.me/index/index/product [<html>
<head><title>301 Moved Permanently</title></head>
<body>
<center><h1>301 Moved Permanently</h1></center>
<hr><center>nginx</center>
</body>
</html>
]
[2021-11-20 23:35:25]: http://zszq1.me/index/index/order [<html>
<head><title>301 Moved Permanently</title></head>
<body>
<center><h1>301 Moved Permanently</h1></center>
<hr><center>nginx</center>
</body>
</html>
]
