[2023-06-28 19:37:01]: http://xg.huatai.huatai6.com/index/index/order [<pre>string(27) "娌℃璁㈠瑕澶锛"
</pre>]
[2023-06-28 19:37:04]: http://xg.huatai.huatai6.com/index/index/product [string(203) "var hq_str_fx_sgbpusd="19:36:54,1.270040,1.270070,1.274660,66.8,1.274720,1.275200,1.268520,1.270040,英镑兑美元即期汇率,-0.360000,-0.004620,0.00524,Windsor Brokers,1.034950,1.034950,+*--*++-,2023-06-28";
"
string(231) "var hq_str_fx_sgbpaud="19:36:54,1.913800,1.914000,1.906170,181.1,1.906380,1.923950,1.905840,1.913800,英镑兑澳大利亚元即期汇率,0.400000,0.007630,0.0095,Pacific Financial Derivatives. Auckland,1.639790,1.639790,--*+--*+,2023-06-28";
"
string(220) "var hq_str_fx_susdjpy="19:36:54,144.087000,144.091000,144.021000,5290,144.015000,144.256000,143.727000,144.087000,美元兑日元即期汇率,0.050000,0.066000,0.003673,Windsor Brokers,101.178000,101.178000,+-**++-*,2023-06-28";
"
string(201) "var hq_str_fx_seurgbp="19:36:54,0.862270,0.862370,0.859640,40.5,0.859630,0.863370,0.859320,0.862270,欧元兑英镑即期汇率,0.310000,0.002630,0.004711,Dukascopy Bank,0.820100,0.820100,-+*+*+-+,2023-06-28";
"
string(222) "var hq_str_fx_sgbpjpy="19:36:54,182.995000,183.004000,183.546000,9640,183.584000,183.681000,182.717000,182.995000,英镑兑日元即期汇率,-0.300000,-0.551000,0.005251,Windsor Brokers,123.991000,123.991000,++*-++-+,2023-06-28";
"
string(214) "var hq_str_fx_saudcad="19:36:54,0.877590,0.877700,0.881790,80.6,0.881670,0.882210,0.874150,0.877590,澳大利亚元兑加拿大元即期汇率,-0.480000,-0.004200,0.009142,Windsor Brokers,0.806590,0.806590,++-++-+-,2023-06-28";
"
string(136) "var hq_str_hf_GC="1914.870,,1914.800,1915.000,1926.100,1914.600,19:36:59,1923.800,1923.100,348124.000,15,16,2023-06-28,纽约黄金,56184";
"
string(261) "var hq_str_sz000002="万 科Ａ,14.310,14.330,14.220,14.350,14.100,14.220,14.230,51807652,736535508.990,158693,14.220,60100,14.210,188200,14.200,95400,14.190,60900,14.180,129400,14.230,136000,14.240,198300,14.250,93800,14.260,64800,14.270,2023-06-28,15:00:03,00";
"
string(241) "var hq_str_sh600630="龙头股份,5.470,5.460,5.500,5.520,5.350,5.490,5.500,6151400,33501122.000,2100,5.490,109100,5.480,46400,5.470,18900,5.460,78100,5.450,83300,5.500,75900,5.510,106600,5.520,229300,5.530,33000,5.540,2023-06-28,15:00:01,00,";
"
string(149) "var hq_str_hf_NQ="15074.075,,15072.000,15072.500,15092.750,15021.250,19:37:00,15111.500,15088.250,253206.000,5,2,2023-06-28,纳斯达克指数期货,74348";
"
string(266) "var hq_str_sh600010="包钢股份,1.790,1.790,1.780,1.800,1.770,1.780,1.790,139863666,249207642.000,11335417,1.780,26579460,1.770,6321700,1.760,3361400,1.750,772800,1.740,20718541,1.790,20162643,1.800,12127640,1.810,8930160,1.820,6142217,1.830,2023-06-28,15:00:01,00,";
"
string(124) "var hq_str_hf_CL="67.554,,67.610,67.620,68.450,67.050,19:37:02,67.700,68.010,368305.000,1,11,2023-06-28,WTI纽约原油,89443";
"
string(275) "var hq_str_sh600519="贵州茅台,1713.180,1711.050,1728.380,1734.000,1711.000,1728.330,1728.380,1857356,3199294221.000,1200,1728.330,100,1728.150,100,1728.140,100,1728.100,100,1728.090,1620,1728.380,2600,1728.390,100,1728.450,300,1728.460,400,1728.470,2023-06-28,15:00:01,00,";
"
string(266) "var hq_str_sh601899="紫金矿业,11.590,11.690,11.660,11.730,11.520,11.660,11.670,73042283,848689369.000,271114,11.660,79900,11.650,486227,11.640,118300,11.630,344400,11.620,24000,11.670,141350,11.680,486800,11.690,679500,11.700,452100,11.710,2023-06-28,15:00:01,00,";
"
string(146) "var hq_str_hf_YM="34204.500,,34202.000,34204.000,34218.000,34145.000,19:37:01,34183.000,34169.000,92477.000,3,6,2023-06-28,道琼斯指数期货,19346";
"
string(120) "var hq_str_hf_AHD="2184.60,2195.000,2184.50,2185.50,2212.00,2181.00,19:36:43,2195.00,2192.00,8072,6,2,2023-06-28,伦铝";
"
string(124) "var hq_str_hf_CL="67.554,,67.610,67.620,68.450,67.050,19:37:02,67.700,68.010,368305.000,1,11,2023-06-28,WTI纽约原油,89443";
"
string(172) "var hq_str_sh000300="沪深300,3836.6086,3845.4334,3840.7986,3846.8516,3808.1607,0,0,107021541,206187959877,0,0,0,0,0,0,0,0,0,0,0,0,0,0,0,0,0,0,0,0,2023-06-28,15:30:36,00,";
"
string(114) "var hq_str_hf_NG="2.841,,2.839,2.840,2.854,2.801,19:37:02,2.789,2.807,175004.000,3,7,2023-06-28,美国天然气,9436";
"
string(123) "var hq_str_hf_HG="375.270,,375.250,375.350,380.000,375.000,19:37:00,378.850,379.000,116387.000,5,5,2023-06-28,美铜,18428";
"
string(133) "var hq_str_hf_S="1273.825,,1273.750,1274.000,1295.500,1272.250,19:36:43,1294.250,1293.500,311659.000,5,1,2023-06-28,美国大豆,25656";
"
string(240) "var hq_str_fx_susdrub="19:36:30,85.778000,85.828000,84.455000,1.95e+04,84.375000,86.150000,84.200000,85.778000,美元兑俄罗斯卢布即期汇率,1.570000,1.323000,0.02311,Cougar Capital Management. New York,49.875000,49.875000,+-+-+--+,2023-06-28";
"
string(149) "var hq_str_hf_NQ="15074.075,,15071.750,15072.250,15092.750,15021.250,19:37:02,15111.500,15088.250,253206.000,2,2,2023-06-28,纳斯达克指数期货,74351";
"
string(117) "var hq_str_DINIW="19:36:59,102.6434,102.6434,102.5013,2304,102.4970,102.6972,102.4668,102.6434,美元指数,2023-06-28";
"
string(154) "var hq_str_hf_CHA50CFD="12375.800,,12374.000,12376.000,12397.000,12374.000,19:36:54,12398.000,12396.000,743764.000,21,3,2023-06-28,富时中国A50指数,5401";
"
string(133) "var hq_str_hf_FCPO="3760.600,,3752.000,3756.000,3802.000,3654.000,18:00:00,3675.000,3665.000,60744.000,1,3,2023-06-28,马棕油,30823";
"
string(144) "var hq_str_hf_HSI="19048.400,,19049.000,19051.000,19079.000,19034.000,19:36:27,19069.000,19057.000,88320.000,1,6,2023-06-28,恒生指数期货,1162";
"
string(145) "var hq_str_hf_ES="4414.050,,4413.750,4414.000,4416.750,4406.500,19:37:02,4418.750,4414.000,2172864.000,19,38,2023-06-28,标普500指数期货,136372";
"
string(173) "var hq_str_sh000001="上证指数,3183.4865,3189.4427,3189.3758,3192.6589,3157.1229,0,0,276231948,360118192478,0,0,0,0,0,0,0,0,0,0,0,0,0,0,0,0,0,0,0,0,2023-06-28,15:30:36,00,";
"
string(135) "var hq_str_hf_GC="1914.870,,1914.800,1914.900,1926.100,1914.600,19:37:03,1923.800,1923.100,348124.000,13,1,2023-06-28,纽约黄金,56185";
"
]
[2023-06-28 19:37:04]: http://xg.huatai.huatai6.com/index/index/order [<pre>string(27) "娌℃璁㈠瑕澶锛"
</pre>]
