[2023-10-05 0:17:01]: http://8.0515074.top/index/index/order [<html>
<head><title>301 Moved Permanently</title></head>
<body>
<center><h1>301 Moved Permanently</h1></center>
<hr><center>nginx</center>
</body>
</html>
]
[2023-10-05 0:17:02]: http://8.0515074.top/index/index/order [<html>
<head><title>301 Moved Permanently</title></head>
<body>
<center><h1>301 Moved Permanently</h1></center>
<hr><center>nginx</center>
</body>
</html>
]
[2023-10-05 0:17:02]: http://8.0515074.top/index/index/order [<html>
<head><title>301 Moved Permanently</title></head>
<body>
<center><h1>301 Moved Permanently</h1></center>
<hr><center>nginx</center>
</body>
</html>
]
[2023-10-05 0:17:02]: http://8.0515074.top/index/index/order [<html>
<head><title>301 Moved Permanently</title></head>
<body>
<center><h1>301 Moved Permanently</h1></center>
<hr><center>nginx</center>
</body>
</html>
]
[2023-10-05 0:17:02]: http://8.0515074.top/index/index/order [<html>
<head><title>301 Moved Permanently</title></head>
<body>
<center><h1>301 Moved Permanently</h1></center>
<hr><center>nginx</center>
</body>
</html>
]
[2023-10-05 0:17:02]: http://8.0515074.top/index/index/order [<html>
<head><title>301 Moved Permanently</title></head>
<body>
<center><h1>301 Moved Permanently</h1></center>
<hr><center>nginx</center>
</body>
</html>
]
[2023-10-05 0:17:03]: http://8.0515074.top/index/index/order [<html>
<head><title>301 Moved Permanently</title></head>
<body>
<center><h1>301 Moved Permanently</h1></center>
<hr><center>nginx</center>
</body>
</html>
]
[2023-10-05 0:17:03]: http://8.0515074.top/index/index/order [<html>
<head><title>301 Moved Permanently</title></head>
<body>
<center><h1>301 Moved Permanently</h1></center>
<hr><center>nginx</center>
</body>
</html>
]
[2023-10-05 0:17:03]: http://8.0515074.top/index/index/order [<html>
<head><title>301 Moved Permanently</title></head>
<body>
<center><h1>301 Moved Permanently</h1></center>
<hr><center>nginx</center>
</body>
</html>
]
[2023-10-05 0:17:03]: http://8.0515074.top/index/index/order [<html>
<head><title>301 Moved Permanently</title></head>
<body>
<center><h1>301 Moved Permanently</h1></center>
<hr><center>nginx</center>
</body>
</html>
]
[2023-10-05 0:17:03]: http://8.0515074.top/index/index/order [<html>
<head><title>301 Moved Permanently</title></head>
<body>
<center><h1>301 Moved Permanently</h1></center>
<hr><center>nginx</center>
</body>
</html>
]
[2023-10-05 0:17:04]: http://8.0515074.top/index/index/order [<html>
<head><title>301 Moved Permanently</title></head>
<body>
<center><h1>301 Moved Permanently</h1></center>
<hr><center>nginx</center>
</body>
</html>
]
[2023-10-05 0:17:04]: http://8.0515074.top/index/index/order [<html>
<head><title>301 Moved Permanently</title></head>
<body>
<center><h1>301 Moved Permanently</h1></center>
<hr><center>nginx</center>
</body>
</html>
]
[2023-10-05 0:17:04]: http://8.0515074.top/index/index/order [<html>
<head><title>301 Moved Permanently</title></head>
<body>
<center><h1>301 Moved Permanently</h1></center>
<hr><center>nginx</center>
</body>
</html>
]
[2023-10-05 0:17:04]: http://8.0515074.top/index/index/order [<html>
<head><title>301 Moved Permanently</title></head>
<body>
<center><h1>301 Moved Permanently</h1></center>
<hr><center>nginx</center>
</body>
</html>
]
[2023-10-05 0:17:04]: http://8.0515074.top/index/index/order [<html>
<head><title>301 Moved Permanently</title></head>
<body>
<center><h1>301 Moved Permanently</h1></center>
<hr><center>nginx</center>
</body>
</html>
]
[2023-10-05 0:17:05]: http://8.0515074.top/index/index/order [<html>
<head><title>301 Moved Permanently</title></head>
<body>
<center><h1>301 Moved Permanently</h1></center>
<hr><center>nginx</center>
</body>
</html>
]
[2023-10-05 0:17:05]: http://8.0515074.top/index/index/order [<html>
<head><title>301 Moved Permanently</title></head>
<body>
<center><h1>301 Moved Permanently</h1></center>
<hr><center>nginx</center>
</body>
</html>
]
[2023-10-05 0:17:05]: http://8.0515074.top/index/index/order [<html>
<head><title>301 Moved Permanently</title></head>
<body>
<center><h1>301 Moved Permanently</h1></center>
<hr><center>nginx</center>
</body>
</html>
]
[2023-10-05 0:17:05]: http://8.0515074.top/index/index/order [<html>
<head><title>301 Moved Permanently</title></head>
<body>
<center><h1>301 Moved Permanently</h1></center>
<hr><center>nginx</center>
</body>
</html>
]
[2023-10-05 0:17:05]: http://8.0515074.top/index/index/order [<html>
<head><title>301 Moved Permanently</title></head>
<body>
<center><h1>301 Moved Permanently</h1></center>
<hr><center>nginx</center>
</body>
</html>
]
[2023-10-05 0:17:06]: http://8.0515074.top/index/index/order [<html>
<head><title>301 Moved Permanently</title></head>
<body>
<center><h1>301 Moved Permanently</h1></center>
<hr><center>nginx</center>
</body>
</html>
]
[2023-10-05 0:17:06]: http://8.0515074.top/index/index/order [<html>
<head><title>301 Moved Permanently</title></head>
<body>
<center><h1>301 Moved Permanently</h1></center>
<hr><center>nginx</center>
</body>
</html>
]
[2023-10-05 0:17:06]: http://8.0515074.top/index/index/order [<html>
<head><title>301 Moved Permanently</title></head>
<body>
<center><h1>301 Moved Permanently</h1></center>
<hr><center>nginx</center>
</body>
</html>
]
[2023-10-05 0:17:06]: http://8.0515074.top/index/index/order [<html>
<head><title>301 Moved Permanently</title></head>
<body>
<center><h1>301 Moved Permanently</h1></center>
<hr><center>nginx</center>
</body>
</html>
]
[2023-10-05 0:17:06]: http://8.0515074.top/index/index/order [<html>
<head><title>301 Moved Permanently</title></head>
<body>
<center><h1>301 Moved Permanently</h1></center>
<hr><center>nginx</center>
</body>
</html>
]
[2023-10-05 0:17:07]: http://8.0515074.top/index/index/order [<html>
<head><title>301 Moved Permanently</title></head>
<body>
<center><h1>301 Moved Permanently</h1></center>
<hr><center>nginx</center>
</body>
</html>
]
[2023-10-05 0:17:07]: http://8.0515074.top/index/index/order [<html>
<head><title>301 Moved Permanently</title></head>
<body>
<center><h1>301 Moved Permanently</h1></center>
<hr><center>nginx</center>
</body>
</html>
]
[2023-10-05 0:17:07]: http://8.0515074.top/index/index/order [<html>
<head><title>301 Moved Permanently</title></head>
<body>
<center><h1>301 Moved Permanently</h1></center>
<hr><center>nginx</center>
</body>
</html>
]
[2023-10-05 0:17:07]: http://8.0515074.top/index/index/order [<html>
<head><title>301 Moved Permanently</title></head>
<body>
<center><h1>301 Moved Permanently</h1></center>
<hr><center>nginx</center>
</body>
</html>
]
[2023-10-05 0:17:07]: http://8.0515074.top/index/index/order [<html>
<head><title>301 Moved Permanently</title></head>
<body>
<center><h1>301 Moved Permanently</h1></center>
<hr><center>nginx</center>
</body>
</html>
]
[2023-10-05 0:17:08]: http://8.0515074.top/index/index/order [<html>
<head><title>301 Moved Permanently</title></head>
<body>
<center><h1>301 Moved Permanently</h1></center>
<hr><center>nginx</center>
</body>
</html>
]
[2023-10-05 0:17:08]: http://8.0515074.top/index/index/order [<html>
<head><title>301 Moved Permanently</title></head>
<body>
<center><h1>301 Moved Permanently</h1></center>
<hr><center>nginx</center>
</body>
</html>
]
[2023-10-05 0:17:08]: http://8.0515074.top/index/index/order [<html>
<head><title>301 Moved Permanently</title></head>
<body>
<center><h1>301 Moved Permanently</h1></center>
<hr><center>nginx</center>
</body>
</html>
]
[2023-10-05 0:17:08]: http://8.0515074.top/index/index/order [<html>
<head><title>301 Moved Permanently</title></head>
<body>
<center><h1>301 Moved Permanently</h1></center>
<hr><center>nginx</center>
</body>
</html>
]
[2023-10-05 0:17:09]: http://8.0515074.top/index/index/order [<html>
<head><title>301 Moved Permanently</title></head>
<body>
<center><h1>301 Moved Permanently</h1></center>
<hr><center>nginx</center>
</body>
</html>
]
[2023-10-05 0:17:09]: http://8.0515074.top/index/index/order [<html>
<head><title>301 Moved Permanently</title></head>
<body>
<center><h1>301 Moved Permanently</h1></center>
<hr><center>nginx</center>
</body>
</html>
]
[2023-10-05 0:17:09]: http://8.0515074.top/index/index/order [<html>
<head><title>301 Moved Permanently</title></head>
<body>
<center><h1>301 Moved Permanently</h1></center>
<hr><center>nginx</center>
</body>
</html>
]
[2023-10-05 0:17:09]: http://8.0515074.top/index/index/order [<html>
<head><title>301 Moved Permanently</title></head>
<body>
<center><h1>301 Moved Permanently</h1></center>
<hr><center>nginx</center>
</body>
</html>
]
[2023-10-05 0:17:09]: http://8.0515074.top/index/index/order [<html>
<head><title>301 Moved Permanently</title></head>
<body>
<center><h1>301 Moved Permanently</h1></center>
<hr><center>nginx</center>
</body>
</html>
]
[2023-10-05 0:17:10]: http://8.0515074.top/index/index/order [<html>
<head><title>301 Moved Permanently</title></head>
<body>
<center><h1>301 Moved Permanently</h1></center>
<hr><center>nginx</center>
</body>
</html>
]
[2023-10-05 0:17:10]: http://8.0515074.top/index/index/order [<html>
<head><title>301 Moved Permanently</title></head>
<body>
<center><h1>301 Moved Permanently</h1></center>
<hr><center>nginx</center>
</body>
</html>
]
[2023-10-05 0:17:10]: http://8.0515074.top/index/index/order [<html>
<head><title>301 Moved Permanently</title></head>
<body>
<center><h1>301 Moved Permanently</h1></center>
<hr><center>nginx</center>
</body>
</html>
]
[2023-10-05 0:17:10]: http://8.0515074.top/index/index/order [<html>
<head><title>301 Moved Permanently</title></head>
<body>
<center><h1>301 Moved Permanently</h1></center>
<hr><center>nginx</center>
</body>
</html>
]
[2023-10-05 0:17:10]: http://8.0515074.top/index/index/order [<html>
<head><title>301 Moved Permanently</title></head>
<body>
<center><h1>301 Moved Permanently</h1></center>
<hr><center>nginx</center>
</body>
</html>
]
[2023-10-05 0:17:11]: http://8.0515074.top/index/index/order [<html>
<head><title>301 Moved Permanently</title></head>
<body>
<center><h1>301 Moved Permanently</h1></center>
<hr><center>nginx</center>
</body>
</html>
]
[2023-10-05 0:17:11]: http://8.0515074.top/index/index/order [<html>
<head><title>301 Moved Permanently</title></head>
<body>
<center><h1>301 Moved Permanently</h1></center>
<hr><center>nginx</center>
</body>
</html>
]
[2023-10-05 0:17:11]: http://8.0515074.top/index/index/order [<html>
<head><title>301 Moved Permanently</title></head>
<body>
<center><h1>301 Moved Permanently</h1></center>
<hr><center>nginx</center>
</body>
</html>
]
[2023-10-05 0:17:11]: http://8.0515074.top/index/index/order [<html>
<head><title>301 Moved Permanently</title></head>
<body>
<center><h1>301 Moved Permanently</h1></center>
<hr><center>nginx</center>
</body>
</html>
]
[2023-10-05 0:17:11]: http://8.0515074.top/index/index/order [<html>
<head><title>301 Moved Permanently</title></head>
<body>
<center><h1>301 Moved Permanently</h1></center>
<hr><center>nginx</center>
</body>
</html>
]
[2023-10-05 0:17:12]: http://8.0515074.top/index/index/order [<html>
<head><title>301 Moved Permanently</title></head>
<body>
<center><h1>301 Moved Permanently</h1></center>
<hr><center>nginx</center>
</body>
</html>
]
[2023-10-05 0:17:12]: http://8.0515074.top/index/index/order [<html>
<head><title>301 Moved Permanently</title></head>
<body>
<center><h1>301 Moved Permanently</h1></center>
<hr><center>nginx</center>
</body>
</html>
]
[2023-10-05 0:17:12]: http://8.0515074.top/index/index/order [<html>
<head><title>301 Moved Permanently</title></head>
<body>
<center><h1>301 Moved Permanently</h1></center>
<hr><center>nginx</center>
</body>
</html>
]
[2023-10-05 0:17:12]: http://8.0515074.top/index/index/order [<html>
<head><title>301 Moved Permanently</title></head>
<body>
<center><h1>301 Moved Permanently</h1></center>
<hr><center>nginx</center>
</body>
</html>
]
[2023-10-05 0:17:12]: http://8.0515074.top/index/index/order [<html>
<head><title>301 Moved Permanently</title></head>
<body>
<center><h1>301 Moved Permanently</h1></center>
<hr><center>nginx</center>
</body>
</html>
]
[2023-10-05 0:17:13]: http://8.0515074.top/index/index/order [<html>
<head><title>301 Moved Permanently</title></head>
<body>
<center><h1>301 Moved Permanently</h1></center>
<hr><center>nginx</center>
</body>
</html>
]
[2023-10-05 0:17:13]: http://8.0515074.top/index/index/order [<html>
<head><title>301 Moved Permanently</title></head>
<body>
<center><h1>301 Moved Permanently</h1></center>
<hr><center>nginx</center>
</body>
</html>
]
[2023-10-05 0:17:13]: http://8.0515074.top/index/index/order [<html>
<head><title>301 Moved Permanently</title></head>
<body>
<center><h1>301 Moved Permanently</h1></center>
<hr><center>nginx</center>
</body>
</html>
]
[2023-10-05 0:17:13]: http://8.0515074.top/index/index/order [<html>
<head><title>301 Moved Permanently</title></head>
<body>
<center><h1>301 Moved Permanently</h1></center>
<hr><center>nginx</center>
</body>
</html>
]
[2023-10-05 0:17:13]: http://8.0515074.top/index/index/order [<html>
<head><title>301 Moved Permanently</title></head>
<body>
<center><h1>301 Moved Permanently</h1></center>
<hr><center>nginx</center>
</body>
</html>
]
[2023-10-05 0:17:14]: http://8.0515074.top/index/index/order [<html>
<head><title>301 Moved Permanently</title></head>
<body>
<center><h1>301 Moved Permanently</h1></center>
<hr><center>nginx</center>
</body>
</html>
]
[2023-10-05 0:17:14]: http://8.0515074.top/index/index/order [<html>
<head><title>301 Moved Permanently</title></head>
<body>
<center><h1>301 Moved Permanently</h1></center>
<hr><center>nginx</center>
</body>
</html>
]
[2023-10-05 0:17:14]: http://8.0515074.top/index/index/order [<html>
<head><title>301 Moved Permanently</title></head>
<body>
<center><h1>301 Moved Permanently</h1></center>
<hr><center>nginx</center>
</body>
</html>
]
[2023-10-05 0:17:14]: http://8.0515074.top/index/index/order [<html>
<head><title>301 Moved Permanently</title></head>
<body>
<center><h1>301 Moved Permanently</h1></center>
<hr><center>nginx</center>
</body>
</html>
]
[2023-10-05 0:17:14]: http://8.0515074.top/index/index/order [<html>
<head><title>301 Moved Permanently</title></head>
<body>
<center><h1>301 Moved Permanently</h1></center>
<hr><center>nginx</center>
</body>
</html>
]
[2023-10-05 0:17:15]: http://8.0515074.top/index/index/order [<html>
<head><title>301 Moved Permanently</title></head>
<body>
<center><h1>301 Moved Permanently</h1></center>
<hr><center>nginx</center>
</body>
</html>
]
[2023-10-05 0:17:15]: http://8.0515074.top/index/index/order [<html>
<head><title>301 Moved Permanently</title></head>
<body>
<center><h1>301 Moved Permanently</h1></center>
<hr><center>nginx</center>
</body>
</html>
]
[2023-10-05 0:17:15]: http://8.0515074.top/index/index/order [<html>
<head><title>301 Moved Permanently</title></head>
<body>
<center><h1>301 Moved Permanently</h1></center>
<hr><center>nginx</center>
</body>
</html>
]
[2023-10-05 0:17:15]: http://8.0515074.top/index/index/order [<html>
<head><title>301 Moved Permanently</title></head>
<body>
<center><h1>301 Moved Permanently</h1></center>
<hr><center>nginx</center>
</body>
</html>
]
[2023-10-05 0:17:15]: http://8.0515074.top/index/index/order [<html>
<head><title>301 Moved Permanently</title></head>
<body>
<center><h1>301 Moved Permanently</h1></center>
<hr><center>nginx</center>
</body>
</html>
]
[2023-10-05 0:17:16]: http://8.0515074.top/index/index/order [<html>
<head><title>301 Moved Permanently</title></head>
<body>
<center><h1>301 Moved Permanently</h1></center>
<hr><center>nginx</center>
</body>
</html>
]
[2023-10-05 0:17:16]: http://8.0515074.top/index/index/order [<html>
<head><title>301 Moved Permanently</title></head>
<body>
<center><h1>301 Moved Permanently</h1></center>
<hr><center>nginx</center>
</body>
</html>
]
[2023-10-05 0:17:16]: http://8.0515074.top/index/index/order [<html>
<head><title>301 Moved Permanently</title></head>
<body>
<center><h1>301 Moved Permanently</h1></center>
<hr><center>nginx</center>
</body>
</html>
]
[2023-10-05 0:17:16]: http://8.0515074.top/index/index/order [<html>
<head><title>301 Moved Permanently</title></head>
<body>
<center><h1>301 Moved Permanently</h1></center>
<hr><center>nginx</center>
</body>
</html>
]
[2023-10-05 0:17:17]: http://8.0515074.top/index/index/order [<html>
<head><title>301 Moved Permanently</title></head>
<body>
<center><h1>301 Moved Permanently</h1></center>
<hr><center>nginx</center>
</body>
</html>
]
[2023-10-05 0:17:17]: http://8.0515074.top/index/index/order [<html>
<head><title>301 Moved Permanently</title></head>
<body>
<center><h1>301 Moved Permanently</h1></center>
<hr><center>nginx</center>
</body>
</html>
]
[2023-10-05 0:17:17]: http://8.0515074.top/index/index/order [<html>
<head><title>301 Moved Permanently</title></head>
<body>
<center><h1>301 Moved Permanently</h1></center>
<hr><center>nginx</center>
</body>
</html>
]
[2023-10-05 0:17:17]: http://8.0515074.top/index/index/order [<html>
<head><title>301 Moved Permanently</title></head>
<body>
<center><h1>301 Moved Permanently</h1></center>
<hr><center>nginx</center>
</body>
</html>
]
[2023-10-05 0:17:17]: http://8.0515074.top/index/index/order [<html>
<head><title>301 Moved Permanently</title></head>
<body>
<center><h1>301 Moved Permanently</h1></center>
<hr><center>nginx</center>
</body>
</html>
]
[2023-10-05 0:17:18]: http://8.0515074.top/index/index/order [<html>
<head><title>301 Moved Permanently</title></head>
<body>
<center><h1>301 Moved Permanently</h1></center>
<hr><center>nginx</center>
</body>
</html>
]
[2023-10-05 0:17:18]: http://8.0515074.top/index/index/order [<html>
<head><title>301 Moved Permanently</title></head>
<body>
<center><h1>301 Moved Permanently</h1></center>
<hr><center>nginx</center>
</body>
</html>
]
[2023-10-05 0:17:18]: http://8.0515074.top/index/index/order [<html>
<head><title>301 Moved Permanently</title></head>
<body>
<center><h1>301 Moved Permanently</h1></center>
<hr><center>nginx</center>
</body>
</html>
]
[2023-10-05 0:17:18]: http://8.0515074.top/index/index/order [<html>
<head><title>301 Moved Permanently</title></head>
<body>
<center><h1>301 Moved Permanently</h1></center>
<hr><center>nginx</center>
</body>
</html>
]
[2023-10-05 0:17:18]: http://8.0515074.top/index/index/order [<html>
<head><title>301 Moved Permanently</title></head>
<body>
<center><h1>301 Moved Permanently</h1></center>
<hr><center>nginx</center>
</body>
</html>
]
[2023-10-05 0:17:19]: http://8.0515074.top/index/index/order [<html>
<head><title>301 Moved Permanently</title></head>
<body>
<center><h1>301 Moved Permanently</h1></center>
<hr><center>nginx</center>
</body>
</html>
]
[2023-10-05 0:17:19]: http://8.0515074.top/index/index/order [<html>
<head><title>301 Moved Permanently</title></head>
<body>
<center><h1>301 Moved Permanently</h1></center>
<hr><center>nginx</center>
</body>
</html>
]
[2023-10-05 0:17:19]: http://8.0515074.top/index/index/order [<html>
<head><title>301 Moved Permanently</title></head>
<body>
<center><h1>301 Moved Permanently</h1></center>
<hr><center>nginx</center>
</body>
</html>
]
[2023-10-05 0:17:19]: http://8.0515074.top/index/index/order [<html>
<head><title>301 Moved Permanently</title></head>
<body>
<center><h1>301 Moved Permanently</h1></center>
<hr><center>nginx</center>
</body>
</html>
]
[2023-10-05 0:17:19]: http://8.0515074.top/index/index/order [<html>
<head><title>301 Moved Permanently</title></head>
<body>
<center><h1>301 Moved Permanently</h1></center>
<hr><center>nginx</center>
</body>
</html>
]
[2023-10-05 0:17:20]: http://8.0515074.top/index/index/order [<html>
<head><title>301 Moved Permanently</title></head>
<body>
<center><h1>301 Moved Permanently</h1></center>
<hr><center>nginx</center>
</body>
</html>
]
[2023-10-05 0:17:20]: http://8.0515074.top/index/index/order [<html>
<head><title>301 Moved Permanently</title></head>
<body>
<center><h1>301 Moved Permanently</h1></center>
<hr><center>nginx</center>
</body>
</html>
]
[2023-10-05 0:17:20]: http://8.0515074.top/index/index/order [<html>
<head><title>301 Moved Permanently</title></head>
<body>
<center><h1>301 Moved Permanently</h1></center>
<hr><center>nginx</center>
</body>
</html>
]
[2023-10-05 0:17:20]: http://8.0515074.top/index/index/order [<html>
<head><title>301 Moved Permanently</title></head>
<body>
<center><h1>301 Moved Permanently</h1></center>
<hr><center>nginx</center>
</body>
</html>
]
[2023-10-05 0:17:20]: http://8.0515074.top/index/index/order [<html>
<head><title>301 Moved Permanently</title></head>
<body>
<center><h1>301 Moved Permanently</h1></center>
<hr><center>nginx</center>
</body>
</html>
]
[2023-10-05 0:17:21]: http://8.0515074.top/index/index/order [<html>
<head><title>301 Moved Permanently</title></head>
<body>
<center><h1>301 Moved Permanently</h1></center>
<hr><center>nginx</center>
</body>
</html>
]
[2023-10-05 0:17:21]: http://8.0515074.top/index/index/order [<html>
<head><title>301 Moved Permanently</title></head>
<body>
<center><h1>301 Moved Permanently</h1></center>
<hr><center>nginx</center>
</body>
</html>
]
[2023-10-05 0:17:21]: http://8.0515074.top/index/index/order [<html>
<head><title>301 Moved Permanently</title></head>
<body>
<center><h1>301 Moved Permanently</h1></center>
<hr><center>nginx</center>
</body>
</html>
]
[2023-10-05 0:17:21]: http://8.0515074.top/index/index/order [<html>
<head><title>301 Moved Permanently</title></head>
<body>
<center><h1>301 Moved Permanently</h1></center>
<hr><center>nginx</center>
</body>
</html>
]
[2023-10-05 0:17:21]: http://8.0515074.top/index/index/order [<html>
<head><title>301 Moved Permanently</title></head>
<body>
<center><h1>301 Moved Permanently</h1></center>
<hr><center>nginx</center>
</body>
</html>
]
[2023-10-05 0:17:22]: http://8.0515074.top/index/index/order [<html>
<head><title>301 Moved Permanently</title></head>
<body>
<center><h1>301 Moved Permanently</h1></center>
<hr><center>nginx</center>
</body>
</html>
]
[2023-10-05 0:17:22]: http://8.0515074.top/index/index/order [<html>
<head><title>301 Moved Permanently</title></head>
<body>
<center><h1>301 Moved Permanently</h1></center>
<hr><center>nginx</center>
</body>
</html>
]
[2023-10-05 0:17:22]: http://8.0515074.top/index/index/order [<html>
<head><title>301 Moved Permanently</title></head>
<body>
<center><h1>301 Moved Permanently</h1></center>
<hr><center>nginx</center>
</body>
</html>
]
[2023-10-05 0:17:22]: http://8.0515074.top/index/index/order [<html>
<head><title>301 Moved Permanently</title></head>
<body>
<center><h1>301 Moved Permanently</h1></center>
<hr><center>nginx</center>
</body>
</html>
]
[2023-10-05 0:17:23]: http://8.0515074.top/index/index/order [<html>
<head><title>301 Moved Permanently</title></head>
<body>
<center><h1>301 Moved Permanently</h1></center>
<hr><center>nginx</center>
</body>
</html>
]
[2023-10-05 0:17:23]: http://8.0515074.top/index/index/order [<html>
<head><title>301 Moved Permanently</title></head>
<body>
<center><h1>301 Moved Permanently</h1></center>
<hr><center>nginx</center>
</body>
</html>
]
[2023-10-05 0:17:23]: http://8.0515074.top/index/index/order [<html>
<head><title>301 Moved Permanently</title></head>
<body>
<center><h1>301 Moved Permanently</h1></center>
<hr><center>nginx</center>
</body>
</html>
]
[2023-10-05 0:17:23]: http://8.0515074.top/index/index/order [<html>
<head><title>301 Moved Permanently</title></head>
<body>
<center><h1>301 Moved Permanently</h1></center>
<hr><center>nginx</center>
</body>
</html>
]
[2023-10-05 0:17:23]: http://8.0515074.top/index/index/order [<html>
<head><title>301 Moved Permanently</title></head>
<body>
<center><h1>301 Moved Permanently</h1></center>
<hr><center>nginx</center>
</body>
</html>
]
[2023-10-05 0:17:24]: http://8.0515074.top/index/index/order [<html>
<head><title>301 Moved Permanently</title></head>
<body>
<center><h1>301 Moved Permanently</h1></center>
<hr><center>nginx</center>
</body>
</html>
]
[2023-10-05 0:17:24]: http://8.0515074.top/index/index/order [<html>
<head><title>301 Moved Permanently</title></head>
<body>
<center><h1>301 Moved Permanently</h1></center>
<hr><center>nginx</center>
</body>
</html>
]
[2023-10-05 0:17:24]: http://8.0515074.top/index/index/order [<html>
<head><title>301 Moved Permanently</title></head>
<body>
<center><h1>301 Moved Permanently</h1></center>
<hr><center>nginx</center>
</body>
</html>
]
[2023-10-05 0:17:24]: http://8.0515074.top/index/index/order [<html>
<head><title>301 Moved Permanently</title></head>
<body>
<center><h1>301 Moved Permanently</h1></center>
<hr><center>nginx</center>
</body>
</html>
]
[2023-10-05 0:17:24]: http://8.0515074.top/index/index/order [<html>
<head><title>301 Moved Permanently</title></head>
<body>
<center><h1>301 Moved Permanently</h1></center>
<hr><center>nginx</center>
</body>
</html>
]
[2023-10-05 0:17:25]: http://8.0515074.top/index/index/order [<html>
<head><title>301 Moved Permanently</title></head>
<body>
<center><h1>301 Moved Permanently</h1></center>
<hr><center>nginx</center>
</body>
</html>
]
[2023-10-05 0:17:25]: http://8.0515074.top/index/index/order [<html>
<head><title>301 Moved Permanently</title></head>
<body>
<center><h1>301 Moved Permanently</h1></center>
<hr><center>nginx</center>
</body>
</html>
]
[2023-10-05 0:17:25]: http://8.0515074.top/index/index/order [<html>
<head><title>301 Moved Permanently</title></head>
<body>
<center><h1>301 Moved Permanently</h1></center>
<hr><center>nginx</center>
</body>
</html>
]
[2023-10-05 0:17:25]: http://8.0515074.top/index/index/order [<html>
<head><title>301 Moved Permanently</title></head>
<body>
<center><h1>301 Moved Permanently</h1></center>
<hr><center>nginx</center>
</body>
</html>
]
[2023-10-05 0:17:25]: http://8.0515074.top/index/index/order [<html>
<head><title>301 Moved Permanently</title></head>
<body>
<center><h1>301 Moved Permanently</h1></center>
<hr><center>nginx</center>
</body>
</html>
]
[2023-10-05 0:17:26]: http://8.0515074.top/index/index/order [<html>
<head><title>301 Moved Permanently</title></head>
<body>
<center><h1>301 Moved Permanently</h1></center>
<hr><center>nginx</center>
</body>
</html>
]
[2023-10-05 0:17:26]: http://8.0515074.top/index/index/order [<html>
<head><title>301 Moved Permanently</title></head>
<body>
<center><h1>301 Moved Permanently</h1></center>
<hr><center>nginx</center>
</body>
</html>
]
[2023-10-05 0:17:26]: http://8.0515074.top/index/index/order [<html>
<head><title>301 Moved Permanently</title></head>
<body>
<center><h1>301 Moved Permanently</h1></center>
<hr><center>nginx</center>
</body>
</html>
]
[2023-10-05 0:17:26]: http://8.0515074.top/index/index/order [<html>
<head><title>301 Moved Permanently</title></head>
<body>
<center><h1>301 Moved Permanently</h1></center>
<hr><center>nginx</center>
</body>
</html>
]
[2023-10-05 0:17:26]: http://8.0515074.top/index/index/order [<html>
<head><title>301 Moved Permanently</title></head>
<body>
<center><h1>301 Moved Permanently</h1></center>
<hr><center>nginx</center>
</body>
</html>
]
[2023-10-05 0:17:27]: http://8.0515074.top/index/index/order [<html>
<head><title>301 Moved Permanently</title></head>
<body>
<center><h1>301 Moved Permanently</h1></center>
<hr><center>nginx</center>
</body>
</html>
]
[2023-10-05 0:17:27]: http://8.0515074.top/index/index/order [<html>
<head><title>301 Moved Permanently</title></head>
<body>
<center><h1>301 Moved Permanently</h1></center>
<hr><center>nginx</center>
</body>
</html>
]
[2023-10-05 0:17:27]: http://8.0515074.top/index/index/order [<html>
<head><title>301 Moved Permanently</title></head>
<body>
<center><h1>301 Moved Permanently</h1></center>
<hr><center>nginx</center>
</body>
</html>
]
[2023-10-05 0:17:27]: http://8.0515074.top/index/index/order [<html>
<head><title>301 Moved Permanently</title></head>
<body>
<center><h1>301 Moved Permanently</h1></center>
<hr><center>nginx</center>
</body>
</html>
]
[2023-10-05 0:17:27]: http://8.0515074.top/index/index/order [<html>
<head><title>301 Moved Permanently</title></head>
<body>
<center><h1>301 Moved Permanently</h1></center>
<hr><center>nginx</center>
</body>
</html>
]
[2023-10-05 0:17:28]: http://8.0515074.top/index/index/order [<html>
<head><title>301 Moved Permanently</title></head>
<body>
<center><h1>301 Moved Permanently</h1></center>
<hr><center>nginx</center>
</body>
</html>
]
[2023-10-05 0:17:28]: http://8.0515074.top/index/index/order [<html>
<head><title>301 Moved Permanently</title></head>
<body>
<center><h1>301 Moved Permanently</h1></center>
<hr><center>nginx</center>
</body>
</html>
]
[2023-10-05 0:17:28]: http://8.0515074.top/index/index/order [<html>
<head><title>301 Moved Permanently</title></head>
<body>
<center><h1>301 Moved Permanently</h1></center>
<hr><center>nginx</center>
</body>
</html>
]
[2023-10-05 0:17:28]: http://8.0515074.top/index/index/order [<html>
<head><title>301 Moved Permanently</title></head>
<body>
<center><h1>301 Moved Permanently</h1></center>
<hr><center>nginx</center>
</body>
</html>
]
[2023-10-05 0:17:28]: http://8.0515074.top/index/index/order [<html>
<head><title>301 Moved Permanently</title></head>
<body>
<center><h1>301 Moved Permanently</h1></center>
<hr><center>nginx</center>
</body>
</html>
]
[2023-10-05 0:17:29]: http://8.0515074.top/index/index/order [<html>
<head><title>301 Moved Permanently</title></head>
<body>
<center><h1>301 Moved Permanently</h1></center>
<hr><center>nginx</center>
</body>
</html>
]
[2023-10-05 0:17:29]: http://8.0515074.top/index/index/order [<html>
<head><title>301 Moved Permanently</title></head>
<body>
<center><h1>301 Moved Permanently</h1></center>
<hr><center>nginx</center>
</body>
</html>
]
[2023-10-05 0:17:29]: http://8.0515074.top/index/index/order [<html>
<head><title>301 Moved Permanently</title></head>
<body>
<center><h1>301 Moved Permanently</h1></center>
<hr><center>nginx</center>
</body>
</html>
]
[2023-10-05 0:17:29]: http://8.0515074.top/index/index/order [<html>
<head><title>301 Moved Permanently</title></head>
<body>
<center><h1>301 Moved Permanently</h1></center>
<hr><center>nginx</center>
</body>
</html>
]
[2023-10-05 0:17:30]: http://8.0515074.top/index/index/order [<html>
<head><title>301 Moved Permanently</title></head>
<body>
<center><h1>301 Moved Permanently</h1></center>
<hr><center>nginx</center>
</body>
</html>
]
[2023-10-05 0:17:30]: http://8.0515074.top/index/index/order [<html>
<head><title>301 Moved Permanently</title></head>
<body>
<center><h1>301 Moved Permanently</h1></center>
<hr><center>nginx</center>
</body>
</html>
]
[2023-10-05 0:17:30]: http://8.0515074.top/index/index/order [<html>
<head><title>301 Moved Permanently</title></head>
<body>
<center><h1>301 Moved Permanently</h1></center>
<hr><center>nginx</center>
</body>
</html>
]
[2023-10-05 0:17:30]: http://8.0515074.top/index/index/order [<html>
<head><title>301 Moved Permanently</title></head>
<body>
<center><h1>301 Moved Permanently</h1></center>
<hr><center>nginx</center>
</body>
</html>
]
[2023-10-05 0:17:30]: http://8.0515074.top/index/index/order [<html>
<head><title>301 Moved Permanently</title></head>
<body>
<center><h1>301 Moved Permanently</h1></center>
<hr><center>nginx</center>
</body>
</html>
]
[2023-10-05 0:17:31]: http://8.0515074.top/index/index/order [<html>
<head><title>301 Moved Permanently</title></head>
<body>
<center><h1>301 Moved Permanently</h1></center>
<hr><center>nginx</center>
</body>
</html>
]
[2023-10-05 0:17:31]: http://8.0515074.top/index/index/order [<html>
<head><title>301 Moved Permanently</title></head>
<body>
<center><h1>301 Moved Permanently</h1></center>
<hr><center>nginx</center>
</body>
</html>
]
[2023-10-05 0:17:31]: http://8.0515074.top/index/index/order [<html>
<head><title>301 Moved Permanently</title></head>
<body>
<center><h1>301 Moved Permanently</h1></center>
<hr><center>nginx</center>
</body>
</html>
]
[2023-10-05 0:17:31]: http://8.0515074.top/index/index/order [<html>
<head><title>301 Moved Permanently</title></head>
<body>
<center><h1>301 Moved Permanently</h1></center>
<hr><center>nginx</center>
</body>
</html>
]
[2023-10-05 0:17:31]: http://8.0515074.top/index/index/order [<html>
<head><title>301 Moved Permanently</title></head>
<body>
<center><h1>301 Moved Permanently</h1></center>
<hr><center>nginx</center>
</body>
</html>
]
[2023-10-05 0:17:32]: http://8.0515074.top/index/index/order [<html>
<head><title>301 Moved Permanently</title></head>
<body>
<center><h1>301 Moved Permanently</h1></center>
<hr><center>nginx</center>
</body>
</html>
]
[2023-10-05 0:17:32]: http://8.0515074.top/index/index/order [<html>
<head><title>301 Moved Permanently</title></head>
<body>
<center><h1>301 Moved Permanently</h1></center>
<hr><center>nginx</center>
</body>
</html>
]
[2023-10-05 0:17:32]: http://8.0515074.top/index/index/order [<html>
<head><title>301 Moved Permanently</title></head>
<body>
<center><h1>301 Moved Permanently</h1></center>
<hr><center>nginx</center>
</body>
</html>
]
[2023-10-05 0:17:32]: http://8.0515074.top/index/index/order [<html>
<head><title>301 Moved Permanently</title></head>
<body>
<center><h1>301 Moved Permanently</h1></center>
<hr><center>nginx</center>
</body>
</html>
]
[2023-10-05 0:17:32]: http://8.0515074.top/index/index/order [<html>
<head><title>301 Moved Permanently</title></head>
<body>
<center><h1>301 Moved Permanently</h1></center>
<hr><center>nginx</center>
</body>
</html>
]
[2023-10-05 0:17:33]: http://8.0515074.top/index/index/order [<html>
<head><title>301 Moved Permanently</title></head>
<body>
<center><h1>301 Moved Permanently</h1></center>
<hr><center>nginx</center>
</body>
</html>
]
[2023-10-05 0:17:33]: http://8.0515074.top/index/index/order [<html>
<head><title>301 Moved Permanently</title></head>
<body>
<center><h1>301 Moved Permanently</h1></center>
<hr><center>nginx</center>
</body>
</html>
]
[2023-10-05 0:17:33]: http://8.0515074.top/index/index/order [<html>
<head><title>301 Moved Permanently</title></head>
<body>
<center><h1>301 Moved Permanently</h1></center>
<hr><center>nginx</center>
</body>
</html>
]
[2023-10-05 0:17:33]: http://8.0515074.top/index/index/order [<html>
<head><title>301 Moved Permanently</title></head>
<body>
<center><h1>301 Moved Permanently</h1></center>
<hr><center>nginx</center>
</body>
</html>
]
[2023-10-05 0:17:33]: http://8.0515074.top/index/index/order [<html>
<head><title>301 Moved Permanently</title></head>
<body>
<center><h1>301 Moved Permanently</h1></center>
<hr><center>nginx</center>
</body>
</html>
]
[2023-10-05 0:17:34]: http://8.0515074.top/index/index/order [<html>
<head><title>301 Moved Permanently</title></head>
<body>
<center><h1>301 Moved Permanently</h1></center>
<hr><center>nginx</center>
</body>
</html>
]
[2023-10-05 0:17:34]: http://8.0515074.top/index/index/order [<html>
<head><title>301 Moved Permanently</title></head>
<body>
<center><h1>301 Moved Permanently</h1></center>
<hr><center>nginx</center>
</body>
</html>
]
[2023-10-05 0:17:34]: http://8.0515074.top/index/index/order [<html>
<head><title>301 Moved Permanently</title></head>
<body>
<center><h1>301 Moved Permanently</h1></center>
<hr><center>nginx</center>
</body>
</html>
]
[2023-10-05 0:17:34]: http://8.0515074.top/index/index/order [<html>
<head><title>301 Moved Permanently</title></head>
<body>
<center><h1>301 Moved Permanently</h1></center>
<hr><center>nginx</center>
</body>
</html>
]
[2023-10-05 0:17:34]: http://8.0515074.top/index/index/order [<html>
<head><title>301 Moved Permanently</title></head>
<body>
<center><h1>301 Moved Permanently</h1></center>
<hr><center>nginx</center>
</body>
</html>
]
[2023-10-05 0:17:35]: http://8.0515074.top/index/index/order [<html>
<head><title>301 Moved Permanently</title></head>
<body>
<center><h1>301 Moved Permanently</h1></center>
<hr><center>nginx</center>
</body>
</html>
]
[2023-10-05 0:17:35]: http://8.0515074.top/index/index/order [<html>
<head><title>301 Moved Permanently</title></head>
<body>
<center><h1>301 Moved Permanently</h1></center>
<hr><center>nginx</center>
</body>
</html>
]
[2023-10-05 0:17:35]: http://8.0515074.top/index/index/order [<html>
<head><title>301 Moved Permanently</title></head>
<body>
<center><h1>301 Moved Permanently</h1></center>
<hr><center>nginx</center>
</body>
</html>
]
[2023-10-05 0:17:35]: http://8.0515074.top/index/index/order [<html>
<head><title>301 Moved Permanently</title></head>
<body>
<center><h1>301 Moved Permanently</h1></center>
<hr><center>nginx</center>
</body>
</html>
]
[2023-10-05 0:17:35]: http://8.0515074.top/index/index/order [<html>
<head><title>301 Moved Permanently</title></head>
<body>
<center><h1>301 Moved Permanently</h1></center>
<hr><center>nginx</center>
</body>
</html>
]
[2023-10-05 0:17:36]: http://8.0515074.top/index/index/order [<html>
<head><title>301 Moved Permanently</title></head>
<body>
<center><h1>301 Moved Permanently</h1></center>
<hr><center>nginx</center>
</body>
</html>
]
[2023-10-05 0:17:36]: http://8.0515074.top/index/index/order [<html>
<head><title>301 Moved Permanently</title></head>
<body>
<center><h1>301 Moved Permanently</h1></center>
<hr><center>nginx</center>
</body>
</html>
]
[2023-10-05 0:17:36]: http://8.0515074.top/index/index/order [<html>
<head><title>301 Moved Permanently</title></head>
<body>
<center><h1>301 Moved Permanently</h1></center>
<hr><center>nginx</center>
</body>
</html>
]
[2023-10-05 0:17:36]: http://8.0515074.top/index/index/order [<html>
<head><title>301 Moved Permanently</title></head>
<body>
<center><h1>301 Moved Permanently</h1></center>
<hr><center>nginx</center>
</body>
</html>
]
[2023-10-05 0:17:36]: http://8.0515074.top/index/index/order [<html>
<head><title>301 Moved Permanently</title></head>
<body>
<center><h1>301 Moved Permanently</h1></center>
<hr><center>nginx</center>
</body>
</html>
]
[2023-10-05 0:17:37]: http://8.0515074.top/index/index/order [<html>
<head><title>301 Moved Permanently</title></head>
<body>
<center><h1>301 Moved Permanently</h1></center>
<hr><center>nginx</center>
</body>
</html>
]
[2023-10-05 0:17:37]: http://8.0515074.top/index/index/order [<html>
<head><title>301 Moved Permanently</title></head>
<body>
<center><h1>301 Moved Permanently</h1></center>
<hr><center>nginx</center>
</body>
</html>
]
[2023-10-05 0:17:37]: http://8.0515074.top/index/index/order [<html>
<head><title>301 Moved Permanently</title></head>
<body>
<center><h1>301 Moved Permanently</h1></center>
<hr><center>nginx</center>
</body>
</html>
]
[2023-10-05 0:17:37]: http://8.0515074.top/index/index/order [<html>
<head><title>301 Moved Permanently</title></head>
<body>
<center><h1>301 Moved Permanently</h1></center>
<hr><center>nginx</center>
</body>
</html>
]
[2023-10-05 0:17:37]: http://8.0515074.top/index/index/order [<html>
<head><title>301 Moved Permanently</title></head>
<body>
<center><h1>301 Moved Permanently</h1></center>
<hr><center>nginx</center>
</body>
</html>
]
[2023-10-05 0:17:38]: http://8.0515074.top/index/index/order [<html>
<head><title>301 Moved Permanently</title></head>
<body>
<center><h1>301 Moved Permanently</h1></center>
<hr><center>nginx</center>
</body>
</html>
]
[2023-10-05 0:17:38]: http://8.0515074.top/index/index/order [<html>
<head><title>301 Moved Permanently</title></head>
<body>
<center><h1>301 Moved Permanently</h1></center>
<hr><center>nginx</center>
</body>
</html>
]
[2023-10-05 0:17:38]: http://8.0515074.top/index/index/order [<html>
<head><title>301 Moved Permanently</title></head>
<body>
<center><h1>301 Moved Permanently</h1></center>
<hr><center>nginx</center>
</body>
</html>
]
[2023-10-05 0:17:38]: http://8.0515074.top/index/index/order [<html>
<head><title>301 Moved Permanently</title></head>
<body>
<center><h1>301 Moved Permanently</h1></center>
<hr><center>nginx</center>
</body>
</html>
]
[2023-10-05 0:17:39]: http://8.0515074.top/index/index/order [<html>
<head><title>301 Moved Permanently</title></head>
<body>
<center><h1>301 Moved Permanently</h1></center>
<hr><center>nginx</center>
</body>
</html>
]
[2023-10-05 0:17:39]: http://8.0515074.top/index/index/order [<html>
<head><title>301 Moved Permanently</title></head>
<body>
<center><h1>301 Moved Permanently</h1></center>
<hr><center>nginx</center>
</body>
</html>
]
[2023-10-05 0:17:39]: http://8.0515074.top/index/index/order [<html>
<head><title>301 Moved Permanently</title></head>
<body>
<center><h1>301 Moved Permanently</h1></center>
<hr><center>nginx</center>
</body>
</html>
]
[2023-10-05 0:17:39]: http://8.0515074.top/index/index/order [<html>
<head><title>301 Moved Permanently</title></head>
<body>
<center><h1>301 Moved Permanently</h1></center>
<hr><center>nginx</center>
</body>
</html>
]
[2023-10-05 0:17:39]: http://8.0515074.top/index/index/order [<html>
<head><title>301 Moved Permanently</title></head>
<body>
<center><h1>301 Moved Permanently</h1></center>
<hr><center>nginx</center>
</body>
</html>
]
[2023-10-05 0:17:40]: http://8.0515074.top/index/index/order [<html>
<head><title>301 Moved Permanently</title></head>
<body>
<center><h1>301 Moved Permanently</h1></center>
<hr><center>nginx</center>
</body>
</html>
]
[2023-10-05 0:17:40]: http://8.0515074.top/index/index/order [<html>
<head><title>301 Moved Permanently</title></head>
<body>
<center><h1>301 Moved Permanently</h1></center>
<hr><center>nginx</center>
</body>
</html>
]
[2023-10-05 0:17:40]: http://8.0515074.top/index/index/order [<html>
<head><title>301 Moved Permanently</title></head>
<body>
<center><h1>301 Moved Permanently</h1></center>
<hr><center>nginx</center>
</body>
</html>
]
[2023-10-05 0:17:40]: http://8.0515074.top/index/index/order [<html>
<head><title>301 Moved Permanently</title></head>
<body>
<center><h1>301 Moved Permanently</h1></center>
<hr><center>nginx</center>
</body>
</html>
]
[2023-10-05 0:17:40]: http://8.0515074.top/index/index/order [<html>
<head><title>301 Moved Permanently</title></head>
<body>
<center><h1>301 Moved Permanently</h1></center>
<hr><center>nginx</center>
</body>
</html>
]
[2023-10-05 0:17:41]: http://8.0515074.top/index/index/order [<html>
<head><title>301 Moved Permanently</title></head>
<body>
<center><h1>301 Moved Permanently</h1></center>
<hr><center>nginx</center>
</body>
</html>
]
[2023-10-05 0:17:41]: http://8.0515074.top/index/index/order [<html>
<head><title>301 Moved Permanently</title></head>
<body>
<center><h1>301 Moved Permanently</h1></center>
<hr><center>nginx</center>
</body>
</html>
]
[2023-10-05 0:17:41]: http://8.0515074.top/index/index/order [<html>
<head><title>301 Moved Permanently</title></head>
<body>
<center><h1>301 Moved Permanently</h1></center>
<hr><center>nginx</center>
</body>
</html>
]
[2023-10-05 0:17:41]: http://8.0515074.top/index/index/order [<html>
<head><title>301 Moved Permanently</title></head>
<body>
<center><h1>301 Moved Permanently</h1></center>
<hr><center>nginx</center>
</body>
</html>
]
[2023-10-05 0:17:41]: http://8.0515074.top/index/index/order [<html>
<head><title>301 Moved Permanently</title></head>
<body>
<center><h1>301 Moved Permanently</h1></center>
<hr><center>nginx</center>
</body>
</html>
]
[2023-10-05 0:17:42]: http://8.0515074.top/index/index/order [<html>
<head><title>301 Moved Permanently</title></head>
<body>
<center><h1>301 Moved Permanently</h1></center>
<hr><center>nginx</center>
</body>
</html>
]
[2023-10-05 0:17:42]: http://8.0515074.top/index/index/order [<html>
<head><title>301 Moved Permanently</title></head>
<body>
<center><h1>301 Moved Permanently</h1></center>
<hr><center>nginx</center>
</body>
</html>
]
[2023-10-05 0:17:42]: http://8.0515074.top/index/index/order [<html>
<head><title>301 Moved Permanently</title></head>
<body>
<center><h1>301 Moved Permanently</h1></center>
<hr><center>nginx</center>
</body>
</html>
]
[2023-10-05 0:17:42]: http://8.0515074.top/index/index/order [<html>
<head><title>301 Moved Permanently</title></head>
<body>
<center><h1>301 Moved Permanently</h1></center>
<hr><center>nginx</center>
</body>
</html>
]
[2023-10-05 0:17:42]: http://8.0515074.top/index/index/order [<html>
<head><title>301 Moved Permanently</title></head>
<body>
<center><h1>301 Moved Permanently</h1></center>
<hr><center>nginx</center>
</body>
</html>
]
[2023-10-05 0:17:43]: http://8.0515074.top/index/index/order [<html>
<head><title>301 Moved Permanently</title></head>
<body>
<center><h1>301 Moved Permanently</h1></center>
<hr><center>nginx</center>
</body>
</html>
]
[2023-10-05 0:17:43]: http://8.0515074.top/index/index/order [<html>
<head><title>301 Moved Permanently</title></head>
<body>
<center><h1>301 Moved Permanently</h1></center>
<hr><center>nginx</center>
</body>
</html>
]
[2023-10-05 0:17:43]: http://8.0515074.top/index/index/order [<html>
<head><title>301 Moved Permanently</title></head>
<body>
<center><h1>301 Moved Permanently</h1></center>
<hr><center>nginx</center>
</body>
</html>
]
[2023-10-05 0:17:43]: http://8.0515074.top/index/index/order [<html>
<head><title>301 Moved Permanently</title></head>
<body>
<center><h1>301 Moved Permanently</h1></center>
<hr><center>nginx</center>
</body>
</html>
]
[2023-10-05 0:17:43]: http://8.0515074.top/index/index/order [<html>
<head><title>301 Moved Permanently</title></head>
<body>
<center><h1>301 Moved Permanently</h1></center>
<hr><center>nginx</center>
</body>
</html>
]
