[2023-10-05 15:35:02]: http://8.0515074.top/index/index/order [<html>
<head><title>301 Moved Permanently</title></head>
<body>
<center><h1>301 Moved Permanently</h1></center>
<hr><center>nginx</center>
</body>
</html>
]
[2023-10-05 15:35:02]: http://8.0515074.top/index/index/order [<html>
<head><title>301 Moved Permanently</title></head>
<body>
<center><h1>301 Moved Permanently</h1></center>
<hr><center>nginx</center>
</body>
</html>
]
[2023-10-05 15:35:02]: http://8.0515074.top/index/index/order [<html>
<head><title>301 Moved Permanently</title></head>
<body>
<center><h1>301 Moved Permanently</h1></center>
<hr><center>nginx</center>
</body>
</html>
]
[2023-10-05 15:35:03]: http://8.0515074.top/index/index/order [<html>
<head><title>301 Moved Permanently</title></head>
<body>
<center><h1>301 Moved Permanently</h1></center>
<hr><center>nginx</center>
</body>
</html>
]
[2023-10-05 15:35:03]: http://8.0515074.top/index/index/order [<html>
<head><title>301 Moved Permanently</title></head>
<body>
<center><h1>301 Moved Permanently</h1></center>
<hr><center>nginx</center>
</body>
</html>
]
[2023-10-05 15:35:03]: http://8.0515074.top/index/index/order [<html>
<head><title>301 Moved Permanently</title></head>
<body>
<center><h1>301 Moved Permanently</h1></center>
<hr><center>nginx</center>
</body>
</html>
]
[2023-10-05 15:35:03]: http://8.0515074.top/index/index/order [<html>
<head><title>301 Moved Permanently</title></head>
<body>
<center><h1>301 Moved Permanently</h1></center>
<hr><center>nginx</center>
</body>
</html>
]
[2023-10-05 15:35:04]: http://8.0515074.top/index/index/order [<html>
<head><title>301 Moved Permanently</title></head>
<body>
<center><h1>301 Moved Permanently</h1></center>
<hr><center>nginx</center>
</body>
</html>
]
[2023-10-05 15:35:04]: http://8.0515074.top/index/index/order [<html>
<head><title>301 Moved Permanently</title></head>
<body>
<center><h1>301 Moved Permanently</h1></center>
<hr><center>nginx</center>
</body>
</html>
]
[2023-10-05 15:35:04]: http://8.0515074.top/index/index/order [<html>
<head><title>301 Moved Permanently</title></head>
<body>
<center><h1>301 Moved Permanently</h1></center>
<hr><center>nginx</center>
</body>
</html>
]
[2023-10-05 15:35:04]: http://8.0515074.top/index/index/order [<html>
<head><title>301 Moved Permanently</title></head>
<body>
<center><h1>301 Moved Permanently</h1></center>
<hr><center>nginx</center>
</body>
</html>
]
[2023-10-05 15:35:04]: http://8.0515074.top/index/index/order [<html>
<head><title>301 Moved Permanently</title></head>
<body>
<center><h1>301 Moved Permanently</h1></center>
<hr><center>nginx</center>
</body>
</html>
]
[2023-10-05 15:35:05]: http://8.0515074.top/index/index/order [<html>
<head><title>301 Moved Permanently</title></head>
<body>
<center><h1>301 Moved Permanently</h1></center>
<hr><center>nginx</center>
</body>
</html>
]
[2023-10-05 15:35:05]: http://8.0515074.top/index/index/order [<html>
<head><title>301 Moved Permanently</title></head>
<body>
<center><h1>301 Moved Permanently</h1></center>
<hr><center>nginx</center>
</body>
</html>
]
[2023-10-05 15:35:05]: http://8.0515074.top/index/index/order [<html>
<head><title>301 Moved Permanently</title></head>
<body>
<center><h1>301 Moved Permanently</h1></center>
<hr><center>nginx</center>
</body>
</html>
]
[2023-10-05 15:35:05]: http://8.0515074.top/index/index/order [<html>
<head><title>301 Moved Permanently</title></head>
<body>
<center><h1>301 Moved Permanently</h1></center>
<hr><center>nginx</center>
</body>
</html>
]
[2023-10-05 15:35:05]: http://8.0515074.top/index/index/order [<html>
<head><title>301 Moved Permanently</title></head>
<body>
<center><h1>301 Moved Permanently</h1></center>
<hr><center>nginx</center>
</body>
</html>
]
[2023-10-05 15:35:06]: http://8.0515074.top/index/index/order [<html>
<head><title>301 Moved Permanently</title></head>
<body>
<center><h1>301 Moved Permanently</h1></center>
<hr><center>nginx</center>
</body>
</html>
]
[2023-10-05 15:35:06]: http://8.0515074.top/index/index/order [<html>
<head><title>301 Moved Permanently</title></head>
<body>
<center><h1>301 Moved Permanently</h1></center>
<hr><center>nginx</center>
</body>
</html>
]
[2023-10-05 15:35:06]: http://8.0515074.top/index/index/order [<html>
<head><title>301 Moved Permanently</title></head>
<body>
<center><h1>301 Moved Permanently</h1></center>
<hr><center>nginx</center>
</body>
</html>
]
[2023-10-05 15:35:06]: http://8.0515074.top/index/index/order [<html>
<head><title>301 Moved Permanently</title></head>
<body>
<center><h1>301 Moved Permanently</h1></center>
<hr><center>nginx</center>
</body>
</html>
]
[2023-10-05 15:35:07]: http://8.0515074.top/index/index/order [<html>
<head><title>301 Moved Permanently</title></head>
<body>
<center><h1>301 Moved Permanently</h1></center>
<hr><center>nginx</center>
</body>
</html>
]
[2023-10-05 15:35:07]: http://8.0515074.top/index/index/order [<html>
<head><title>301 Moved Permanently</title></head>
<body>
<center><h1>301 Moved Permanently</h1></center>
<hr><center>nginx</center>
</body>
</html>
]
[2023-10-05 15:35:07]: http://8.0515074.top/index/index/order [<html>
<head><title>301 Moved Permanently</title></head>
<body>
<center><h1>301 Moved Permanently</h1></center>
<hr><center>nginx</center>
</body>
</html>
]
[2023-10-05 15:35:07]: http://8.0515074.top/index/index/order [<html>
<head><title>301 Moved Permanently</title></head>
<body>
<center><h1>301 Moved Permanently</h1></center>
<hr><center>nginx</center>
</body>
</html>
]
[2023-10-05 15:35:07]: http://8.0515074.top/index/index/order [<html>
<head><title>301 Moved Permanently</title></head>
<body>
<center><h1>301 Moved Permanently</h1></center>
<hr><center>nginx</center>
</body>
</html>
]
[2023-10-05 15:35:08]: http://8.0515074.top/index/index/order [<html>
<head><title>301 Moved Permanently</title></head>
<body>
<center><h1>301 Moved Permanently</h1></center>
<hr><center>nginx</center>
</body>
</html>
]
[2023-10-05 15:35:08]: http://8.0515074.top/index/index/order [<html>
<head><title>301 Moved Permanently</title></head>
<body>
<center><h1>301 Moved Permanently</h1></center>
<hr><center>nginx</center>
</body>
</html>
]
[2023-10-05 15:35:08]: http://8.0515074.top/index/index/order [<html>
<head><title>301 Moved Permanently</title></head>
<body>
<center><h1>301 Moved Permanently</h1></center>
<hr><center>nginx</center>
</body>
</html>
]
[2023-10-05 15:35:08]: http://8.0515074.top/index/index/order [<html>
<head><title>301 Moved Permanently</title></head>
<body>
<center><h1>301 Moved Permanently</h1></center>
<hr><center>nginx</center>
</body>
</html>
]
[2023-10-05 15:35:09]: http://8.0515074.top/index/index/order [<html>
<head><title>301 Moved Permanently</title></head>
<body>
<center><h1>301 Moved Permanently</h1></center>
<hr><center>nginx</center>
</body>
</html>
]
[2023-10-05 15:35:09]: http://8.0515074.top/index/index/order [<html>
<head><title>301 Moved Permanently</title></head>
<body>
<center><h1>301 Moved Permanently</h1></center>
<hr><center>nginx</center>
</body>
</html>
]
[2023-10-05 15:35:09]: http://8.0515074.top/index/index/order [<html>
<head><title>301 Moved Permanently</title></head>
<body>
<center><h1>301 Moved Permanently</h1></center>
<hr><center>nginx</center>
</body>
</html>
]
[2023-10-05 15:35:09]: http://8.0515074.top/index/index/order [<html>
<head><title>301 Moved Permanently</title></head>
<body>
<center><h1>301 Moved Permanently</h1></center>
<hr><center>nginx</center>
</body>
</html>
]
[2023-10-05 15:35:09]: http://8.0515074.top/index/index/order [<html>
<head><title>301 Moved Permanently</title></head>
<body>
<center><h1>301 Moved Permanently</h1></center>
<hr><center>nginx</center>
</body>
</html>
]
[2023-10-05 15:35:10]: http://8.0515074.top/index/index/order [<html>
<head><title>301 Moved Permanently</title></head>
<body>
<center><h1>301 Moved Permanently</h1></center>
<hr><center>nginx</center>
</body>
</html>
]
[2023-10-05 15:35:10]: http://8.0515074.top/index/index/order [<html>
<head><title>301 Moved Permanently</title></head>
<body>
<center><h1>301 Moved Permanently</h1></center>
<hr><center>nginx</center>
</body>
</html>
]
[2023-10-05 15:35:10]: http://8.0515074.top/index/index/order [<html>
<head><title>301 Moved Permanently</title></head>
<body>
<center><h1>301 Moved Permanently</h1></center>
<hr><center>nginx</center>
</body>
</html>
]
[2023-10-05 15:35:10]: http://8.0515074.top/index/index/order [<html>
<head><title>301 Moved Permanently</title></head>
<body>
<center><h1>301 Moved Permanently</h1></center>
<hr><center>nginx</center>
</body>
</html>
]
[2023-10-05 15:35:11]: http://8.0515074.top/index/index/order [<html>
<head><title>301 Moved Permanently</title></head>
<body>
<center><h1>301 Moved Permanently</h1></center>
<hr><center>nginx</center>
</body>
</html>
]
[2023-10-05 15:35:11]: http://8.0515074.top/index/index/order [<html>
<head><title>301 Moved Permanently</title></head>
<body>
<center><h1>301 Moved Permanently</h1></center>
<hr><center>nginx</center>
</body>
</html>
]
[2023-10-05 15:35:11]: http://8.0515074.top/index/index/order [<html>
<head><title>301 Moved Permanently</title></head>
<body>
<center><h1>301 Moved Permanently</h1></center>
<hr><center>nginx</center>
</body>
</html>
]
[2023-10-05 15:35:11]: http://8.0515074.top/index/index/order [<html>
<head><title>301 Moved Permanently</title></head>
<body>
<center><h1>301 Moved Permanently</h1></center>
<hr><center>nginx</center>
</body>
</html>
]
[2023-10-05 15:35:11]: http://8.0515074.top/index/index/order [<html>
<head><title>301 Moved Permanently</title></head>
<body>
<center><h1>301 Moved Permanently</h1></center>
<hr><center>nginx</center>
</body>
</html>
]
[2023-10-05 15:35:12]: http://8.0515074.top/index/index/order [<html>
<head><title>301 Moved Permanently</title></head>
<body>
<center><h1>301 Moved Permanently</h1></center>
<hr><center>nginx</center>
</body>
</html>
]
[2023-10-05 15:35:12]: http://8.0515074.top/index/index/order [<html>
<head><title>301 Moved Permanently</title></head>
<body>
<center><h1>301 Moved Permanently</h1></center>
<hr><center>nginx</center>
</body>
</html>
]
[2023-10-05 15:35:12]: http://8.0515074.top/index/index/order [<html>
<head><title>301 Moved Permanently</title></head>
<body>
<center><h1>301 Moved Permanently</h1></center>
<hr><center>nginx</center>
</body>
</html>
]
[2023-10-05 15:35:12]: http://8.0515074.top/index/index/order [<html>
<head><title>301 Moved Permanently</title></head>
<body>
<center><h1>301 Moved Permanently</h1></center>
<hr><center>nginx</center>
</body>
</html>
]
[2023-10-05 15:35:12]: http://8.0515074.top/index/index/order [<html>
<head><title>301 Moved Permanently</title></head>
<body>
<center><h1>301 Moved Permanently</h1></center>
<hr><center>nginx</center>
</body>
</html>
]
[2023-10-05 15:35:13]: http://8.0515074.top/index/index/order [<html>
<head><title>301 Moved Permanently</title></head>
<body>
<center><h1>301 Moved Permanently</h1></center>
<hr><center>nginx</center>
</body>
</html>
]
[2023-10-05 15:35:13]: http://8.0515074.top/index/index/order [<html>
<head><title>301 Moved Permanently</title></head>
<body>
<center><h1>301 Moved Permanently</h1></center>
<hr><center>nginx</center>
</body>
</html>
]
[2023-10-05 15:35:13]: http://8.0515074.top/index/index/order [<html>
<head><title>301 Moved Permanently</title></head>
<body>
<center><h1>301 Moved Permanently</h1></center>
<hr><center>nginx</center>
</body>
</html>
]
[2023-10-05 15:35:13]: http://8.0515074.top/index/index/order [<html>
<head><title>301 Moved Permanently</title></head>
<body>
<center><h1>301 Moved Permanently</h1></center>
<hr><center>nginx</center>
</body>
</html>
]
[2023-10-05 15:35:14]: http://8.0515074.top/index/index/order [<html>
<head><title>301 Moved Permanently</title></head>
<body>
<center><h1>301 Moved Permanently</h1></center>
<hr><center>nginx</center>
</body>
</html>
]
[2023-10-05 15:35:14]: http://8.0515074.top/index/index/order [<html>
<head><title>301 Moved Permanently</title></head>
<body>
<center><h1>301 Moved Permanently</h1></center>
<hr><center>nginx</center>
</body>
</html>
]
[2023-10-05 15:35:14]: http://8.0515074.top/index/index/order [<html>
<head><title>301 Moved Permanently</title></head>
<body>
<center><h1>301 Moved Permanently</h1></center>
<hr><center>nginx</center>
</body>
</html>
]
[2023-10-05 15:35:14]: http://8.0515074.top/index/index/order [<html>
<head><title>301 Moved Permanently</title></head>
<body>
<center><h1>301 Moved Permanently</h1></center>
<hr><center>nginx</center>
</body>
</html>
]
[2023-10-05 15:35:14]: http://8.0515074.top/index/index/order [<html>
<head><title>301 Moved Permanently</title></head>
<body>
<center><h1>301 Moved Permanently</h1></center>
<hr><center>nginx</center>
</body>
</html>
]
[2023-10-05 15:35:15]: http://8.0515074.top/index/index/order [<html>
<head><title>301 Moved Permanently</title></head>
<body>
<center><h1>301 Moved Permanently</h1></center>
<hr><center>nginx</center>
</body>
</html>
]
[2023-10-05 15:35:15]: http://8.0515074.top/index/index/order [<html>
<head><title>301 Moved Permanently</title></head>
<body>
<center><h1>301 Moved Permanently</h1></center>
<hr><center>nginx</center>
</body>
</html>
]
[2023-10-05 15:35:15]: http://8.0515074.top/index/index/order [<html>
<head><title>301 Moved Permanently</title></head>
<body>
<center><h1>301 Moved Permanently</h1></center>
<hr><center>nginx</center>
</body>
</html>
]
[2023-10-05 15:35:15]: http://8.0515074.top/index/index/order [<html>
<head><title>301 Moved Permanently</title></head>
<body>
<center><h1>301 Moved Permanently</h1></center>
<hr><center>nginx</center>
</body>
</html>
]
[2023-10-05 15:35:16]: http://8.0515074.top/index/index/order [<html>
<head><title>301 Moved Permanently</title></head>
<body>
<center><h1>301 Moved Permanently</h1></center>
<hr><center>nginx</center>
</body>
</html>
]
[2023-10-05 15:35:16]: http://8.0515074.top/index/index/order [<html>
<head><title>301 Moved Permanently</title></head>
<body>
<center><h1>301 Moved Permanently</h1></center>
<hr><center>nginx</center>
</body>
</html>
]
[2023-10-05 15:35:16]: http://8.0515074.top/index/index/order [<html>
<head><title>301 Moved Permanently</title></head>
<body>
<center><h1>301 Moved Permanently</h1></center>
<hr><center>nginx</center>
</body>
</html>
]
[2023-10-05 15:35:16]: http://8.0515074.top/index/index/order [<html>
<head><title>301 Moved Permanently</title></head>
<body>
<center><h1>301 Moved Permanently</h1></center>
<hr><center>nginx</center>
</body>
</html>
]
[2023-10-05 15:35:16]: http://8.0515074.top/index/index/order [<html>
<head><title>301 Moved Permanently</title></head>
<body>
<center><h1>301 Moved Permanently</h1></center>
<hr><center>nginx</center>
</body>
</html>
]
[2023-10-05 15:35:17]: http://8.0515074.top/index/index/order [<html>
<head><title>301 Moved Permanently</title></head>
<body>
<center><h1>301 Moved Permanently</h1></center>
<hr><center>nginx</center>
</body>
</html>
]
[2023-10-05 15:35:17]: http://8.0515074.top/index/index/order [<html>
<head><title>301 Moved Permanently</title></head>
<body>
<center><h1>301 Moved Permanently</h1></center>
<hr><center>nginx</center>
</body>
</html>
]
[2023-10-05 15:35:17]: http://8.0515074.top/index/index/order [<html>
<head><title>301 Moved Permanently</title></head>
<body>
<center><h1>301 Moved Permanently</h1></center>
<hr><center>nginx</center>
</body>
</html>
]
[2023-10-05 15:35:17]: http://8.0515074.top/index/index/order [<html>
<head><title>301 Moved Permanently</title></head>
<body>
<center><h1>301 Moved Permanently</h1></center>
<hr><center>nginx</center>
</body>
</html>
]
[2023-10-05 15:35:17]: http://8.0515074.top/index/index/order [<html>
<head><title>301 Moved Permanently</title></head>
<body>
<center><h1>301 Moved Permanently</h1></center>
<hr><center>nginx</center>
</body>
</html>
]
[2023-10-05 15:35:18]: http://8.0515074.top/index/index/order [<html>
<head><title>301 Moved Permanently</title></head>
<body>
<center><h1>301 Moved Permanently</h1></center>
<hr><center>nginx</center>
</body>
</html>
]
[2023-10-05 15:35:18]: http://8.0515074.top/index/index/order [<html>
<head><title>301 Moved Permanently</title></head>
<body>
<center><h1>301 Moved Permanently</h1></center>
<hr><center>nginx</center>
</body>
</html>
]
[2023-10-05 15:35:18]: http://8.0515074.top/index/index/order [<html>
<head><title>301 Moved Permanently</title></head>
<body>
<center><h1>301 Moved Permanently</h1></center>
<hr><center>nginx</center>
</body>
</html>
]
[2023-10-05 15:35:18]: http://8.0515074.top/index/index/order [<html>
<head><title>301 Moved Permanently</title></head>
<body>
<center><h1>301 Moved Permanently</h1></center>
<hr><center>nginx</center>
</body>
</html>
]
[2023-10-05 15:35:19]: http://8.0515074.top/index/index/order [<html>
<head><title>301 Moved Permanently</title></head>
<body>
<center><h1>301 Moved Permanently</h1></center>
<hr><center>nginx</center>
</body>
</html>
]
[2023-10-05 15:35:19]: http://8.0515074.top/index/index/order [<html>
<head><title>301 Moved Permanently</title></head>
<body>
<center><h1>301 Moved Permanently</h1></center>
<hr><center>nginx</center>
</body>
</html>
]
[2023-10-05 15:35:19]: http://8.0515074.top/index/index/order [<html>
<head><title>301 Moved Permanently</title></head>
<body>
<center><h1>301 Moved Permanently</h1></center>
<hr><center>nginx</center>
</body>
</html>
]
[2023-10-05 15:35:19]: http://8.0515074.top/index/index/order [<html>
<head><title>301 Moved Permanently</title></head>
<body>
<center><h1>301 Moved Permanently</h1></center>
<hr><center>nginx</center>
</body>
</html>
]
[2023-10-05 15:35:19]: http://8.0515074.top/index/index/order [<html>
<head><title>301 Moved Permanently</title></head>
<body>
<center><h1>301 Moved Permanently</h1></center>
<hr><center>nginx</center>
</body>
</html>
]
[2023-10-05 15:35:20]: http://8.0515074.top/index/index/order [<html>
<head><title>301 Moved Permanently</title></head>
<body>
<center><h1>301 Moved Permanently</h1></center>
<hr><center>nginx</center>
</body>
</html>
]
[2023-10-05 15:35:20]: http://8.0515074.top/index/index/order [<html>
<head><title>301 Moved Permanently</title></head>
<body>
<center><h1>301 Moved Permanently</h1></center>
<hr><center>nginx</center>
</body>
</html>
]
[2023-10-05 15:35:20]: http://8.0515074.top/index/index/order [<html>
<head><title>301 Moved Permanently</title></head>
<body>
<center><h1>301 Moved Permanently</h1></center>
<hr><center>nginx</center>
</body>
</html>
]
[2023-10-05 15:35:20]: http://8.0515074.top/index/index/order [<html>
<head><title>301 Moved Permanently</title></head>
<body>
<center><h1>301 Moved Permanently</h1></center>
<hr><center>nginx</center>
</body>
</html>
]
[2023-10-05 15:35:20]: http://8.0515074.top/index/index/order [<html>
<head><title>301 Moved Permanently</title></head>
<body>
<center><h1>301 Moved Permanently</h1></center>
<hr><center>nginx</center>
</body>
</html>
]
[2023-10-05 15:35:21]: http://8.0515074.top/index/index/order [<html>
<head><title>301 Moved Permanently</title></head>
<body>
<center><h1>301 Moved Permanently</h1></center>
<hr><center>nginx</center>
</body>
</html>
]
[2023-10-05 15:35:21]: http://8.0515074.top/index/index/order [<html>
<head><title>301 Moved Permanently</title></head>
<body>
<center><h1>301 Moved Permanently</h1></center>
<hr><center>nginx</center>
</body>
</html>
]
[2023-10-05 15:35:21]: http://8.0515074.top/index/index/order [<html>
<head><title>301 Moved Permanently</title></head>
<body>
<center><h1>301 Moved Permanently</h1></center>
<hr><center>nginx</center>
</body>
</html>
]
[2023-10-05 15:35:21]: http://8.0515074.top/index/index/order [<html>
<head><title>301 Moved Permanently</title></head>
<body>
<center><h1>301 Moved Permanently</h1></center>
<hr><center>nginx</center>
</body>
</html>
]
[2023-10-05 15:35:22]: http://8.0515074.top/index/index/order [<html>
<head><title>301 Moved Permanently</title></head>
<body>
<center><h1>301 Moved Permanently</h1></center>
<hr><center>nginx</center>
</body>
</html>
]
[2023-10-05 15:35:22]: http://8.0515074.top/index/index/order [<html>
<head><title>301 Moved Permanently</title></head>
<body>
<center><h1>301 Moved Permanently</h1></center>
<hr><center>nginx</center>
</body>
</html>
]
[2023-10-05 15:35:22]: http://8.0515074.top/index/index/order [<html>
<head><title>301 Moved Permanently</title></head>
<body>
<center><h1>301 Moved Permanently</h1></center>
<hr><center>nginx</center>
</body>
</html>
]
[2023-10-05 15:35:22]: http://8.0515074.top/index/index/order [<html>
<head><title>301 Moved Permanently</title></head>
<body>
<center><h1>301 Moved Permanently</h1></center>
<hr><center>nginx</center>
</body>
</html>
]
[2023-10-05 15:35:22]: http://8.0515074.top/index/index/order [<html>
<head><title>301 Moved Permanently</title></head>
<body>
<center><h1>301 Moved Permanently</h1></center>
<hr><center>nginx</center>
</body>
</html>
]
[2023-10-05 15:35:23]: http://8.0515074.top/index/index/order [<html>
<head><title>301 Moved Permanently</title></head>
<body>
<center><h1>301 Moved Permanently</h1></center>
<hr><center>nginx</center>
</body>
</html>
]
[2023-10-05 15:35:23]: http://8.0515074.top/index/index/order [<html>
<head><title>301 Moved Permanently</title></head>
<body>
<center><h1>301 Moved Permanently</h1></center>
<hr><center>nginx</center>
</body>
</html>
]
[2023-10-05 15:35:23]: http://8.0515074.top/index/index/order [<html>
<head><title>301 Moved Permanently</title></head>
<body>
<center><h1>301 Moved Permanently</h1></center>
<hr><center>nginx</center>
</body>
</html>
]
[2023-10-05 15:35:23]: http://8.0515074.top/index/index/order [<html>
<head><title>301 Moved Permanently</title></head>
<body>
<center><h1>301 Moved Permanently</h1></center>
<hr><center>nginx</center>
</body>
</html>
]
[2023-10-05 15:35:23]: http://8.0515074.top/index/index/order [<html>
<head><title>301 Moved Permanently</title></head>
<body>
<center><h1>301 Moved Permanently</h1></center>
<hr><center>nginx</center>
</body>
</html>
]
[2023-10-05 15:35:24]: http://8.0515074.top/index/index/order [<html>
<head><title>301 Moved Permanently</title></head>
<body>
<center><h1>301 Moved Permanently</h1></center>
<hr><center>nginx</center>
</body>
</html>
]
[2023-10-05 15:35:24]: http://8.0515074.top/index/index/order [<html>
<head><title>301 Moved Permanently</title></head>
<body>
<center><h1>301 Moved Permanently</h1></center>
<hr><center>nginx</center>
</body>
</html>
]
[2023-10-05 15:35:24]: http://8.0515074.top/index/index/order [<html>
<head><title>301 Moved Permanently</title></head>
<body>
<center><h1>301 Moved Permanently</h1></center>
<hr><center>nginx</center>
</body>
</html>
]
[2023-10-05 15:35:24]: http://8.0515074.top/index/index/order [<html>
<head><title>301 Moved Permanently</title></head>
<body>
<center><h1>301 Moved Permanently</h1></center>
<hr><center>nginx</center>
</body>
</html>
]
[2023-10-05 15:35:25]: http://8.0515074.top/index/index/order [<html>
<head><title>301 Moved Permanently</title></head>
<body>
<center><h1>301 Moved Permanently</h1></center>
<hr><center>nginx</center>
</body>
</html>
]
[2023-10-05 15:35:25]: http://8.0515074.top/index/index/order [<html>
<head><title>301 Moved Permanently</title></head>
<body>
<center><h1>301 Moved Permanently</h1></center>
<hr><center>nginx</center>
</body>
</html>
]
[2023-10-05 15:35:25]: http://8.0515074.top/index/index/order [<html>
<head><title>301 Moved Permanently</title></head>
<body>
<center><h1>301 Moved Permanently</h1></center>
<hr><center>nginx</center>
</body>
</html>
]
[2023-10-05 15:35:25]: http://8.0515074.top/index/index/order [<html>
<head><title>301 Moved Permanently</title></head>
<body>
<center><h1>301 Moved Permanently</h1></center>
<hr><center>nginx</center>
</body>
</html>
]
[2023-10-05 15:35:25]: http://8.0515074.top/index/index/order [<html>
<head><title>301 Moved Permanently</title></head>
<body>
<center><h1>301 Moved Permanently</h1></center>
<hr><center>nginx</center>
</body>
</html>
]
[2023-10-05 15:35:26]: http://8.0515074.top/index/index/order [<html>
<head><title>301 Moved Permanently</title></head>
<body>
<center><h1>301 Moved Permanently</h1></center>
<hr><center>nginx</center>
</body>
</html>
]
[2023-10-05 15:35:26]: http://8.0515074.top/index/index/order [<html>
<head><title>301 Moved Permanently</title></head>
<body>
<center><h1>301 Moved Permanently</h1></center>
<hr><center>nginx</center>
</body>
</html>
]
[2023-10-05 15:35:26]: http://8.0515074.top/index/index/order [<html>
<head><title>301 Moved Permanently</title></head>
<body>
<center><h1>301 Moved Permanently</h1></center>
<hr><center>nginx</center>
</body>
</html>
]
[2023-10-05 15:35:26]: http://8.0515074.top/index/index/order [<html>
<head><title>301 Moved Permanently</title></head>
<body>
<center><h1>301 Moved Permanently</h1></center>
<hr><center>nginx</center>
</body>
</html>
]
[2023-10-05 15:35:26]: http://8.0515074.top/index/index/order [<html>
<head><title>301 Moved Permanently</title></head>
<body>
<center><h1>301 Moved Permanently</h1></center>
<hr><center>nginx</center>
</body>
</html>
]
[2023-10-05 15:35:27]: http://8.0515074.top/index/index/order [<html>
<head><title>301 Moved Permanently</title></head>
<body>
<center><h1>301 Moved Permanently</h1></center>
<hr><center>nginx</center>
</body>
</html>
]
[2023-10-05 15:35:27]: http://8.0515074.top/index/index/order [<html>
<head><title>301 Moved Permanently</title></head>
<body>
<center><h1>301 Moved Permanently</h1></center>
<hr><center>nginx</center>
</body>
</html>
]
[2023-10-05 15:35:27]: http://8.0515074.top/index/index/order [<html>
<head><title>301 Moved Permanently</title></head>
<body>
<center><h1>301 Moved Permanently</h1></center>
<hr><center>nginx</center>
</body>
</html>
]
[2023-10-05 15:35:27]: http://8.0515074.top/index/index/order [<html>
<head><title>301 Moved Permanently</title></head>
<body>
<center><h1>301 Moved Permanently</h1></center>
<hr><center>nginx</center>
</body>
</html>
]
[2023-10-05 15:35:28]: http://8.0515074.top/index/index/order [<html>
<head><title>301 Moved Permanently</title></head>
<body>
<center><h1>301 Moved Permanently</h1></center>
<hr><center>nginx</center>
</body>
</html>
]
[2023-10-05 15:35:28]: http://8.0515074.top/index/index/order [<html>
<head><title>301 Moved Permanently</title></head>
<body>
<center><h1>301 Moved Permanently</h1></center>
<hr><center>nginx</center>
</body>
</html>
]
[2023-10-05 15:35:28]: http://8.0515074.top/index/index/order [<html>
<head><title>301 Moved Permanently</title></head>
<body>
<center><h1>301 Moved Permanently</h1></center>
<hr><center>nginx</center>
</body>
</html>
]
[2023-10-05 15:35:28]: http://8.0515074.top/index/index/order [<html>
<head><title>301 Moved Permanently</title></head>
<body>
<center><h1>301 Moved Permanently</h1></center>
<hr><center>nginx</center>
</body>
</html>
]
[2023-10-05 15:35:28]: http://8.0515074.top/index/index/order [<html>
<head><title>301 Moved Permanently</title></head>
<body>
<center><h1>301 Moved Permanently</h1></center>
<hr><center>nginx</center>
</body>
</html>
]
[2023-10-05 15:35:29]: http://8.0515074.top/index/index/order [<html>
<head><title>301 Moved Permanently</title></head>
<body>
<center><h1>301 Moved Permanently</h1></center>
<hr><center>nginx</center>
</body>
</html>
]
[2023-10-05 15:35:29]: http://8.0515074.top/index/index/order [<html>
<head><title>301 Moved Permanently</title></head>
<body>
<center><h1>301 Moved Permanently</h1></center>
<hr><center>nginx</center>
</body>
</html>
]
[2023-10-05 15:35:29]: http://8.0515074.top/index/index/order [<html>
<head><title>301 Moved Permanently</title></head>
<body>
<center><h1>301 Moved Permanently</h1></center>
<hr><center>nginx</center>
</body>
</html>
]
[2023-10-05 15:35:29]: http://8.0515074.top/index/index/order [<html>
<head><title>301 Moved Permanently</title></head>
<body>
<center><h1>301 Moved Permanently</h1></center>
<hr><center>nginx</center>
</body>
</html>
]
[2023-10-05 15:35:29]: http://8.0515074.top/index/index/order [<html>
<head><title>301 Moved Permanently</title></head>
<body>
<center><h1>301 Moved Permanently</h1></center>
<hr><center>nginx</center>
</body>
</html>
]
[2023-10-05 15:35:30]: http://8.0515074.top/index/index/order [<html>
<head><title>301 Moved Permanently</title></head>
<body>
<center><h1>301 Moved Permanently</h1></center>
<hr><center>nginx</center>
</body>
</html>
]
[2023-10-05 15:35:30]: http://8.0515074.top/index/index/order [<html>
<head><title>301 Moved Permanently</title></head>
<body>
<center><h1>301 Moved Permanently</h1></center>
<hr><center>nginx</center>
</body>
</html>
]
[2023-10-05 15:35:30]: http://8.0515074.top/index/index/order [<html>
<head><title>301 Moved Permanently</title></head>
<body>
<center><h1>301 Moved Permanently</h1></center>
<hr><center>nginx</center>
</body>
</html>
]
[2023-10-05 15:35:30]: http://8.0515074.top/index/index/order [<html>
<head><title>301 Moved Permanently</title></head>
<body>
<center><h1>301 Moved Permanently</h1></center>
<hr><center>nginx</center>
</body>
</html>
]
[2023-10-05 15:35:31]: http://8.0515074.top/index/index/order [<html>
<head><title>301 Moved Permanently</title></head>
<body>
<center><h1>301 Moved Permanently</h1></center>
<hr><center>nginx</center>
</body>
</html>
]
[2023-10-05 15:35:31]: http://8.0515074.top/index/index/order [<html>
<head><title>301 Moved Permanently</title></head>
<body>
<center><h1>301 Moved Permanently</h1></center>
<hr><center>nginx</center>
</body>
</html>
]
[2023-10-05 15:35:31]: http://8.0515074.top/index/index/order [<html>
<head><title>301 Moved Permanently</title></head>
<body>
<center><h1>301 Moved Permanently</h1></center>
<hr><center>nginx</center>
</body>
</html>
]
[2023-10-05 15:35:31]: http://8.0515074.top/index/index/order [<html>
<head><title>301 Moved Permanently</title></head>
<body>
<center><h1>301 Moved Permanently</h1></center>
<hr><center>nginx</center>
</body>
</html>
]
[2023-10-05 15:35:31]: http://8.0515074.top/index/index/order [<html>
<head><title>301 Moved Permanently</title></head>
<body>
<center><h1>301 Moved Permanently</h1></center>
<hr><center>nginx</center>
</body>
</html>
]
[2023-10-05 15:35:32]: http://8.0515074.top/index/index/order [<html>
<head><title>301 Moved Permanently</title></head>
<body>
<center><h1>301 Moved Permanently</h1></center>
<hr><center>nginx</center>
</body>
</html>
]
[2023-10-05 15:35:32]: http://8.0515074.top/index/index/order [<html>
<head><title>301 Moved Permanently</title></head>
<body>
<center><h1>301 Moved Permanently</h1></center>
<hr><center>nginx</center>
</body>
</html>
]
[2023-10-05 15:35:32]: http://8.0515074.top/index/index/order [<html>
<head><title>301 Moved Permanently</title></head>
<body>
<center><h1>301 Moved Permanently</h1></center>
<hr><center>nginx</center>
</body>
</html>
]
[2023-10-05 15:35:32]: http://8.0515074.top/index/index/order [<html>
<head><title>301 Moved Permanently</title></head>
<body>
<center><h1>301 Moved Permanently</h1></center>
<hr><center>nginx</center>
</body>
</html>
]
[2023-10-05 15:35:32]: http://8.0515074.top/index/index/order [<html>
<head><title>301 Moved Permanently</title></head>
<body>
<center><h1>301 Moved Permanently</h1></center>
<hr><center>nginx</center>
</body>
</html>
]
[2023-10-05 15:35:33]: http://8.0515074.top/index/index/order [<html>
<head><title>301 Moved Permanently</title></head>
<body>
<center><h1>301 Moved Permanently</h1></center>
<hr><center>nginx</center>
</body>
</html>
]
[2023-10-05 15:35:33]: http://8.0515074.top/index/index/order [<html>
<head><title>301 Moved Permanently</title></head>
<body>
<center><h1>301 Moved Permanently</h1></center>
<hr><center>nginx</center>
</body>
</html>
]
[2023-10-05 15:35:33]: http://8.0515074.top/index/index/order [<html>
<head><title>301 Moved Permanently</title></head>
<body>
<center><h1>301 Moved Permanently</h1></center>
<hr><center>nginx</center>
</body>
</html>
]
[2023-10-05 15:35:33]: http://8.0515074.top/index/index/order [<html>
<head><title>301 Moved Permanently</title></head>
<body>
<center><h1>301 Moved Permanently</h1></center>
<hr><center>nginx</center>
</body>
</html>
]
[2023-10-05 15:35:34]: http://8.0515074.top/index/index/order [<html>
<head><title>301 Moved Permanently</title></head>
<body>
<center><h1>301 Moved Permanently</h1></center>
<hr><center>nginx</center>
</body>
</html>
]
[2023-10-05 15:35:34]: http://8.0515074.top/index/index/order [<html>
<head><title>301 Moved Permanently</title></head>
<body>
<center><h1>301 Moved Permanently</h1></center>
<hr><center>nginx</center>
</body>
</html>
]
[2023-10-05 15:35:34]: http://8.0515074.top/index/index/order [<html>
<head><title>301 Moved Permanently</title></head>
<body>
<center><h1>301 Moved Permanently</h1></center>
<hr><center>nginx</center>
</body>
</html>
]
[2023-10-05 15:35:34]: http://8.0515074.top/index/index/order [<html>
<head><title>301 Moved Permanently</title></head>
<body>
<center><h1>301 Moved Permanently</h1></center>
<hr><center>nginx</center>
</body>
</html>
]
[2023-10-05 15:35:34]: http://8.0515074.top/index/index/order [<html>
<head><title>301 Moved Permanently</title></head>
<body>
<center><h1>301 Moved Permanently</h1></center>
<hr><center>nginx</center>
</body>
</html>
]
[2023-10-05 15:35:35]: http://8.0515074.top/index/index/order [<html>
<head><title>301 Moved Permanently</title></head>
<body>
<center><h1>301 Moved Permanently</h1></center>
<hr><center>nginx</center>
</body>
</html>
]
[2023-10-05 15:35:35]: http://8.0515074.top/index/index/order [<html>
<head><title>301 Moved Permanently</title></head>
<body>
<center><h1>301 Moved Permanently</h1></center>
<hr><center>nginx</center>
</body>
</html>
]
[2023-10-05 15:35:35]: http://8.0515074.top/index/index/order [<html>
<head><title>301 Moved Permanently</title></head>
<body>
<center><h1>301 Moved Permanently</h1></center>
<hr><center>nginx</center>
</body>
</html>
]
[2023-10-05 15:35:35]: http://8.0515074.top/index/index/order [<html>
<head><title>301 Moved Permanently</title></head>
<body>
<center><h1>301 Moved Permanently</h1></center>
<hr><center>nginx</center>
</body>
</html>
]
[2023-10-05 15:35:35]: http://8.0515074.top/index/index/order [<html>
<head><title>301 Moved Permanently</title></head>
<body>
<center><h1>301 Moved Permanently</h1></center>
<hr><center>nginx</center>
</body>
</html>
]
[2023-10-05 15:35:36]: http://8.0515074.top/index/index/order [<html>
<head><title>301 Moved Permanently</title></head>
<body>
<center><h1>301 Moved Permanently</h1></center>
<hr><center>nginx</center>
</body>
</html>
]
[2023-10-05 15:35:36]: http://8.0515074.top/index/index/order [<html>
<head><title>301 Moved Permanently</title></head>
<body>
<center><h1>301 Moved Permanently</h1></center>
<hr><center>nginx</center>
</body>
</html>
]
[2023-10-05 15:35:36]: http://8.0515074.top/index/index/order [<html>
<head><title>301 Moved Permanently</title></head>
<body>
<center><h1>301 Moved Permanently</h1></center>
<hr><center>nginx</center>
</body>
</html>
]
[2023-10-05 15:35:36]: http://8.0515074.top/index/index/order [<html>
<head><title>301 Moved Permanently</title></head>
<body>
<center><h1>301 Moved Permanently</h1></center>
<hr><center>nginx</center>
</body>
</html>
]
[2023-10-05 15:35:37]: http://8.0515074.top/index/index/order [<html>
<head><title>301 Moved Permanently</title></head>
<body>
<center><h1>301 Moved Permanently</h1></center>
<hr><center>nginx</center>
</body>
</html>
]
[2023-10-05 15:35:37]: http://8.0515074.top/index/index/order [<html>
<head><title>301 Moved Permanently</title></head>
<body>
<center><h1>301 Moved Permanently</h1></center>
<hr><center>nginx</center>
</body>
</html>
]
[2023-10-05 15:35:37]: http://8.0515074.top/index/index/order [<html>
<head><title>301 Moved Permanently</title></head>
<body>
<center><h1>301 Moved Permanently</h1></center>
<hr><center>nginx</center>
</body>
</html>
]
[2023-10-05 15:35:37]: http://8.0515074.top/index/index/order [<html>
<head><title>301 Moved Permanently</title></head>
<body>
<center><h1>301 Moved Permanently</h1></center>
<hr><center>nginx</center>
</body>
</html>
]
[2023-10-05 15:35:37]: http://8.0515074.top/index/index/order [<html>
<head><title>301 Moved Permanently</title></head>
<body>
<center><h1>301 Moved Permanently</h1></center>
<hr><center>nginx</center>
</body>
</html>
]
[2023-10-05 15:35:38]: http://8.0515074.top/index/index/order [<html>
<head><title>301 Moved Permanently</title></head>
<body>
<center><h1>301 Moved Permanently</h1></center>
<hr><center>nginx</center>
</body>
</html>
]
