[2023-10-14 20:41:01]: http://ht.lapepe.cc/index/index/order [<html>
<head><title>301 Moved Permanently</title></head>
<body>
<center><h1>301 Moved Permanently</h1></center>
<hr><center>nginx</center>
</body>
</html>
]
[2023-10-14 20:41:01]: http://ht.lapepe.cc/index/index/order [<html>
<head><title>301 Moved Permanently</title></head>
<body>
<center><h1>301 Moved Permanently</h1></center>
<hr><center>nginx</center>
</body>
</html>
]
[2023-10-14 20:41:02]: http://ht.lapepe.cc/index/index/order [<html>
<head><title>301 Moved Permanently</title></head>
<body>
<center><h1>301 Moved Permanently</h1></center>
<hr><center>nginx</center>
</body>
</html>
]
[2023-10-14 20:41:02]: http://ht.lapepe.cc/index/index/order [<html>
<head><title>301 Moved Permanently</title></head>
<body>
<center><h1>301 Moved Permanently</h1></center>
<hr><center>nginx</center>
</body>
</html>
]
[2023-10-14 20:41:02]: http://ht.lapepe.cc/index/index/order [<html>
<head><title>301 Moved Permanently</title></head>
<body>
<center><h1>301 Moved Permanently</h1></center>
<hr><center>nginx</center>
</body>
</html>
]
[2023-10-14 20:41:02]: http://ht.lapepe.cc/index/index/order [<html>
<head><title>301 Moved Permanently</title></head>
<body>
<center><h1>301 Moved Permanently</h1></center>
<hr><center>nginx</center>
</body>
</html>
]
[2023-10-14 20:41:02]: http://ht.lapepe.cc/index/index/order [<html>
<head><title>301 Moved Permanently</title></head>
<body>
<center><h1>301 Moved Permanently</h1></center>
<hr><center>nginx</center>
</body>
</html>
]
[2023-10-14 20:41:03]: http://ht.lapepe.cc/index/index/order [<html>
<head><title>301 Moved Permanently</title></head>
<body>
<center><h1>301 Moved Permanently</h1></center>
<hr><center>nginx</center>
</body>
</html>
]
[2023-10-14 20:41:03]: http://ht.lapepe.cc/index/index/order [<html>
<head><title>301 Moved Permanently</title></head>
<body>
<center><h1>301 Moved Permanently</h1></center>
<hr><center>nginx</center>
</body>
</html>
]
[2023-10-14 20:41:03]: http://ht.lapepe.cc/index/index/order [<html>
<head><title>301 Moved Permanently</title></head>
<body>
<center><h1>301 Moved Permanently</h1></center>
<hr><center>nginx</center>
</body>
</html>
]
[2023-10-14 20:41:03]: http://ht.lapepe.cc/index/index/order [<html>
<head><title>301 Moved Permanently</title></head>
<body>
<center><h1>301 Moved Permanently</h1></center>
<hr><center>nginx</center>
</body>
</html>
]
[2023-10-14 20:41:03]: http://ht.lapepe.cc/index/index/order [<html>
<head><title>301 Moved Permanently</title></head>
<body>
<center><h1>301 Moved Permanently</h1></center>
<hr><center>nginx</center>
</body>
</html>
]
[2023-10-14 20:41:04]: http://ht.lapepe.cc/index/index/order [<html>
<head><title>301 Moved Permanently</title></head>
<body>
<center><h1>301 Moved Permanently</h1></center>
<hr><center>nginx</center>
</body>
</html>
]
[2023-10-14 20:41:04]: http://ht.lapepe.cc/index/index/order [<html>
<head><title>301 Moved Permanently</title></head>
<body>
<center><h1>301 Moved Permanently</h1></center>
<hr><center>nginx</center>
</body>
</html>
]
[2023-10-14 20:41:04]: http://ht.lapepe.cc/index/index/order [<html>
<head><title>301 Moved Permanently</title></head>
<body>
<center><h1>301 Moved Permanently</h1></center>
<hr><center>nginx</center>
</body>
</html>
]
[2023-10-14 20:41:04]: http://ht.lapepe.cc/index/index/order [<html>
<head><title>301 Moved Permanently</title></head>
<body>
<center><h1>301 Moved Permanently</h1></center>
<hr><center>nginx</center>
</body>
</html>
]
[2023-10-14 20:41:04]: http://ht.lapepe.cc/index/index/order [<html>
<head><title>301 Moved Permanently</title></head>
<body>
<center><h1>301 Moved Permanently</h1></center>
<hr><center>nginx</center>
</body>
</html>
]
[2023-10-14 20:41:05]: http://ht.lapepe.cc/index/index/order [<html>
<head><title>301 Moved Permanently</title></head>
<body>
<center><h1>301 Moved Permanently</h1></center>
<hr><center>nginx</center>
</body>
</html>
]
[2023-10-14 20:41:05]: http://ht.lapepe.cc/index/index/order [<html>
<head><title>301 Moved Permanently</title></head>
<body>
<center><h1>301 Moved Permanently</h1></center>
<hr><center>nginx</center>
</body>
</html>
]
[2023-10-14 20:41:05]: http://ht.lapepe.cc/index/index/order [<html>
<head><title>301 Moved Permanently</title></head>
<body>
<center><h1>301 Moved Permanently</h1></center>
<hr><center>nginx</center>
</body>
</html>
]
[2023-10-14 20:41:05]: http://ht.lapepe.cc/index/index/order [<html>
<head><title>301 Moved Permanently</title></head>
<body>
<center><h1>301 Moved Permanently</h1></center>
<hr><center>nginx</center>
</body>
</html>
]
[2023-10-14 20:41:05]: http://ht.lapepe.cc/index/index/order [<html>
<head><title>301 Moved Permanently</title></head>
<body>
<center><h1>301 Moved Permanently</h1></center>
<hr><center>nginx</center>
</body>
</html>
]
[2023-10-14 20:41:06]: http://ht.lapepe.cc/index/index/order [<html>
<head><title>301 Moved Permanently</title></head>
<body>
<center><h1>301 Moved Permanently</h1></center>
<hr><center>nginx</center>
</body>
</html>
]
[2023-10-14 20:41:06]: http://ht.lapepe.cc/index/index/order [<html>
<head><title>301 Moved Permanently</title></head>
<body>
<center><h1>301 Moved Permanently</h1></center>
<hr><center>nginx</center>
</body>
</html>
]
[2023-10-14 20:41:06]: http://ht.lapepe.cc/index/index/order [<html>
<head><title>301 Moved Permanently</title></head>
<body>
<center><h1>301 Moved Permanently</h1></center>
<hr><center>nginx</center>
</body>
</html>
]
[2023-10-14 20:41:06]: http://ht.lapepe.cc/index/index/order [<html>
<head><title>301 Moved Permanently</title></head>
<body>
<center><h1>301 Moved Permanently</h1></center>
<hr><center>nginx</center>
</body>
</html>
]
[2023-10-14 20:41:06]: http://ht.lapepe.cc/index/index/order [<html>
<head><title>301 Moved Permanently</title></head>
<body>
<center><h1>301 Moved Permanently</h1></center>
<hr><center>nginx</center>
</body>
</html>
]
[2023-10-14 20:41:07]: http://ht.lapepe.cc/index/index/order [<html>
<head><title>301 Moved Permanently</title></head>
<body>
<center><h1>301 Moved Permanently</h1></center>
<hr><center>nginx</center>
</body>
</html>
]
[2023-10-14 20:41:07]: http://ht.lapepe.cc/index/index/order [<html>
<head><title>301 Moved Permanently</title></head>
<body>
<center><h1>301 Moved Permanently</h1></center>
<hr><center>nginx</center>
</body>
</html>
]
[2023-10-14 20:41:07]: http://ht.lapepe.cc/index/index/order [<html>
<head><title>301 Moved Permanently</title></head>
<body>
<center><h1>301 Moved Permanently</h1></center>
<hr><center>nginx</center>
</body>
</html>
]
[2023-10-14 20:41:07]: http://ht.lapepe.cc/index/index/order [<html>
<head><title>301 Moved Permanently</title></head>
<body>
<center><h1>301 Moved Permanently</h1></center>
<hr><center>nginx</center>
</body>
</html>
]
[2023-10-14 20:41:08]: http://ht.lapepe.cc/index/index/order [<html>
<head><title>301 Moved Permanently</title></head>
<body>
<center><h1>301 Moved Permanently</h1></center>
<hr><center>nginx</center>
</body>
</html>
]
[2023-10-14 20:41:08]: http://ht.lapepe.cc/index/index/order [<html>
<head><title>301 Moved Permanently</title></head>
<body>
<center><h1>301 Moved Permanently</h1></center>
<hr><center>nginx</center>
</body>
</html>
]
[2023-10-14 20:41:08]: http://ht.lapepe.cc/index/index/order [<html>
<head><title>301 Moved Permanently</title></head>
<body>
<center><h1>301 Moved Permanently</h1></center>
<hr><center>nginx</center>
</body>
</html>
]
[2023-10-14 20:41:08]: http://ht.lapepe.cc/index/index/order [<html>
<head><title>301 Moved Permanently</title></head>
<body>
<center><h1>301 Moved Permanently</h1></center>
<hr><center>nginx</center>
</body>
</html>
]
[2023-10-14 20:41:08]: http://ht.lapepe.cc/index/index/order [<html>
<head><title>301 Moved Permanently</title></head>
<body>
<center><h1>301 Moved Permanently</h1></center>
<hr><center>nginx</center>
</body>
</html>
]
[2023-10-14 20:41:09]: http://ht.lapepe.cc/index/index/order [<html>
<head><title>301 Moved Permanently</title></head>
<body>
<center><h1>301 Moved Permanently</h1></center>
<hr><center>nginx</center>
</body>
</html>
]
[2023-10-14 20:41:09]: http://ht.lapepe.cc/index/index/order [<html>
<head><title>301 Moved Permanently</title></head>
<body>
<center><h1>301 Moved Permanently</h1></center>
<hr><center>nginx</center>
</body>
</html>
]
[2023-10-14 20:41:09]: http://ht.lapepe.cc/index/index/order [<html>
<head><title>301 Moved Permanently</title></head>
<body>
<center><h1>301 Moved Permanently</h1></center>
<hr><center>nginx</center>
</body>
</html>
]
[2023-10-14 20:41:09]: http://ht.lapepe.cc/index/index/order [<html>
<head><title>301 Moved Permanently</title></head>
<body>
<center><h1>301 Moved Permanently</h1></center>
<hr><center>nginx</center>
</body>
</html>
]
[2023-10-14 20:41:09]: http://ht.lapepe.cc/index/index/order [<html>
<head><title>301 Moved Permanently</title></head>
<body>
<center><h1>301 Moved Permanently</h1></center>
<hr><center>nginx</center>
</body>
</html>
]
[2023-10-14 20:41:10]: http://ht.lapepe.cc/index/index/order [<html>
<head><title>301 Moved Permanently</title></head>
<body>
<center><h1>301 Moved Permanently</h1></center>
<hr><center>nginx</center>
</body>
</html>
]
[2023-10-14 20:41:10]: http://ht.lapepe.cc/index/index/order [<html>
<head><title>301 Moved Permanently</title></head>
<body>
<center><h1>301 Moved Permanently</h1></center>
<hr><center>nginx</center>
</body>
</html>
]
[2023-10-14 20:41:10]: http://ht.lapepe.cc/index/index/order [<html>
<head><title>301 Moved Permanently</title></head>
<body>
<center><h1>301 Moved Permanently</h1></center>
<hr><center>nginx</center>
</body>
</html>
]
[2023-10-14 20:41:10]: http://ht.lapepe.cc/index/index/order [<html>
<head><title>301 Moved Permanently</title></head>
<body>
<center><h1>301 Moved Permanently</h1></center>
<hr><center>nginx</center>
</body>
</html>
]
[2023-10-14 20:41:11]: http://ht.lapepe.cc/index/index/order [<html>
<head><title>301 Moved Permanently</title></head>
<body>
<center><h1>301 Moved Permanently</h1></center>
<hr><center>nginx</center>
</body>
</html>
]
[2023-10-14 20:41:11]: http://ht.lapepe.cc/index/index/order [<html>
<head><title>301 Moved Permanently</title></head>
<body>
<center><h1>301 Moved Permanently</h1></center>
<hr><center>nginx</center>
</body>
</html>
]
[2023-10-14 20:41:11]: http://ht.lapepe.cc/index/index/order [<html>
<head><title>301 Moved Permanently</title></head>
<body>
<center><h1>301 Moved Permanently</h1></center>
<hr><center>nginx</center>
</body>
</html>
]
[2023-10-14 20:41:11]: http://ht.lapepe.cc/index/index/order [<html>
<head><title>301 Moved Permanently</title></head>
<body>
<center><h1>301 Moved Permanently</h1></center>
<hr><center>nginx</center>
</body>
</html>
]
[2023-10-14 20:41:11]: http://ht.lapepe.cc/index/index/order [<html>
<head><title>301 Moved Permanently</title></head>
<body>
<center><h1>301 Moved Permanently</h1></center>
<hr><center>nginx</center>
</body>
</html>
]
[2023-10-14 20:41:12]: http://ht.lapepe.cc/index/index/order [<html>
<head><title>301 Moved Permanently</title></head>
<body>
<center><h1>301 Moved Permanently</h1></center>
<hr><center>nginx</center>
</body>
</html>
]
[2023-10-14 20:41:12]: http://ht.lapepe.cc/index/index/order [<html>
<head><title>301 Moved Permanently</title></head>
<body>
<center><h1>301 Moved Permanently</h1></center>
<hr><center>nginx</center>
</body>
</html>
]
[2023-10-14 20:41:12]: http://ht.lapepe.cc/index/index/order [<html>
<head><title>301 Moved Permanently</title></head>
<body>
<center><h1>301 Moved Permanently</h1></center>
<hr><center>nginx</center>
</body>
</html>
]
[2023-10-14 20:41:12]: http://ht.lapepe.cc/index/index/order [<html>
<head><title>301 Moved Permanently</title></head>
<body>
<center><h1>301 Moved Permanently</h1></center>
<hr><center>nginx</center>
</body>
</html>
]
[2023-10-14 20:41:12]: http://ht.lapepe.cc/index/index/order [<html>
<head><title>301 Moved Permanently</title></head>
<body>
<center><h1>301 Moved Permanently</h1></center>
<hr><center>nginx</center>
</body>
</html>
]
[2023-10-14 20:41:13]: http://ht.lapepe.cc/index/index/order [<html>
<head><title>301 Moved Permanently</title></head>
<body>
<center><h1>301 Moved Permanently</h1></center>
<hr><center>nginx</center>
</body>
</html>
]
[2023-10-14 20:41:13]: http://ht.lapepe.cc/index/index/order [<html>
<head><title>301 Moved Permanently</title></head>
<body>
<center><h1>301 Moved Permanently</h1></center>
<hr><center>nginx</center>
</body>
</html>
]
[2023-10-14 20:41:13]: http://ht.lapepe.cc/index/index/order [<html>
<head><title>301 Moved Permanently</title></head>
<body>
<center><h1>301 Moved Permanently</h1></center>
<hr><center>nginx</center>
</body>
</html>
]
[2023-10-14 20:41:13]: http://ht.lapepe.cc/index/index/order [<html>
<head><title>301 Moved Permanently</title></head>
<body>
<center><h1>301 Moved Permanently</h1></center>
<hr><center>nginx</center>
</body>
</html>
]
[2023-10-14 20:41:13]: http://ht.lapepe.cc/index/index/order [<html>
<head><title>301 Moved Permanently</title></head>
<body>
<center><h1>301 Moved Permanently</h1></center>
<hr><center>nginx</center>
</body>
</html>
]
[2023-10-14 20:41:14]: http://ht.lapepe.cc/index/index/order [<html>
<head><title>301 Moved Permanently</title></head>
<body>
<center><h1>301 Moved Permanently</h1></center>
<hr><center>nginx</center>
</body>
</html>
]
[2023-10-14 20:41:14]: http://ht.lapepe.cc/index/index/order [<html>
<head><title>301 Moved Permanently</title></head>
<body>
<center><h1>301 Moved Permanently</h1></center>
<hr><center>nginx</center>
</body>
</html>
]
[2023-10-14 20:41:14]: http://ht.lapepe.cc/index/index/order [<html>
<head><title>301 Moved Permanently</title></head>
<body>
<center><h1>301 Moved Permanently</h1></center>
<hr><center>nginx</center>
</body>
</html>
]
[2023-10-14 20:41:14]: http://ht.lapepe.cc/index/index/order [<html>
<head><title>301 Moved Permanently</title></head>
<body>
<center><h1>301 Moved Permanently</h1></center>
<hr><center>nginx</center>
</body>
</html>
]
[2023-10-14 20:41:14]: http://ht.lapepe.cc/index/index/order [<html>
<head><title>301 Moved Permanently</title></head>
<body>
<center><h1>301 Moved Permanently</h1></center>
<hr><center>nginx</center>
</body>
</html>
]
[2023-10-14 20:41:15]: http://ht.lapepe.cc/index/index/order [<html>
<head><title>301 Moved Permanently</title></head>
<body>
<center><h1>301 Moved Permanently</h1></center>
<hr><center>nginx</center>
</body>
</html>
]
[2023-10-14 20:41:15]: http://ht.lapepe.cc/index/index/order [<html>
<head><title>301 Moved Permanently</title></head>
<body>
<center><h1>301 Moved Permanently</h1></center>
<hr><center>nginx</center>
</body>
</html>
]
[2023-10-14 20:41:15]: http://ht.lapepe.cc/index/index/order [<html>
<head><title>301 Moved Permanently</title></head>
<body>
<center><h1>301 Moved Permanently</h1></center>
<hr><center>nginx</center>
</body>
</html>
]
[2023-10-14 20:41:15]: http://ht.lapepe.cc/index/index/order [<html>
<head><title>301 Moved Permanently</title></head>
<body>
<center><h1>301 Moved Permanently</h1></center>
<hr><center>nginx</center>
</body>
</html>
]
[2023-10-14 20:41:15]: http://ht.lapepe.cc/index/index/order [<html>
<head><title>301 Moved Permanently</title></head>
<body>
<center><h1>301 Moved Permanently</h1></center>
<hr><center>nginx</center>
</body>
</html>
]
[2023-10-14 20:41:16]: http://ht.lapepe.cc/index/index/order [<html>
<head><title>301 Moved Permanently</title></head>
<body>
<center><h1>301 Moved Permanently</h1></center>
<hr><center>nginx</center>
</body>
</html>
]
[2023-10-14 20:41:16]: http://ht.lapepe.cc/index/index/order [<html>
<head><title>301 Moved Permanently</title></head>
<body>
<center><h1>301 Moved Permanently</h1></center>
<hr><center>nginx</center>
</body>
</html>
]
[2023-10-14 20:41:16]: http://ht.lapepe.cc/index/index/order [<html>
<head><title>301 Moved Permanently</title></head>
<body>
<center><h1>301 Moved Permanently</h1></center>
<hr><center>nginx</center>
</body>
</html>
]
[2023-10-14 20:41:16]: http://ht.lapepe.cc/index/index/order [<html>
<head><title>301 Moved Permanently</title></head>
<body>
<center><h1>301 Moved Permanently</h1></center>
<hr><center>nginx</center>
</body>
</html>
]
[2023-10-14 20:41:16]: http://ht.lapepe.cc/index/index/order [<html>
<head><title>301 Moved Permanently</title></head>
<body>
<center><h1>301 Moved Permanently</h1></center>
<hr><center>nginx</center>
</body>
</html>
]
[2023-10-14 20:41:17]: http://ht.lapepe.cc/index/index/order [<html>
<head><title>301 Moved Permanently</title></head>
<body>
<center><h1>301 Moved Permanently</h1></center>
<hr><center>nginx</center>
</body>
</html>
]
[2023-10-14 20:41:17]: http://ht.lapepe.cc/index/index/order [<html>
<head><title>301 Moved Permanently</title></head>
<body>
<center><h1>301 Moved Permanently</h1></center>
<hr><center>nginx</center>
</body>
</html>
]
[2023-10-14 20:41:17]: http://ht.lapepe.cc/index/index/order [<html>
<head><title>301 Moved Permanently</title></head>
<body>
<center><h1>301 Moved Permanently</h1></center>
<hr><center>nginx</center>
</body>
</html>
]
[2023-10-14 20:41:17]: http://ht.lapepe.cc/index/index/order [<html>
<head><title>301 Moved Permanently</title></head>
<body>
<center><h1>301 Moved Permanently</h1></center>
<hr><center>nginx</center>
</body>
</html>
]
[2023-10-14 20:41:17]: http://ht.lapepe.cc/index/index/order [<html>
<head><title>301 Moved Permanently</title></head>
<body>
<center><h1>301 Moved Permanently</h1></center>
<hr><center>nginx</center>
</body>
</html>
]
[2023-10-14 20:41:18]: http://ht.lapepe.cc/index/index/order [<html>
<head><title>301 Moved Permanently</title></head>
<body>
<center><h1>301 Moved Permanently</h1></center>
<hr><center>nginx</center>
</body>
</html>
]
[2023-10-14 20:41:18]: http://ht.lapepe.cc/index/index/order [<html>
<head><title>301 Moved Permanently</title></head>
<body>
<center><h1>301 Moved Permanently</h1></center>
<hr><center>nginx</center>
</body>
</html>
]
[2023-10-14 20:41:18]: http://ht.lapepe.cc/index/index/order [<html>
<head><title>301 Moved Permanently</title></head>
<body>
<center><h1>301 Moved Permanently</h1></center>
<hr><center>nginx</center>
</body>
</html>
]
[2023-10-14 20:41:18]: http://ht.lapepe.cc/index/index/order [<html>
<head><title>301 Moved Permanently</title></head>
<body>
<center><h1>301 Moved Permanently</h1></center>
<hr><center>nginx</center>
</body>
</html>
]
[2023-10-14 20:41:18]: http://ht.lapepe.cc/index/index/order [<html>
<head><title>301 Moved Permanently</title></head>
<body>
<center><h1>301 Moved Permanently</h1></center>
<hr><center>nginx</center>
</body>
</html>
]
[2023-10-14 20:41:19]: http://ht.lapepe.cc/index/index/order [<html>
<head><title>301 Moved Permanently</title></head>
<body>
<center><h1>301 Moved Permanently</h1></center>
<hr><center>nginx</center>
</body>
</html>
]
[2023-10-14 20:41:19]: http://ht.lapepe.cc/index/index/order [<html>
<head><title>301 Moved Permanently</title></head>
<body>
<center><h1>301 Moved Permanently</h1></center>
<hr><center>nginx</center>
</body>
</html>
]
[2023-10-14 20:41:19]: http://ht.lapepe.cc/index/index/order [<html>
<head><title>301 Moved Permanently</title></head>
<body>
<center><h1>301 Moved Permanently</h1></center>
<hr><center>nginx</center>
</body>
</html>
]
[2023-10-14 20:41:19]: http://ht.lapepe.cc/index/index/order [<html>
<head><title>301 Moved Permanently</title></head>
<body>
<center><h1>301 Moved Permanently</h1></center>
<hr><center>nginx</center>
</body>
</html>
]
[2023-10-14 20:41:20]: http://ht.lapepe.cc/index/index/order [<html>
<head><title>301 Moved Permanently</title></head>
<body>
<center><h1>301 Moved Permanently</h1></center>
<hr><center>nginx</center>
</body>
</html>
]
[2023-10-14 20:41:20]: http://ht.lapepe.cc/index/index/order [<html>
<head><title>301 Moved Permanently</title></head>
<body>
<center><h1>301 Moved Permanently</h1></center>
<hr><center>nginx</center>
</body>
</html>
]
[2023-10-14 20:41:20]: http://ht.lapepe.cc/index/index/order [<html>
<head><title>301 Moved Permanently</title></head>
<body>
<center><h1>301 Moved Permanently</h1></center>
<hr><center>nginx</center>
</body>
</html>
]
[2023-10-14 20:41:20]: http://ht.lapepe.cc/index/index/order [<html>
<head><title>301 Moved Permanently</title></head>
<body>
<center><h1>301 Moved Permanently</h1></center>
<hr><center>nginx</center>
</body>
</html>
]
[2023-10-14 20:41:20]: http://ht.lapepe.cc/index/index/order [<html>
<head><title>301 Moved Permanently</title></head>
<body>
<center><h1>301 Moved Permanently</h1></center>
<hr><center>nginx</center>
</body>
</html>
]
[2023-10-14 20:41:21]: http://ht.lapepe.cc/index/index/order [<html>
<head><title>301 Moved Permanently</title></head>
<body>
<center><h1>301 Moved Permanently</h1></center>
<hr><center>nginx</center>
</body>
</html>
]
[2023-10-14 20:41:21]: http://ht.lapepe.cc/index/index/order [<html>
<head><title>301 Moved Permanently</title></head>
<body>
<center><h1>301 Moved Permanently</h1></center>
<hr><center>nginx</center>
</body>
</html>
]
[2023-10-14 20:41:21]: http://ht.lapepe.cc/index/index/order [<html>
<head><title>301 Moved Permanently</title></head>
<body>
<center><h1>301 Moved Permanently</h1></center>
<hr><center>nginx</center>
</body>
</html>
]
[2023-10-14 20:41:21]: http://ht.lapepe.cc/index/index/order [<html>
<head><title>301 Moved Permanently</title></head>
<body>
<center><h1>301 Moved Permanently</h1></center>
<hr><center>nginx</center>
</body>
</html>
]
[2023-10-14 20:41:21]: http://ht.lapepe.cc/index/index/order [<html>
<head><title>301 Moved Permanently</title></head>
<body>
<center><h1>301 Moved Permanently</h1></center>
<hr><center>nginx</center>
</body>
</html>
]
[2023-10-14 20:41:22]: http://ht.lapepe.cc/index/index/order [<html>
<head><title>301 Moved Permanently</title></head>
<body>
<center><h1>301 Moved Permanently</h1></center>
<hr><center>nginx</center>
</body>
</html>
]
[2023-10-14 20:41:22]: http://ht.lapepe.cc/index/index/order [<html>
<head><title>301 Moved Permanently</title></head>
<body>
<center><h1>301 Moved Permanently</h1></center>
<hr><center>nginx</center>
</body>
</html>
]
[2023-10-14 20:41:22]: http://ht.lapepe.cc/index/index/order [<html>
<head><title>301 Moved Permanently</title></head>
<body>
<center><h1>301 Moved Permanently</h1></center>
<hr><center>nginx</center>
</body>
</html>
]
[2023-10-14 20:41:22]: http://ht.lapepe.cc/index/index/order [<html>
<head><title>301 Moved Permanently</title></head>
<body>
<center><h1>301 Moved Permanently</h1></center>
<hr><center>nginx</center>
</body>
</html>
]
[2023-10-14 20:41:22]: http://ht.lapepe.cc/index/index/order [<html>
<head><title>301 Moved Permanently</title></head>
<body>
<center><h1>301 Moved Permanently</h1></center>
<hr><center>nginx</center>
</body>
</html>
]
[2023-10-14 20:41:23]: http://ht.lapepe.cc/index/index/order [<html>
<head><title>301 Moved Permanently</title></head>
<body>
<center><h1>301 Moved Permanently</h1></center>
<hr><center>nginx</center>
</body>
</html>
]
[2023-10-14 20:41:23]: http://ht.lapepe.cc/index/index/order [<html>
<head><title>301 Moved Permanently</title></head>
<body>
<center><h1>301 Moved Permanently</h1></center>
<hr><center>nginx</center>
</body>
</html>
]
[2023-10-14 20:41:23]: http://ht.lapepe.cc/index/index/order [<html>
<head><title>301 Moved Permanently</title></head>
<body>
<center><h1>301 Moved Permanently</h1></center>
<hr><center>nginx</center>
</body>
</html>
]
[2023-10-14 20:41:23]: http://ht.lapepe.cc/index/index/order [<html>
<head><title>301 Moved Permanently</title></head>
<body>
<center><h1>301 Moved Permanently</h1></center>
<hr><center>nginx</center>
</body>
</html>
]
[2023-10-14 20:41:23]: http://ht.lapepe.cc/index/index/order [<html>
<head><title>301 Moved Permanently</title></head>
<body>
<center><h1>301 Moved Permanently</h1></center>
<hr><center>nginx</center>
</body>
</html>
]
[2023-10-14 20:41:24]: http://ht.lapepe.cc/index/index/order [<html>
<head><title>301 Moved Permanently</title></head>
<body>
<center><h1>301 Moved Permanently</h1></center>
<hr><center>nginx</center>
</body>
</html>
]
[2023-10-14 20:41:24]: http://ht.lapepe.cc/index/index/order [<html>
<head><title>301 Moved Permanently</title></head>
<body>
<center><h1>301 Moved Permanently</h1></center>
<hr><center>nginx</center>
</body>
</html>
]
[2023-10-14 20:41:24]: http://ht.lapepe.cc/index/index/order [<html>
<head><title>301 Moved Permanently</title></head>
<body>
<center><h1>301 Moved Permanently</h1></center>
<hr><center>nginx</center>
</body>
</html>
]
[2023-10-14 20:41:24]: http://ht.lapepe.cc/index/index/order [<html>
<head><title>301 Moved Permanently</title></head>
<body>
<center><h1>301 Moved Permanently</h1></center>
<hr><center>nginx</center>
</body>
</html>
]
[2023-10-14 20:41:24]: http://ht.lapepe.cc/index/index/order [<html>
<head><title>301 Moved Permanently</title></head>
<body>
<center><h1>301 Moved Permanently</h1></center>
<hr><center>nginx</center>
</body>
</html>
]
[2023-10-14 20:41:25]: http://ht.lapepe.cc/index/index/order [<html>
<head><title>301 Moved Permanently</title></head>
<body>
<center><h1>301 Moved Permanently</h1></center>
<hr><center>nginx</center>
</body>
</html>
]
[2023-10-14 20:41:25]: http://ht.lapepe.cc/index/index/order [<html>
<head><title>301 Moved Permanently</title></head>
<body>
<center><h1>301 Moved Permanently</h1></center>
<hr><center>nginx</center>
</body>
</html>
]
[2023-10-14 20:41:25]: http://ht.lapepe.cc/index/index/order [<html>
<head><title>301 Moved Permanently</title></head>
<body>
<center><h1>301 Moved Permanently</h1></center>
<hr><center>nginx</center>
</body>
</html>
]
[2023-10-14 20:41:25]: http://ht.lapepe.cc/index/index/order [<html>
<head><title>301 Moved Permanently</title></head>
<body>
<center><h1>301 Moved Permanently</h1></center>
<hr><center>nginx</center>
</body>
</html>
]
[2023-10-14 20:41:25]: http://ht.lapepe.cc/index/index/order [<html>
<head><title>301 Moved Permanently</title></head>
<body>
<center><h1>301 Moved Permanently</h1></center>
<hr><center>nginx</center>
</body>
</html>
]
[2023-10-14 20:41:26]: http://ht.lapepe.cc/index/index/order [<html>
<head><title>301 Moved Permanently</title></head>
<body>
<center><h1>301 Moved Permanently</h1></center>
<hr><center>nginx</center>
</body>
</html>
]
[2023-10-14 20:41:26]: http://ht.lapepe.cc/index/index/order [<html>
<head><title>301 Moved Permanently</title></head>
<body>
<center><h1>301 Moved Permanently</h1></center>
<hr><center>nginx</center>
</body>
</html>
]
[2023-10-14 20:41:26]: http://ht.lapepe.cc/index/index/order [<html>
<head><title>301 Moved Permanently</title></head>
<body>
<center><h1>301 Moved Permanently</h1></center>
<hr><center>nginx</center>
</body>
</html>
]
[2023-10-14 20:41:26]: http://ht.lapepe.cc/index/index/order [<html>
<head><title>301 Moved Permanently</title></head>
<body>
<center><h1>301 Moved Permanently</h1></center>
<hr><center>nginx</center>
</body>
</html>
]
[2023-10-14 20:41:26]: http://ht.lapepe.cc/index/index/order [<html>
<head><title>301 Moved Permanently</title></head>
<body>
<center><h1>301 Moved Permanently</h1></center>
<hr><center>nginx</center>
</body>
</html>
]
[2023-10-14 20:41:27]: http://ht.lapepe.cc/index/index/order [<html>
<head><title>301 Moved Permanently</title></head>
<body>
<center><h1>301 Moved Permanently</h1></center>
<hr><center>nginx</center>
</body>
</html>
]
[2023-10-14 20:41:27]: http://ht.lapepe.cc/index/index/order [<html>
<head><title>301 Moved Permanently</title></head>
<body>
<center><h1>301 Moved Permanently</h1></center>
<hr><center>nginx</center>
</body>
</html>
]
[2023-10-14 20:41:27]: http://ht.lapepe.cc/index/index/order [<html>
<head><title>301 Moved Permanently</title></head>
<body>
<center><h1>301 Moved Permanently</h1></center>
<hr><center>nginx</center>
</body>
</html>
]
[2023-10-14 20:41:27]: http://ht.lapepe.cc/index/index/order [<html>
<head><title>301 Moved Permanently</title></head>
<body>
<center><h1>301 Moved Permanently</h1></center>
<hr><center>nginx</center>
</body>
</html>
]
[2023-10-14 20:41:27]: http://ht.lapepe.cc/index/index/order [<html>
<head><title>301 Moved Permanently</title></head>
<body>
<center><h1>301 Moved Permanently</h1></center>
<hr><center>nginx</center>
</body>
</html>
]
[2023-10-14 20:41:28]: http://ht.lapepe.cc/index/index/order [<html>
<head><title>301 Moved Permanently</title></head>
<body>
<center><h1>301 Moved Permanently</h1></center>
<hr><center>nginx</center>
</body>
</html>
]
[2023-10-14 20:41:28]: http://ht.lapepe.cc/index/index/order [<html>
<head><title>301 Moved Permanently</title></head>
<body>
<center><h1>301 Moved Permanently</h1></center>
<hr><center>nginx</center>
</body>
</html>
]
[2023-10-14 20:41:28]: http://ht.lapepe.cc/index/index/order [<html>
<head><title>301 Moved Permanently</title></head>
<body>
<center><h1>301 Moved Permanently</h1></center>
<hr><center>nginx</center>
</body>
</html>
]
[2023-10-14 20:41:28]: http://ht.lapepe.cc/index/index/order [<html>
<head><title>301 Moved Permanently</title></head>
<body>
<center><h1>301 Moved Permanently</h1></center>
<hr><center>nginx</center>
</body>
</html>
]
[2023-10-14 20:41:28]: http://ht.lapepe.cc/index/index/order [<html>
<head><title>301 Moved Permanently</title></head>
<body>
<center><h1>301 Moved Permanently</h1></center>
<hr><center>nginx</center>
</body>
</html>
]
[2023-10-14 20:41:29]: http://ht.lapepe.cc/index/index/order [<html>
<head><title>301 Moved Permanently</title></head>
<body>
<center><h1>301 Moved Permanently</h1></center>
<hr><center>nginx</center>
</body>
</html>
]
[2023-10-14 20:41:29]: http://ht.lapepe.cc/index/index/order [<html>
<head><title>301 Moved Permanently</title></head>
<body>
<center><h1>301 Moved Permanently</h1></center>
<hr><center>nginx</center>
</body>
</html>
]
[2023-10-14 20:41:29]: http://ht.lapepe.cc/index/index/order [<html>
<head><title>301 Moved Permanently</title></head>
<body>
<center><h1>301 Moved Permanently</h1></center>
<hr><center>nginx</center>
</body>
</html>
]
[2023-10-14 20:41:29]: http://ht.lapepe.cc/index/index/order [<html>
<head><title>301 Moved Permanently</title></head>
<body>
<center><h1>301 Moved Permanently</h1></center>
<hr><center>nginx</center>
</body>
</html>
]
[2023-10-14 20:41:29]: http://ht.lapepe.cc/index/index/order [<html>
<head><title>301 Moved Permanently</title></head>
<body>
<center><h1>301 Moved Permanently</h1></center>
<hr><center>nginx</center>
</body>
</html>
]
[2023-10-14 20:41:30]: http://ht.lapepe.cc/index/index/order [<html>
<head><title>301 Moved Permanently</title></head>
<body>
<center><h1>301 Moved Permanently</h1></center>
<hr><center>nginx</center>
</body>
</html>
]
[2023-10-14 20:41:30]: http://ht.lapepe.cc/index/index/order [<html>
<head><title>301 Moved Permanently</title></head>
<body>
<center><h1>301 Moved Permanently</h1></center>
<hr><center>nginx</center>
</body>
</html>
]
[2023-10-14 20:41:30]: http://ht.lapepe.cc/index/index/order [<html>
<head><title>301 Moved Permanently</title></head>
<body>
<center><h1>301 Moved Permanently</h1></center>
<hr><center>nginx</center>
</body>
</html>
]
[2023-10-14 20:41:30]: http://ht.lapepe.cc/index/index/order [<html>
<head><title>301 Moved Permanently</title></head>
<body>
<center><h1>301 Moved Permanently</h1></center>
<hr><center>nginx</center>
</body>
</html>
]
[2023-10-14 20:41:30]: http://ht.lapepe.cc/index/index/order [<html>
<head><title>301 Moved Permanently</title></head>
<body>
<center><h1>301 Moved Permanently</h1></center>
<hr><center>nginx</center>
</body>
</html>
]
[2023-10-14 20:41:31]: http://ht.lapepe.cc/index/index/order [<html>
<head><title>301 Moved Permanently</title></head>
<body>
<center><h1>301 Moved Permanently</h1></center>
<hr><center>nginx</center>
</body>
</html>
]
[2023-10-14 20:41:31]: http://ht.lapepe.cc/index/index/order [<html>
<head><title>301 Moved Permanently</title></head>
<body>
<center><h1>301 Moved Permanently</h1></center>
<hr><center>nginx</center>
</body>
</html>
]
[2023-10-14 20:41:31]: http://ht.lapepe.cc/index/index/order [<html>
<head><title>301 Moved Permanently</title></head>
<body>
<center><h1>301 Moved Permanently</h1></center>
<hr><center>nginx</center>
</body>
</html>
]
[2023-10-14 20:41:31]: http://ht.lapepe.cc/index/index/order [<html>
<head><title>301 Moved Permanently</title></head>
<body>
<center><h1>301 Moved Permanently</h1></center>
<hr><center>nginx</center>
</body>
</html>
]
[2023-10-14 20:41:32]: http://ht.lapepe.cc/index/index/order [<html>
<head><title>301 Moved Permanently</title></head>
<body>
<center><h1>301 Moved Permanently</h1></center>
<hr><center>nginx</center>
</body>
</html>
]
[2023-10-14 20:41:32]: http://ht.lapepe.cc/index/index/order [<html>
<head><title>301 Moved Permanently</title></head>
<body>
<center><h1>301 Moved Permanently</h1></center>
<hr><center>nginx</center>
</body>
</html>
]
[2023-10-14 20:41:32]: http://ht.lapepe.cc/index/index/order [<html>
<head><title>301 Moved Permanently</title></head>
<body>
<center><h1>301 Moved Permanently</h1></center>
<hr><center>nginx</center>
</body>
</html>
]
[2023-10-14 20:41:32]: http://ht.lapepe.cc/index/index/order [<html>
<head><title>301 Moved Permanently</title></head>
<body>
<center><h1>301 Moved Permanently</h1></center>
<hr><center>nginx</center>
</body>
</html>
]
[2023-10-14 20:41:32]: http://ht.lapepe.cc/index/index/order [<html>
<head><title>301 Moved Permanently</title></head>
<body>
<center><h1>301 Moved Permanently</h1></center>
<hr><center>nginx</center>
</body>
</html>
]
[2023-10-14 20:41:33]: http://ht.lapepe.cc/index/index/order [<html>
<head><title>301 Moved Permanently</title></head>
<body>
<center><h1>301 Moved Permanently</h1></center>
<hr><center>nginx</center>
</body>
</html>
]
[2023-10-14 20:41:33]: http://ht.lapepe.cc/index/index/order [<html>
<head><title>301 Moved Permanently</title></head>
<body>
<center><h1>301 Moved Permanently</h1></center>
<hr><center>nginx</center>
</body>
</html>
]
[2023-10-14 20:41:33]: http://ht.lapepe.cc/index/index/order [<html>
<head><title>301 Moved Permanently</title></head>
<body>
<center><h1>301 Moved Permanently</h1></center>
<hr><center>nginx</center>
</body>
</html>
]
[2023-10-14 20:41:33]: http://ht.lapepe.cc/index/index/order [<html>
<head><title>301 Moved Permanently</title></head>
<body>
<center><h1>301 Moved Permanently</h1></center>
<hr><center>nginx</center>
</body>
</html>
]
[2023-10-14 20:41:33]: http://ht.lapepe.cc/index/index/order [<html>
<head><title>301 Moved Permanently</title></head>
<body>
<center><h1>301 Moved Permanently</h1></center>
<hr><center>nginx</center>
</body>
</html>
]
[2023-10-14 20:41:34]: http://ht.lapepe.cc/index/index/order [<html>
<head><title>301 Moved Permanently</title></head>
<body>
<center><h1>301 Moved Permanently</h1></center>
<hr><center>nginx</center>
</body>
</html>
]
[2023-10-14 20:41:34]: http://ht.lapepe.cc/index/index/order [<html>
<head><title>301 Moved Permanently</title></head>
<body>
<center><h1>301 Moved Permanently</h1></center>
<hr><center>nginx</center>
</body>
</html>
]
[2023-10-14 20:41:34]: http://ht.lapepe.cc/index/index/order [<html>
<head><title>301 Moved Permanently</title></head>
<body>
<center><h1>301 Moved Permanently</h1></center>
<hr><center>nginx</center>
</body>
</html>
]
[2023-10-14 20:41:34]: http://ht.lapepe.cc/index/index/order [<html>
<head><title>301 Moved Permanently</title></head>
<body>
<center><h1>301 Moved Permanently</h1></center>
<hr><center>nginx</center>
</body>
</html>
]
[2023-10-14 20:41:34]: http://ht.lapepe.cc/index/index/order [<html>
<head><title>301 Moved Permanently</title></head>
<body>
<center><h1>301 Moved Permanently</h1></center>
<hr><center>nginx</center>
</body>
</html>
]
[2023-10-14 20:41:35]: http://ht.lapepe.cc/index/index/order [<html>
<head><title>301 Moved Permanently</title></head>
<body>
<center><h1>301 Moved Permanently</h1></center>
<hr><center>nginx</center>
</body>
</html>
]
[2023-10-14 20:41:35]: http://ht.lapepe.cc/index/index/order [<html>
<head><title>301 Moved Permanently</title></head>
<body>
<center><h1>301 Moved Permanently</h1></center>
<hr><center>nginx</center>
</body>
</html>
]
[2023-10-14 20:41:35]: http://ht.lapepe.cc/index/index/order [<html>
<head><title>301 Moved Permanently</title></head>
<body>
<center><h1>301 Moved Permanently</h1></center>
<hr><center>nginx</center>
</body>
</html>
]
[2023-10-14 20:41:35]: http://ht.lapepe.cc/index/index/order [<html>
<head><title>301 Moved Permanently</title></head>
<body>
<center><h1>301 Moved Permanently</h1></center>
<hr><center>nginx</center>
</body>
</html>
]
[2023-10-14 20:41:35]: http://ht.lapepe.cc/index/index/order [<html>
<head><title>301 Moved Permanently</title></head>
<body>
<center><h1>301 Moved Permanently</h1></center>
<hr><center>nginx</center>
</body>
</html>
]
[2023-10-14 20:41:36]: http://ht.lapepe.cc/index/index/order [<html>
<head><title>301 Moved Permanently</title></head>
<body>
<center><h1>301 Moved Permanently</h1></center>
<hr><center>nginx</center>
</body>
</html>
]
[2023-10-14 20:41:36]: http://ht.lapepe.cc/index/index/order [<html>
<head><title>301 Moved Permanently</title></head>
<body>
<center><h1>301 Moved Permanently</h1></center>
<hr><center>nginx</center>
</body>
</html>
]
[2023-10-14 20:41:36]: http://ht.lapepe.cc/index/index/order [<html>
<head><title>301 Moved Permanently</title></head>
<body>
<center><h1>301 Moved Permanently</h1></center>
<hr><center>nginx</center>
</body>
</html>
]
[2023-10-14 20:41:36]: http://ht.lapepe.cc/index/index/order [<html>
<head><title>301 Moved Permanently</title></head>
<body>
<center><h1>301 Moved Permanently</h1></center>
<hr><center>nginx</center>
</body>
</html>
]
[2023-10-14 20:41:36]: http://ht.lapepe.cc/index/index/order [<html>
<head><title>301 Moved Permanently</title></head>
<body>
<center><h1>301 Moved Permanently</h1></center>
<hr><center>nginx</center>
</body>
</html>
]
[2023-10-14 20:41:37]: http://ht.lapepe.cc/index/index/order [<html>
<head><title>301 Moved Permanently</title></head>
<body>
<center><h1>301 Moved Permanently</h1></center>
<hr><center>nginx</center>
</body>
</html>
]
[2023-10-14 20:41:37]: http://ht.lapepe.cc/index/index/order [<html>
<head><title>301 Moved Permanently</title></head>
<body>
<center><h1>301 Moved Permanently</h1></center>
<hr><center>nginx</center>
</body>
</html>
]
[2023-10-14 20:41:37]: http://ht.lapepe.cc/index/index/order [<html>
<head><title>301 Moved Permanently</title></head>
<body>
<center><h1>301 Moved Permanently</h1></center>
<hr><center>nginx</center>
</body>
</html>
]
[2023-10-14 20:41:37]: http://ht.lapepe.cc/index/index/order [<html>
<head><title>301 Moved Permanently</title></head>
<body>
<center><h1>301 Moved Permanently</h1></center>
<hr><center>nginx</center>
</body>
</html>
]
[2023-10-14 20:41:37]: http://ht.lapepe.cc/index/index/order [<html>
<head><title>301 Moved Permanently</title></head>
<body>
<center><h1>301 Moved Permanently</h1></center>
<hr><center>nginx</center>
</body>
</html>
]
[2023-10-14 20:41:38]: http://ht.lapepe.cc/index/index/order [<html>
<head><title>301 Moved Permanently</title></head>
<body>
<center><h1>301 Moved Permanently</h1></center>
<hr><center>nginx</center>
</body>
</html>
]
[2023-10-14 20:41:38]: http://ht.lapepe.cc/index/index/order [<html>
<head><title>301 Moved Permanently</title></head>
<body>
<center><h1>301 Moved Permanently</h1></center>
<hr><center>nginx</center>
</body>
</html>
]
[2023-10-14 20:41:38]: http://ht.lapepe.cc/index/index/order [<html>
<head><title>301 Moved Permanently</title></head>
<body>
<center><h1>301 Moved Permanently</h1></center>
<hr><center>nginx</center>
</body>
</html>
]
[2023-10-14 20:41:38]: http://ht.lapepe.cc/index/index/order [<html>
<head><title>301 Moved Permanently</title></head>
<body>
<center><h1>301 Moved Permanently</h1></center>
<hr><center>nginx</center>
</body>
</html>
]
[2023-10-14 20:41:38]: http://ht.lapepe.cc/index/index/order [<html>
<head><title>301 Moved Permanently</title></head>
<body>
<center><h1>301 Moved Permanently</h1></center>
<hr><center>nginx</center>
</body>
</html>
]
[2023-10-14 20:41:39]: http://ht.lapepe.cc/index/index/order [<html>
<head><title>301 Moved Permanently</title></head>
<body>
<center><h1>301 Moved Permanently</h1></center>
<hr><center>nginx</center>
</body>
</html>
]
[2023-10-14 20:41:39]: http://ht.lapepe.cc/index/index/order [<html>
<head><title>301 Moved Permanently</title></head>
<body>
<center><h1>301 Moved Permanently</h1></center>
<hr><center>nginx</center>
</body>
</html>
]
[2023-10-14 20:41:39]: http://ht.lapepe.cc/index/index/order [<html>
<head><title>301 Moved Permanently</title></head>
<body>
<center><h1>301 Moved Permanently</h1></center>
<hr><center>nginx</center>
</body>
</html>
]
[2023-10-14 20:41:39]: http://ht.lapepe.cc/index/index/order [<html>
<head><title>301 Moved Permanently</title></head>
<body>
<center><h1>301 Moved Permanently</h1></center>
<hr><center>nginx</center>
</body>
</html>
]
[2023-10-14 20:41:39]: http://ht.lapepe.cc/index/index/order [<html>
<head><title>301 Moved Permanently</title></head>
<body>
<center><h1>301 Moved Permanently</h1></center>
<hr><center>nginx</center>
</body>
</html>
]
[2023-10-14 20:41:40]: http://ht.lapepe.cc/index/index/order [<html>
<head><title>301 Moved Permanently</title></head>
<body>
<center><h1>301 Moved Permanently</h1></center>
<hr><center>nginx</center>
</body>
</html>
]
[2023-10-14 20:41:40]: http://ht.lapepe.cc/index/index/order [<html>
<head><title>301 Moved Permanently</title></head>
<body>
<center><h1>301 Moved Permanently</h1></center>
<hr><center>nginx</center>
</body>
</html>
]
[2023-10-14 20:41:40]: http://ht.lapepe.cc/index/index/order [<html>
<head><title>301 Moved Permanently</title></head>
<body>
<center><h1>301 Moved Permanently</h1></center>
<hr><center>nginx</center>
</body>
</html>
]
[2023-10-14 20:41:40]: http://ht.lapepe.cc/index/index/order [<html>
<head><title>301 Moved Permanently</title></head>
<body>
<center><h1>301 Moved Permanently</h1></center>
<hr><center>nginx</center>
</body>
</html>
]
[2023-10-14 20:41:40]: http://ht.lapepe.cc/index/index/order [<html>
<head><title>301 Moved Permanently</title></head>
<body>
<center><h1>301 Moved Permanently</h1></center>
<hr><center>nginx</center>
</body>
</html>
]
[2023-10-14 20:41:41]: http://ht.lapepe.cc/index/index/order [<html>
<head><title>301 Moved Permanently</title></head>
<body>
<center><h1>301 Moved Permanently</h1></center>
<hr><center>nginx</center>
</body>
</html>
]
[2023-10-14 20:41:41]: http://ht.lapepe.cc/index/index/order [<html>
<head><title>301 Moved Permanently</title></head>
<body>
<center><h1>301 Moved Permanently</h1></center>
<hr><center>nginx</center>
</body>
</html>
]
[2023-10-14 20:41:41]: http://ht.lapepe.cc/index/index/order [<html>
<head><title>301 Moved Permanently</title></head>
<body>
<center><h1>301 Moved Permanently</h1></center>
<hr><center>nginx</center>
</body>
</html>
]
[2023-10-14 20:41:41]: http://ht.lapepe.cc/index/index/order [<html>
<head><title>301 Moved Permanently</title></head>
<body>
<center><h1>301 Moved Permanently</h1></center>
<hr><center>nginx</center>
</body>
</html>
]
[2023-10-14 20:41:41]: http://ht.lapepe.cc/index/index/order [<html>
<head><title>301 Moved Permanently</title></head>
<body>
<center><h1>301 Moved Permanently</h1></center>
<hr><center>nginx</center>
</body>
</html>
]
[2023-10-14 20:41:42]: http://ht.lapepe.cc/index/index/order [<html>
<head><title>301 Moved Permanently</title></head>
<body>
<center><h1>301 Moved Permanently</h1></center>
<hr><center>nginx</center>
</body>
</html>
]
[2023-10-14 20:41:42]: http://ht.lapepe.cc/index/index/order [<html>
<head><title>301 Moved Permanently</title></head>
<body>
<center><h1>301 Moved Permanently</h1></center>
<hr><center>nginx</center>
</body>
</html>
]
[2023-10-14 20:41:42]: http://ht.lapepe.cc/index/index/order [<html>
<head><title>301 Moved Permanently</title></head>
<body>
<center><h1>301 Moved Permanently</h1></center>
<hr><center>nginx</center>
</body>
</html>
]
[2023-10-14 20:41:42]: http://ht.lapepe.cc/index/index/order [<html>
<head><title>301 Moved Permanently</title></head>
<body>
<center><h1>301 Moved Permanently</h1></center>
<hr><center>nginx</center>
</body>
</html>
]
[2023-10-14 20:41:42]: http://ht.lapepe.cc/index/index/order [<html>
<head><title>301 Moved Permanently</title></head>
<body>
<center><h1>301 Moved Permanently</h1></center>
<hr><center>nginx</center>
</body>
</html>
]
[2023-10-14 20:41:43]: http://ht.lapepe.cc/index/index/order [<html>
<head><title>301 Moved Permanently</title></head>
<body>
<center><h1>301 Moved Permanently</h1></center>
<hr><center>nginx</center>
</body>
</html>
]
[2023-10-14 20:41:43]: http://ht.lapepe.cc/index/index/order [<html>
<head><title>301 Moved Permanently</title></head>
<body>
<center><h1>301 Moved Permanently</h1></center>
<hr><center>nginx</center>
</body>
</html>
]
[2023-10-14 20:41:43]: http://ht.lapepe.cc/index/index/order [<html>
<head><title>301 Moved Permanently</title></head>
<body>
<center><h1>301 Moved Permanently</h1></center>
<hr><center>nginx</center>
</body>
</html>
]
[2023-10-14 20:41:43]: http://ht.lapepe.cc/index/index/order [<html>
<head><title>301 Moved Permanently</title></head>
<body>
<center><h1>301 Moved Permanently</h1></center>
<hr><center>nginx</center>
</body>
</html>
]
[2023-10-14 20:41:43]: http://ht.lapepe.cc/index/index/order [<html>
<head><title>301 Moved Permanently</title></head>
<body>
<center><h1>301 Moved Permanently</h1></center>
<hr><center>nginx</center>
</body>
</html>
]
[2023-10-14 20:41:44]: http://ht.lapepe.cc/index/index/order [<html>
<head><title>301 Moved Permanently</title></head>
<body>
<center><h1>301 Moved Permanently</h1></center>
<hr><center>nginx</center>
</body>
</html>
]
[2023-10-14 20:41:44]: http://ht.lapepe.cc/index/index/order [<html>
<head><title>301 Moved Permanently</title></head>
<body>
<center><h1>301 Moved Permanently</h1></center>
<hr><center>nginx</center>
</body>
</html>
]
[2023-10-14 20:41:44]: http://ht.lapepe.cc/index/index/order [<html>
<head><title>301 Moved Permanently</title></head>
<body>
<center><h1>301 Moved Permanently</h1></center>
<hr><center>nginx</center>
</body>
</html>
]
[2023-10-14 20:41:44]: http://ht.lapepe.cc/index/index/order [<html>
<head><title>301 Moved Permanently</title></head>
<body>
<center><h1>301 Moved Permanently</h1></center>
<hr><center>nginx</center>
</body>
</html>
]
[2023-10-14 20:41:45]: http://ht.lapepe.cc/index/index/order [<html>
<head><title>301 Moved Permanently</title></head>
<body>
<center><h1>301 Moved Permanently</h1></center>
<hr><center>nginx</center>
</body>
</html>
]
[2023-10-14 20:41:45]: http://ht.lapepe.cc/index/index/order [<html>
<head><title>301 Moved Permanently</title></head>
<body>
<center><h1>301 Moved Permanently</h1></center>
<hr><center>nginx</center>
</body>
</html>
]
[2023-10-14 20:41:45]: http://ht.lapepe.cc/index/index/order [<html>
<head><title>301 Moved Permanently</title></head>
<body>
<center><h1>301 Moved Permanently</h1></center>
<hr><center>nginx</center>
</body>
</html>
]
[2023-10-14 20:41:45]: http://ht.lapepe.cc/index/index/order [<html>
<head><title>301 Moved Permanently</title></head>
<body>
<center><h1>301 Moved Permanently</h1></center>
<hr><center>nginx</center>
</body>
</html>
]
[2023-10-14 20:41:45]: http://ht.lapepe.cc/index/index/order [<html>
<head><title>301 Moved Permanently</title></head>
<body>
<center><h1>301 Moved Permanently</h1></center>
<hr><center>nginx</center>
</body>
</html>
]
[2023-10-14 20:41:46]: http://ht.lapepe.cc/index/index/order [<html>
<head><title>301 Moved Permanently</title></head>
<body>
<center><h1>301 Moved Permanently</h1></center>
<hr><center>nginx</center>
</body>
</html>
]
[2023-10-14 20:41:46]: http://ht.lapepe.cc/index/index/order [<html>
<head><title>301 Moved Permanently</title></head>
<body>
<center><h1>301 Moved Permanently</h1></center>
<hr><center>nginx</center>
</body>
</html>
]
[2023-10-14 20:41:46]: http://ht.lapepe.cc/index/index/order [<html>
<head><title>301 Moved Permanently</title></head>
<body>
<center><h1>301 Moved Permanently</h1></center>
<hr><center>nginx</center>
</body>
</html>
]
[2023-10-14 20:41:46]: http://ht.lapepe.cc/index/index/order [<html>
<head><title>301 Moved Permanently</title></head>
<body>
<center><h1>301 Moved Permanently</h1></center>
<hr><center>nginx</center>
</body>
</html>
]
[2023-10-14 20:41:46]: http://ht.lapepe.cc/index/index/order [<html>
<head><title>301 Moved Permanently</title></head>
<body>
<center><h1>301 Moved Permanently</h1></center>
<hr><center>nginx</center>
</body>
</html>
]
[2023-10-14 20:41:47]: http://ht.lapepe.cc/index/index/order [<html>
<head><title>301 Moved Permanently</title></head>
<body>
<center><h1>301 Moved Permanently</h1></center>
<hr><center>nginx</center>
</body>
</html>
]
[2023-10-14 20:41:47]: http://ht.lapepe.cc/index/index/order [<html>
<head><title>301 Moved Permanently</title></head>
<body>
<center><h1>301 Moved Permanently</h1></center>
<hr><center>nginx</center>
</body>
</html>
]
[2023-10-14 20:41:47]: http://ht.lapepe.cc/index/index/order [<html>
<head><title>301 Moved Permanently</title></head>
<body>
<center><h1>301 Moved Permanently</h1></center>
<hr><center>nginx</center>
</body>
</html>
]
[2023-10-14 20:41:47]: http://ht.lapepe.cc/index/index/order [<html>
<head><title>301 Moved Permanently</title></head>
<body>
<center><h1>301 Moved Permanently</h1></center>
<hr><center>nginx</center>
</body>
</html>
]
[2023-10-14 20:41:47]: http://ht.lapepe.cc/index/index/order [<html>
<head><title>301 Moved Permanently</title></head>
<body>
<center><h1>301 Moved Permanently</h1></center>
<hr><center>nginx</center>
</body>
</html>
]
[2023-10-14 20:41:48]: http://ht.lapepe.cc/index/index/order [<html>
<head><title>301 Moved Permanently</title></head>
<body>
<center><h1>301 Moved Permanently</h1></center>
<hr><center>nginx</center>
</body>
</html>
]
[2023-10-14 20:41:48]: http://ht.lapepe.cc/index/index/order [<html>
<head><title>301 Moved Permanently</title></head>
<body>
<center><h1>301 Moved Permanently</h1></center>
<hr><center>nginx</center>
</body>
</html>
]
[2023-10-14 20:41:48]: http://ht.lapepe.cc/index/index/order [<html>
<head><title>301 Moved Permanently</title></head>
<body>
<center><h1>301 Moved Permanently</h1></center>
<hr><center>nginx</center>
</body>
</html>
]
[2023-10-14 20:41:48]: http://ht.lapepe.cc/index/index/order [<html>
<head><title>301 Moved Permanently</title></head>
<body>
<center><h1>301 Moved Permanently</h1></center>
<hr><center>nginx</center>
</body>
</html>
]
[2023-10-14 20:41:48]: http://ht.lapepe.cc/index/index/order [<html>
<head><title>301 Moved Permanently</title></head>
<body>
<center><h1>301 Moved Permanently</h1></center>
<hr><center>nginx</center>
</body>
</html>
]
[2023-10-14 20:41:49]: http://ht.lapepe.cc/index/index/order [<html>
<head><title>301 Moved Permanently</title></head>
<body>
<center><h1>301 Moved Permanently</h1></center>
<hr><center>nginx</center>
</body>
</html>
]
[2023-10-14 20:41:49]: http://ht.lapepe.cc/index/index/order [<html>
<head><title>301 Moved Permanently</title></head>
<body>
<center><h1>301 Moved Permanently</h1></center>
<hr><center>nginx</center>
</body>
</html>
]
[2023-10-14 20:41:49]: http://ht.lapepe.cc/index/index/order [<html>
<head><title>301 Moved Permanently</title></head>
<body>
<center><h1>301 Moved Permanently</h1></center>
<hr><center>nginx</center>
</body>
</html>
]
[2023-10-14 20:41:49]: http://ht.lapepe.cc/index/index/order [<html>
<head><title>301 Moved Permanently</title></head>
<body>
<center><h1>301 Moved Permanently</h1></center>
<hr><center>nginx</center>
</body>
</html>
]
[2023-10-14 20:41:49]: http://ht.lapepe.cc/index/index/order [<html>
<head><title>301 Moved Permanently</title></head>
<body>
<center><h1>301 Moved Permanently</h1></center>
<hr><center>nginx</center>
</body>
</html>
]
[2023-10-14 20:41:50]: http://ht.lapepe.cc/index/index/order [<html>
<head><title>301 Moved Permanently</title></head>
<body>
<center><h1>301 Moved Permanently</h1></center>
<hr><center>nginx</center>
</body>
</html>
]
[2023-10-14 20:41:50]: http://ht.lapepe.cc/index/index/order [<html>
<head><title>301 Moved Permanently</title></head>
<body>
<center><h1>301 Moved Permanently</h1></center>
<hr><center>nginx</center>
</body>
</html>
]
[2023-10-14 20:41:50]: http://ht.lapepe.cc/index/index/order [<html>
<head><title>301 Moved Permanently</title></head>
<body>
<center><h1>301 Moved Permanently</h1></center>
<hr><center>nginx</center>
</body>
</html>
]
[2023-10-14 20:41:50]: http://ht.lapepe.cc/index/index/order [<html>
<head><title>301 Moved Permanently</title></head>
<body>
<center><h1>301 Moved Permanently</h1></center>
<hr><center>nginx</center>
</body>
</html>
]
[2023-10-14 20:41:50]: http://ht.lapepe.cc/index/index/order [<html>
<head><title>301 Moved Permanently</title></head>
<body>
<center><h1>301 Moved Permanently</h1></center>
<hr><center>nginx</center>
</body>
</html>
]
[2023-10-14 20:41:51]: http://ht.lapepe.cc/index/index/order [<html>
<head><title>301 Moved Permanently</title></head>
<body>
<center><h1>301 Moved Permanently</h1></center>
<hr><center>nginx</center>
</body>
</html>
]
[2023-10-14 20:41:51]: http://ht.lapepe.cc/index/index/order [<html>
<head><title>301 Moved Permanently</title></head>
<body>
<center><h1>301 Moved Permanently</h1></center>
<hr><center>nginx</center>
</body>
</html>
]
[2023-10-14 20:41:51]: http://ht.lapepe.cc/index/index/order [<html>
<head><title>301 Moved Permanently</title></head>
<body>
<center><h1>301 Moved Permanently</h1></center>
<hr><center>nginx</center>
</body>
</html>
]
[2023-10-14 20:41:51]: http://ht.lapepe.cc/index/index/order [<html>
<head><title>301 Moved Permanently</title></head>
<body>
<center><h1>301 Moved Permanently</h1></center>
<hr><center>nginx</center>
</body>
</html>
]
[2023-10-14 20:41:51]: http://ht.lapepe.cc/index/index/order [<html>
<head><title>301 Moved Permanently</title></head>
<body>
<center><h1>301 Moved Permanently</h1></center>
<hr><center>nginx</center>
</body>
</html>
]
[2023-10-14 20:41:52]: http://ht.lapepe.cc/index/index/order [<html>
<head><title>301 Moved Permanently</title></head>
<body>
<center><h1>301 Moved Permanently</h1></center>
<hr><center>nginx</center>
</body>
</html>
]
[2023-10-14 20:41:52]: http://ht.lapepe.cc/index/index/order [<html>
<head><title>301 Moved Permanently</title></head>
<body>
<center><h1>301 Moved Permanently</h1></center>
<hr><center>nginx</center>
</body>
</html>
]
[2023-10-14 20:41:52]: http://ht.lapepe.cc/index/index/order [<html>
<head><title>301 Moved Permanently</title></head>
<body>
<center><h1>301 Moved Permanently</h1></center>
<hr><center>nginx</center>
</body>
</html>
]
[2023-10-14 20:41:52]: http://ht.lapepe.cc/index/index/order [<html>
<head><title>301 Moved Permanently</title></head>
<body>
<center><h1>301 Moved Permanently</h1></center>
<hr><center>nginx</center>
</body>
</html>
]
[2023-10-14 20:41:52]: http://ht.lapepe.cc/index/index/order [<html>
<head><title>301 Moved Permanently</title></head>
<body>
<center><h1>301 Moved Permanently</h1></center>
<hr><center>nginx</center>
</body>
</html>
]
[2023-10-14 20:41:53]: http://ht.lapepe.cc/index/index/order [<html>
<head><title>301 Moved Permanently</title></head>
<body>
<center><h1>301 Moved Permanently</h1></center>
<hr><center>nginx</center>
</body>
</html>
]
[2023-10-14 20:41:53]: http://ht.lapepe.cc/index/index/order [<html>
<head><title>301 Moved Permanently</title></head>
<body>
<center><h1>301 Moved Permanently</h1></center>
<hr><center>nginx</center>
</body>
</html>
]
[2023-10-14 20:41:53]: http://ht.lapepe.cc/index/index/order [<html>
<head><title>301 Moved Permanently</title></head>
<body>
<center><h1>301 Moved Permanently</h1></center>
<hr><center>nginx</center>
</body>
</html>
]
[2023-10-14 20:41:53]: http://ht.lapepe.cc/index/index/order [<html>
<head><title>301 Moved Permanently</title></head>
<body>
<center><h1>301 Moved Permanently</h1></center>
<hr><center>nginx</center>
</body>
</html>
]
[2023-10-14 20:41:53]: http://ht.lapepe.cc/index/index/order [<html>
<head><title>301 Moved Permanently</title></head>
<body>
<center><h1>301 Moved Permanently</h1></center>
<hr><center>nginx</center>
</body>
</html>
]
[2023-10-14 20:41:54]: http://ht.lapepe.cc/index/index/order [<html>
<head><title>301 Moved Permanently</title></head>
<body>
<center><h1>301 Moved Permanently</h1></center>
<hr><center>nginx</center>
</body>
</html>
]
[2023-10-14 20:41:54]: http://ht.lapepe.cc/index/index/order [<html>
<head><title>301 Moved Permanently</title></head>
<body>
<center><h1>301 Moved Permanently</h1></center>
<hr><center>nginx</center>
</body>
</html>
]
[2023-10-14 20:41:54]: http://ht.lapepe.cc/index/index/order [<html>
<head><title>301 Moved Permanently</title></head>
<body>
<center><h1>301 Moved Permanently</h1></center>
<hr><center>nginx</center>
</body>
</html>
]
[2023-10-14 20:41:54]: http://ht.lapepe.cc/index/index/order [<html>
<head><title>301 Moved Permanently</title></head>
<body>
<center><h1>301 Moved Permanently</h1></center>
<hr><center>nginx</center>
</body>
</html>
]
[2023-10-14 20:41:54]: http://ht.lapepe.cc/index/index/order [<html>
<head><title>301 Moved Permanently</title></head>
<body>
<center><h1>301 Moved Permanently</h1></center>
<hr><center>nginx</center>
</body>
</html>
]
[2023-10-14 20:41:55]: http://ht.lapepe.cc/index/index/order [<html>
<head><title>301 Moved Permanently</title></head>
<body>
<center><h1>301 Moved Permanently</h1></center>
<hr><center>nginx</center>
</body>
</html>
]
[2023-10-14 20:41:55]: http://ht.lapepe.cc/index/index/order [<html>
<head><title>301 Moved Permanently</title></head>
<body>
<center><h1>301 Moved Permanently</h1></center>
<hr><center>nginx</center>
</body>
</html>
]
[2023-10-14 20:41:55]: http://ht.lapepe.cc/index/index/order [<html>
<head><title>301 Moved Permanently</title></head>
<body>
<center><h1>301 Moved Permanently</h1></center>
<hr><center>nginx</center>
</body>
</html>
]
[2023-10-14 20:41:55]: http://ht.lapepe.cc/index/index/order [<html>
<head><title>301 Moved Permanently</title></head>
<body>
<center><h1>301 Moved Permanently</h1></center>
<hr><center>nginx</center>
</body>
</html>
]
[2023-10-14 20:41:56]: http://ht.lapepe.cc/index/index/order [<html>
<head><title>301 Moved Permanently</title></head>
<body>
<center><h1>301 Moved Permanently</h1></center>
<hr><center>nginx</center>
</body>
</html>
]
[2023-10-14 20:41:56]: http://ht.lapepe.cc/index/index/order [<html>
<head><title>301 Moved Permanently</title></head>
<body>
<center><h1>301 Moved Permanently</h1></center>
<hr><center>nginx</center>
</body>
</html>
]
[2023-10-14 20:41:56]: http://ht.lapepe.cc/index/index/order [<html>
<head><title>301 Moved Permanently</title></head>
<body>
<center><h1>301 Moved Permanently</h1></center>
<hr><center>nginx</center>
</body>
</html>
]
[2023-10-14 20:41:56]: http://ht.lapepe.cc/index/index/order [<html>
<head><title>301 Moved Permanently</title></head>
<body>
<center><h1>301 Moved Permanently</h1></center>
<hr><center>nginx</center>
</body>
</html>
]
[2023-10-14 20:41:56]: http://ht.lapepe.cc/index/index/order [<html>
<head><title>301 Moved Permanently</title></head>
<body>
<center><h1>301 Moved Permanently</h1></center>
<hr><center>nginx</center>
</body>
</html>
]
[2023-10-14 20:41:57]: http://ht.lapepe.cc/index/index/order [<html>
<head><title>301 Moved Permanently</title></head>
<body>
<center><h1>301 Moved Permanently</h1></center>
<hr><center>nginx</center>
</body>
</html>
]
